[ 2017-11-15T13:30:55+08:00 ] 127.0.0.1 /
INFO: [ app_init ] --START--
INFO: Run Behavior\BuildLiteBehavior [ RunTime:0.000000s ]
INFO: [ app_init ] --END-- [ RunTime:0.005859s ]
INFO: [ app_begin ] --START--
INFO: Run Behavior\ReadHtmlCacheBehavior [ RunTime:0.009766s ]
INFO: [ app_begin ] --END-- [ RunTime:0.009766s ]
SQL: SHOW COLUMNS FROM `conf` [ RunTime:0.0049s ]
NOTIC: [2] Missing argument 1 for Think\Model::where(), called in C:\Users\Administrator\Desktop\jwx\jwx\Home\Controller\IndexController.class.php on line 7 and defined C:\Users\Administrator\Desktop\jwx\ThinkPHP\Library\Think\Model.class.php 第 1797 行.
NOTIC: [8] Undefined variable: where C:\Users\Administrator\Desktop\jwx\ThinkPHP\Library\Think\Model.class.php 第 1805 行.
NOTIC: [8] Undefined variable: where C:\Users\Administrator\Desktop\jwx\ThinkPHP\Library\Think\Model.class.php 第 1808 行.
NOTIC: [8] Undefined variable: where C:\Users\Administrator\Desktop\jwx\ThinkPHP\Library\Think\Model.class.php 第 1816 行.
SQL: SELECT `zrrz`,`qq`,`tel`,`ljrz`,`zrjy`,`ljrzfw`,`jrjy` FROM `conf`  [ RunTime:0.0000s ]
SQL: SHOW COLUMNS FROM `taobao` [ RunTime:0.0049s ]
NOTIC: [2] Missing argument 1 for Think\Model::where(), called in C:\Users\Administrator\Desktop\jwx\jwx\Home\Controller\IndexController.class.php on line 9 and defined C:\Users\Administrator\Desktop\jwx\ThinkPHP\Library\Think\Model.class.php 第 1797 行.
NOTIC: [8] Undefined variable: where C:\Users\Administrator\Desktop\jwx\ThinkPHP\Library\Think\Model.class.php 第 1805 行.
NOTIC: [8] Undefined variable: where C:\Users\Administrator\Desktop\jwx\ThinkPHP\Library\Think\Model.class.php 第 1808 行.
NOTIC: [8] Undefined variable: where C:\Users\Administrator\Desktop\jwx\ThinkPHP\Library\Think\Model.class.php 第 1816 行.
SQL: SELECT * FROM `taobao` LIMIT 0,6   [ RunTime:0.0000s ]
SQL: SHOW COLUMNS FROM `remen` [ RunTime:0.0029s ]
NOTIC: [2] Missing argument 1 for Think\Model::where(), called in C:\Users\Administrator\Desktop\jwx\jwx\Home\Controller\IndexController.class.php on line 11 and defined C:\Users\Administrator\Desktop\jwx\ThinkPHP\Library\Think\Model.class.php 第 1797 行.
NOTIC: [8] Undefined variable: where C:\Users\Administrator\Desktop\jwx\ThinkPHP\Library\Think\Model.class.php 第 1805 行.
NOTIC: [8] Undefined variable: where C:\Users\Administrator\Desktop\jwx\ThinkPHP\Library\Think\Model.class.php 第 1808 行.
NOTIC: [8] Undefined variable: where C:\Users\Administrator\Desktop\jwx\ThinkPHP\Library\Think\Model.class.php 第 1816 行.
SQL: SELECT * FROM `remen` LIMIT 0,6   [ RunTime:0.0000s ]
SQL: SHOW COLUMNS FROM `news` [ RunTime:0.0039s ]
NOTIC: [2] Missing argument 1 for Think\Model::where(), called in C:\Users\Administrator\Desktop\jwx\jwx\Home\Controller\IndexController.class.php on line 13 and defined C:\Users\Administrator\Desktop\jwx\ThinkPHP\Library\Think\Model.class.php 第 1797 行.
NOTIC: [8] Undefined variable: where C:\Users\Administrator\Desktop\jwx\ThinkPHP\Library\Think\Model.class.php 第 1805 行.
NOTIC: [8] Undefined variable: where C:\Users\Administrator\Desktop\jwx\ThinkPHP\Library\Think\Model.class.php 第 1808 行.
NOTIC: [8] Undefined variable: where C:\Users\Administrator\Desktop\jwx\ThinkPHP\Library\Think\Model.class.php 第 1816 行.
SQL: SELECT * FROM `news` LIMIT 0,6   [ RunTime:0.0010s ]
SQL: SHOW COLUMNS FROM `user_say` [ RunTime:0.0029s ]
NOTIC: [2] Missing argument 1 for Think\Model::where(), called in C:\Users\Administrator\Desktop\jwx\jwx\Home\Controller\IndexController.class.php on line 15 and defined C:\Users\Administrator\Desktop\jwx\ThinkPHP\Library\Think\Model.class.php 第 1797 行.
NOTIC: [8] Undefined variable: where C:\Users\Administrator\Desktop\jwx\ThinkPHP\Library\Think\Model.class.php 第 1805 行.
NOTIC: [8] Undefined variable: where C:\Users\Administrator\Desktop\jwx\ThinkPHP\Library\Think\Model.class.php 第 1808 行.
NOTIC: [8] Undefined variable: where C:\Users\Administrator\Desktop\jwx\ThinkPHP\Library\Think\Model.class.php 第 1816 行.
SQL: SELECT * FROM `user_say`  [ RunTime:0.0010s ]
INFO: [ view_parse ] --START--
INFO: [ template_filter ] --START--
INFO: Run Behavior\ContentReplaceBehavior [ RunTime:0.000976s ]
INFO: [ template_filter ] --END-- [ RunTime:0.000976s ]
NOTIC: [8] Undefined index: ljjy C:\Users\Administrator\Desktop\jwx\jwx\Runtime\Cache\Home\98fa3081af27f25fb76692bbdf0f1034.php 第 196 行.
INFO: Run Behavior\ParseTemplateBehavior [ RunTime:0.131836s ]
INFO: [ view_parse ] --END-- [ RunTime:0.131836s ]
INFO: [ view_filter ] --START--
INFO: Run Behavior\WriteHtmlCacheBehavior [ RunTime:0.009765s ]
INFO: [ view_filter ] --END-- [ RunTime:0.009765s ]
INFO: [ app_end ] --START--
INFO: Run Behavior\ShowPageTraceBehavior [ RunTime:0.009765s ]
INFO: [ app_end ] --END-- [ RunTime:0.009765s ]

[ 2017-11-15T13:31:05+08:00 ] 127.0.0.1 /index.php/Home/index/meigong.html
INFO: [ app_init ] --START--
INFO: Run Behavior\BuildLiteBehavior [ RunTime:0.000000s ]
INFO: [ app_init ] --END-- [ RunTime:0.005859s ]
INFO: [ app_begin ] --START--
INFO: Run Behavior\ReadHtmlCacheBehavior [ RunTime:0.008789s ]
INFO: [ app_begin ] --END-- [ RunTime:0.008789s ]
INFO: [ view_parse ] --START--
INFO: [ template_filter ] --START--
INFO: Run Behavior\ContentReplaceBehavior [ RunTime:0.000000s ]
INFO: [ template_filter ] --END-- [ RunTime:0.000000s ]
INFO: Run Behavior\ParseTemplateBehavior [ RunTime:0.067382s ]
INFO: [ view_parse ] --END-- [ RunTime:0.067382s ]
INFO: [ view_filter ] --START--
INFO: Run Behavior\WriteHtmlCacheBehavior [ RunTime:0.009766s ]
INFO: [ view_filter ] --END-- [ RunTime:0.009766s ]
INFO: [ app_end ] --START--
INFO: Run Behavior\ShowPageTraceBehavior [ RunTime:0.009766s ]
INFO: [ app_end ] --END-- [ RunTime:0.009766s ]

[ 2017-11-15T13:31:09+08:00 ] 127.0.0.1 /index.php/Home/index/news.html
INFO: [ app_init ] --START--
INFO: Run Behavior\BuildLiteBehavior [ RunTime:0.000000s ]
INFO: [ app_init ] --END-- [ RunTime:0.004883s ]
INFO: [ app_begin ] --START--
INFO: Run Behavior\ReadHtmlCacheBehavior [ RunTime:0.009766s ]
INFO: [ app_begin ] --END-- [ RunTime:0.009766s ]
SQL: SHOW COLUMNS FROM `news` [ RunTime:0.0049s ]
NOTIC: [2] Missing argument 1 for Think\Model::where(), called in C:\Users\Administrator\Desktop\jwx\jwx\Home\Controller\IndexController.class.php on line 68 and defined C:\Users\Administrator\Desktop\jwx\ThinkPHP\Library\Think\Model.class.php 第 1797 行.
NOTIC: [8] Undefined variable: where C:\Users\Administrator\Desktop\jwx\ThinkPHP\Library\Think\Model.class.php 第 1805 行.
NOTIC: [8] Undefined variable: where C:\Users\Administrator\Desktop\jwx\ThinkPHP\Library\Think\Model.class.php 第 1808 行.
NOTIC: [8] Undefined variable: where C:\Users\Administrator\Desktop\jwx\ThinkPHP\Library\Think\Model.class.php 第 1816 行.
SQL: SELECT COUNT(*) AS tp_count FROM `news` LIMIT 1   [ RunTime:0.0010s ]
NOTIC: [2] Missing argument 1 for Think\Model::where(), called in C:\Users\Administrator\Desktop\jwx\jwx\Home\Controller\IndexController.class.php on line 72 and defined C:\Users\Administrator\Desktop\jwx\ThinkPHP\Library\Think\Model.class.php 第 1797 行.
NOTIC: [8] Undefined variable: where C:\Users\Administrator\Desktop\jwx\ThinkPHP\Library\Think\Model.class.php 第 1805 行.
NOTIC: [8] Undefined variable: where C:\Users\Administrator\Desktop\jwx\ThinkPHP\Library\Think\Model.class.php 第 1808 行.
NOTIC: [8] Undefined variable: where C:\Users\Administrator\Desktop\jwx\ThinkPHP\Library\Think\Model.class.php 第 1816 行.
SQL: SELECT * FROM `news` LIMIT 0,4   [ RunTime:0.0156s ]
INFO: [ view_parse ] --START--
INFO: [ template_filter ] --START--
INFO: Run Behavior\ContentReplaceBehavior [ RunTime:0.000000s ]
INFO: [ template_filter ] --END-- [ RunTime:0.000000s ]
INFO: Run Behavior\ParseTemplateBehavior [ RunTime:0.070313s ]
INFO: [ view_parse ] --END-- [ RunTime:0.070313s ]
INFO: [ view_filter ] --START--
INFO: Run Behavior\WriteHtmlCacheBehavior [ RunTime:0.008789s ]
INFO: [ view_filter ] --END-- [ RunTime:0.008789s ]
INFO: [ app_end ] --START--
INFO: Run Behavior\ShowPageTraceBehavior [ RunTime:0.009765s ]
INFO: [ app_end ] --END-- [ RunTime:0.009765s ]

[ 2017-11-15T14:14:40+08:00 ] 127.0.0.1 /
INFO: [ app_init ] --START--
INFO: Run Behavior\BuildLiteBehavior [ RunTime:0.000000s ]
INFO: [ app_init ] --END-- [ RunTime:0.005860s ]
INFO: [ app_begin ] --START--
INFO: Run Behavior\ReadHtmlCacheBehavior [ RunTime:0.009766s ]
INFO: [ app_begin ] --END-- [ RunTime:0.009766s ]
SQL: SHOW COLUMNS FROM `conf` [ RunTime:0.0039s ]
NOTIC: [2] Missing argument 1 for Think\Model::where(), called in C:\Users\Administrator\Desktop\wangxin\wangxin\Home\Controller\IndexController.class.php on line 7 and defined C:\Users\Administrator\Desktop\wangxin\ThinkPHP\Library\Think\Model.class.php 第 1797 行.
NOTIC: [8] Undefined variable: where C:\Users\Administrator\Desktop\wangxin\ThinkPHP\Library\Think\Model.class.php 第 1805 行.
NOTIC: [8] Undefined variable: where C:\Users\Administrator\Desktop\wangxin\ThinkPHP\Library\Think\Model.class.php 第 1808 行.
NOTIC: [8] Undefined variable: where C:\Users\Administrator\Desktop\wangxin\ThinkPHP\Library\Think\Model.class.php 第 1816 行.
SQL: SELECT `zrrz`,`qq`,`tel`,`ljrz`,`zrjy`,`ljrzfw`,`jrjy` FROM `conf`  [ RunTime:0.0010s ]
SQL: SHOW COLUMNS FROM `taobao` [ RunTime:0.0029s ]
NOTIC: [2] Missing argument 1 for Think\Model::where(), called in C:\Users\Administrator\Desktop\wangxin\wangxin\Home\Controller\IndexController.class.php on line 9 and defined C:\Users\Administrator\Desktop\wangxin\ThinkPHP\Library\Think\Model.class.php 第 1797 行.
NOTIC: [8] Undefined variable: where C:\Users\Administrator\Desktop\wangxin\ThinkPHP\Library\Think\Model.class.php 第 1805 行.
NOTIC: [8] Undefined variable: where C:\Users\Administrator\Desktop\wangxin\ThinkPHP\Library\Think\Model.class.php 第 1808 行.
NOTIC: [8] Undefined variable: where C:\Users\Administrator\Desktop\wangxin\ThinkPHP\Library\Think\Model.class.php 第 1816 行.
SQL: SELECT * FROM `taobao` LIMIT 0,6   [ RunTime:0.0000s ]
SQL: SHOW COLUMNS FROM `remen` [ RunTime:0.0039s ]
NOTIC: [2] Missing argument 1 for Think\Model::where(), called in C:\Users\Administrator\Desktop\wangxin\wangxin\Home\Controller\IndexController.class.php on line 11 and defined C:\Users\Administrator\Desktop\wangxin\ThinkPHP\Library\Think\Model.class.php 第 1797 行.
NOTIC: [8] Undefined variable: where C:\Users\Administrator\Desktop\wangxin\ThinkPHP\Library\Think\Model.class.php 第 1805 行.
NOTIC: [8] Undefined variable: where C:\Users\Administrator\Desktop\wangxin\ThinkPHP\Library\Think\Model.class.php 第 1808 行.
NOTIC: [8] Undefined variable: where C:\Users\Administrator\Desktop\wangxin\ThinkPHP\Library\Think\Model.class.php 第 1816 行.
SQL: SELECT * FROM `remen` LIMIT 0,6   [ RunTime:0.0000s ]
SQL: SHOW COLUMNS FROM `news` [ RunTime:0.0039s ]
NOTIC: [2] Missing argument 1 for Think\Model::where(), called in C:\Users\Administrator\Desktop\wangxin\wangxin\Home\Controller\IndexController.class.php on line 13 and defined C:\Users\Administrator\Desktop\wangxin\ThinkPHP\Library\Think\Model.class.php 第 1797 行.
NOTIC: [8] Undefined variable: where C:\Users\Administrator\Desktop\wangxin\ThinkPHP\Library\Think\Model.class.php 第 1805 行.
NOTIC: [8] Undefined variable: where C:\Users\Administrator\Desktop\wangxin\ThinkPHP\Library\Think\Model.class.php 第 1808 行.
NOTIC: [8] Undefined variable: where C:\Users\Administrator\Desktop\wangxin\ThinkPHP\Library\Think\Model.class.php 第 1816 行.
SQL: SELECT * FROM `news` LIMIT 0,6   [ RunTime:0.0010s ]
SQL: SHOW COLUMNS FROM `user_say` [ RunTime:0.0039s ]
NOTIC: [2] Missing argument 1 for Think\Model::where(), called in C:\Users\Administrator\Desktop\wangxin\wangxin\Home\Controller\IndexController.class.php on line 15 and defined C:\Users\Administrator\Desktop\wangxin\ThinkPHP\Library\Think\Model.class.php 第 1797 行.
NOTIC: [8] Undefined variable: where C:\Users\Administrator\Desktop\wangxin\ThinkPHP\Library\Think\Model.class.php 第 1805 行.
NOTIC: [8] Undefined variable: where C:\Users\Administrator\Desktop\wangxin\ThinkPHP\Library\Think\Model.class.php 第 1808 行.
NOTIC: [8] Undefined variable: where C:\Users\Administrator\Desktop\wangxin\ThinkPHP\Library\Think\Model.class.php 第 1816 行.
SQL: SELECT * FROM `user_say`  [ RunTime:0.0000s ]
INFO: [ view_parse ] --START--
INFO: [ template_filter ] --START--
INFO: Run Behavior\ContentReplaceBehavior [ RunTime:0.000000s ]
INFO: [ template_filter ] --END-- [ RunTime:0.000000s ]
NOTIC: [8] Undefined index: ljjy C:\Users\Administrator\Desktop\wangxin\wangxin\Runtime\Cache\Home\eadcd4fcd076694cb5d8e1dfd4a1c08e.php 第 196 行.
INFO: Run Behavior\ParseTemplateBehavior [ RunTime:0.116211s ]
INFO: [ view_parse ] --END-- [ RunTime:0.116211s ]
INFO: [ view_filter ] --START--
INFO: Run Behavior\WriteHtmlCacheBehavior [ RunTime:0.015625s ]
INFO: [ view_filter ] --END-- [ RunTime:0.015625s ]
INFO: [ app_end ] --START--
INFO: Run Behavior\ShowPageTraceBehavior [ RunTime:0.009766s ]
INFO: [ app_end ] --END-- [ RunTime:0.009766s ]

[ 2017-11-15T14:18:33+08:00 ] 127.0.0.1 /
INFO: [ app_init ] --START--
INFO: Run Behavior\BuildLiteBehavior [ RunTime:0.000000s ]
INFO: [ app_init ] --END-- [ RunTime:0.000000s ]
INFO: [ app_begin ] --START--
INFO: Run Behavior\ReadHtmlCacheBehavior [ RunTime:0.004883s ]
INFO: [ app_begin ] --END-- [ RunTime:0.004883s ]
SQL: SHOW COLUMNS FROM `conf` [ RunTime:0.0039s ]
NOTIC: [2] Missing argument 1 for Think\Model::where(), called in C:\Users\Administrator\Desktop\wangxin\wangxin\Home\Controller\IndexController.class.php on line 7 and defined C:\Users\Administrator\Desktop\wangxin\ThinkPHP\Library\Think\Model.class.php 第 1797 行.
NOTIC: [8] Undefined variable: where C:\Users\Administrator\Desktop\wangxin\ThinkPHP\Library\Think\Model.class.php 第 1805 行.
NOTIC: [8] Undefined variable: where C:\Users\Administrator\Desktop\wangxin\ThinkPHP\Library\Think\Model.class.php 第 1808 行.
NOTIC: [8] Undefined variable: where C:\Users\Administrator\Desktop\wangxin\ThinkPHP\Library\Think\Model.class.php 第 1816 行.
SQL: SELECT `zrrz`,`qq`,`tel`,`ljrz`,`zrjy`,`ljrzfw`,`jrjy` FROM `conf`  [ RunTime:0.0000s ]
SQL: SHOW COLUMNS FROM `taobao` [ RunTime:0.0039s ]
NOTIC: [2] Missing argument 1 for Think\Model::where(), called in C:\Users\Administrator\Desktop\wangxin\wangxin\Home\Controller\IndexController.class.php on line 9 and defined C:\Users\Administrator\Desktop\wangxin\ThinkPHP\Library\Think\Model.class.php 第 1797 行.
NOTIC: [8] Undefined variable: where C:\Users\Administrator\Desktop\wangxin\ThinkPHP\Library\Think\Model.class.php 第 1805 行.
NOTIC: [8] Undefined variable: where C:\Users\Administrator\Desktop\wangxin\ThinkPHP\Library\Think\Model.class.php 第 1808 行.
NOTIC: [8] Undefined variable: where C:\Users\Administrator\Desktop\wangxin\ThinkPHP\Library\Think\Model.class.php 第 1816 行.
SQL: SELECT * FROM `taobao` LIMIT 0,6   [ RunTime:0.0010s ]
SQL: SHOW COLUMNS FROM `remen` [ RunTime:0.0039s ]
NOTIC: [2] Missing argument 1 for Think\Model::where(), called in C:\Users\Administrator\Desktop\wangxin\wangxin\Home\Controller\IndexController.class.php on line 11 and defined C:\Users\Administrator\Desktop\wangxin\ThinkPHP\Library\Think\Model.class.php 第 1797 行.
NOTIC: [8] Undefined variable: where C:\Users\Administrator\Desktop\wangxin\ThinkPHP\Library\Think\Model.class.php 第 1805 行.
NOTIC: [8] Undefined variable: where C:\Users\Administrator\Desktop\wangxin\ThinkPHP\Library\Think\Model.class.php 第 1808 行.
NOTIC: [8] Undefined variable: where C:\Users\Administrator\Desktop\wangxin\ThinkPHP\Library\Think\Model.class.php 第 1816 行.
SQL: SELECT * FROM `remen` LIMIT 0,6   [ RunTime:0.0010s ]
SQL: SHOW COLUMNS FROM `news` [ RunTime:0.0039s ]
NOTIC: [2] Missing argument 1 for Think\Model::where(), called in C:\Users\Administrator\Desktop\wangxin\wangxin\Home\Controller\IndexController.class.php on line 13 and defined C:\Users\Administrator\Desktop\wangxin\ThinkPHP\Library\Think\Model.class.php 第 1797 行.
NOTIC: [8] Undefined variable: where C:\Users\Administrator\Desktop\wangxin\ThinkPHP\Library\Think\Model.class.php 第 1805 行.
NOTIC: [8] Undefined variable: where C:\Users\Administrator\Desktop\wangxin\ThinkPHP\Library\Think\Model.class.php 第 1808 行.
NOTIC: [8] Undefined variable: where C:\Users\Administrator\Desktop\wangxin\ThinkPHP\Library\Think\Model.class.php 第 1816 行.
SQL: SELECT * FROM `news` LIMIT 0,6   [ RunTime:0.0010s ]
SQL: SHOW COLUMNS FROM `user_say` [ RunTime:0.0039s ]
NOTIC: [2] Missing argument 1 for Think\Model::where(), called in C:\Users\Administrator\Desktop\wangxin\wangxin\Home\Controller\IndexController.class.php on line 15 and defined C:\Users\Administrator\Desktop\wangxin\ThinkPHP\Library\Think\Model.class.php 第 1797 行.
NOTIC: [8] Undefined variable: where C:\Users\Administrator\Desktop\wangxin\ThinkPHP\Library\Think\Model.class.php 第 1805 行.
NOTIC: [8] Undefined variable: where C:\Users\Administrator\Desktop\wangxin\ThinkPHP\Library\Think\Model.class.php 第 1808 行.
NOTIC: [8] Undefined variable: where C:\Users\Administrator\Desktop\wangxin\ThinkPHP\Library\Think\Model.class.php 第 1816 行.
SQL: SELECT * FROM `user_say`  [ RunTime:0.0000s ]
INFO: [ view_parse ] --START--
INFO: [ template_filter ] --START--
INFO: Run Behavior\ContentReplaceBehavior [ RunTime:0.000976s ]
INFO: [ template_filter ] --END-- [ RunTime:0.000976s ]
NOTIC: [8] Undefined index: ljjy C:\Users\Administrator\Desktop\wangxin\wangxin\Runtime\Cache\Home\eadcd4fcd076694cb5d8e1dfd4a1c08e.php 第 196 行.
INFO: Run Behavior\ParseTemplateBehavior [ RunTime:0.080078s ]
INFO: [ view_parse ] --END-- [ RunTime:0.080078s ]
INFO: [ view_filter ] --START--
INFO: Run Behavior\WriteHtmlCacheBehavior [ RunTime:0.009766s ]
INFO: [ view_filter ] --END-- [ RunTime:0.009766s ]
INFO: [ app_end ] --START--
INFO: Run Behavior\ShowPageTraceBehavior [ RunTime:0.008789s ]
INFO: [ app_end ] --END-- [ RunTime:0.009765s ]

[ 2017-11-15T14:19:01+08:00 ] 127.0.0.1 /
INFO: [ app_init ] --START--
INFO: Run Behavior\BuildLiteBehavior [ RunTime:0.000000s ]
INFO: [ app_init ] --END-- [ RunTime:0.000000s ]
INFO: [ app_begin ] --START--
INFO: Run Behavior\ReadHtmlCacheBehavior [ RunTime:0.003906s ]
INFO: [ app_begin ] --END-- [ RunTime:0.003906s ]
SQL: SHOW COLUMNS FROM `conf` [ RunTime:0.0049s ]
NOTIC: [2] Missing argument 1 for Think\Model::where(), called in C:\Users\Administrator\Desktop\wangxin\wangxin\Home\Controller\IndexController.class.php on line 7 and defined C:\Users\Administrator\Desktop\wangxin\ThinkPHP\Library\Think\Model.class.php 第 1797 行.
NOTIC: [8] Undefined variable: where C:\Users\Administrator\Desktop\wangxin\ThinkPHP\Library\Think\Model.class.php 第 1805 行.
NOTIC: [8] Undefined variable: where C:\Users\Administrator\Desktop\wangxin\ThinkPHP\Library\Think\Model.class.php 第 1808 行.
NOTIC: [8] Undefined variable: where C:\Users\Administrator\Desktop\wangxin\ThinkPHP\Library\Think\Model.class.php 第 1816 行.
SQL: SELECT `zrrz`,`qq`,`tel`,`ljrz`,`zrjy`,`ljrzfw`,`jrjy` FROM `conf`  [ RunTime:0.0010s ]
SQL: SHOW COLUMNS FROM `taobao` [ RunTime:0.0039s ]
NOTIC: [2] Missing argument 1 for Think\Model::where(), called in C:\Users\Administrator\Desktop\wangxin\wangxin\Home\Controller\IndexController.class.php on line 9 and defined C:\Users\Administrator\Desktop\wangxin\ThinkPHP\Library\Think\Model.class.php 第 1797 行.
NOTIC: [8] Undefined variable: where C:\Users\Administrator\Desktop\wangxin\ThinkPHP\Library\Think\Model.class.php 第 1805 行.
NOTIC: [8] Undefined variable: where C:\Users\Administrator\Desktop\wangxin\ThinkPHP\Library\Think\Model.class.php 第 1808 行.
NOTIC: [8] Undefined variable: where C:\Users\Administrator\Desktop\wangxin\ThinkPHP\Library\Think\Model.class.php 第 1816 行.
SQL: SELECT * FROM `taobao` LIMIT 0,6   [ RunTime:0.0010s ]
SQL: SHOW COLUMNS FROM `remen` [ RunTime:0.0039s ]
NOTIC: [2] Missing argument 1 for Think\Model::where(), called in C:\Users\Administrator\Desktop\wangxin\wangxin\Home\Controller\IndexController.class.php on line 11 and defined C:\Users\Administrator\Desktop\wangxin\ThinkPHP\Library\Think\Model.class.php 第 1797 行.
NOTIC: [8] Undefined variable: where C:\Users\Administrator\Desktop\wangxin\ThinkPHP\Library\Think\Model.class.php 第 1805 行.
NOTIC: [8] Undefined variable: where C:\Users\Administrator\Desktop\wangxin\ThinkPHP\Library\Think\Model.class.php 第 1808 行.
NOTIC: [8] Undefined variable: where C:\Users\Administrator\Desktop\wangxin\ThinkPHP\Library\Think\Model.class.php 第 1816 行.
SQL: SELECT * FROM `remen` LIMIT 0,6   [ RunTime:0.0000s ]
SQL: SHOW COLUMNS FROM `news` [ RunTime:0.0049s ]
NOTIC: [2] Missing argument 1 for Think\Model::where(), called in C:\Users\Administrator\Desktop\wangxin\wangxin\Home\Controller\IndexController.class.php on line 13 and defined C:\Users\Administrator\Desktop\wangxin\ThinkPHP\Library\Think\Model.class.php 第 1797 行.
NOTIC: [8] Undefined variable: where C:\Users\Administrator\Desktop\wangxin\ThinkPHP\Library\Think\Model.class.php 第 1805 行.
NOTIC: [8] Undefined variable: where C:\Users\Administrator\Desktop\wangxin\ThinkPHP\Library\Think\Model.class.php 第 1808 行.
NOTIC: [8] Undefined variable: where C:\Users\Administrator\Desktop\wangxin\ThinkPHP\Library\Think\Model.class.php 第 1816 行.
SQL: SELECT * FROM `news` LIMIT 0,6   [ RunTime:0.0010s ]
SQL: SHOW COLUMNS FROM `user_say` [ RunTime:0.0039s ]
NOTIC: [2] Missing argument 1 for Think\Model::where(), called in C:\Users\Administrator\Desktop\wangxin\wangxin\Home\Controller\IndexController.class.php on line 15 and defined C:\Users\Administrator\Desktop\wangxin\ThinkPHP\Library\Think\Model.class.php 第 1797 行.
NOTIC: [8] Undefined variable: where C:\Users\Administrator\Desktop\wangxin\ThinkPHP\Library\Think\Model.class.php 第 1805 行.
NOTIC: [8] Undefined variable: where C:\Users\Administrator\Desktop\wangxin\ThinkPHP\Library\Think\Model.class.php 第 1808 行.
NOTIC: [8] Undefined variable: where C:\Users\Administrator\Desktop\wangxin\ThinkPHP\Library\Think\Model.class.php 第 1816 行.
SQL: SELECT * FROM `user_say`  [ RunTime:0.0010s ]
INFO: [ view_parse ] --START--
INFO: [ template_filter ] --START--
INFO: Run Behavior\ContentReplaceBehavior [ RunTime:0.000000s ]
INFO: [ template_filter ] --END-- [ RunTime:0.000000s ]
NOTIC: [8] Undefined index: ljjy C:\Users\Administrator\Desktop\wangxin\wangxin\Runtime\Cache\Home\eadcd4fcd076694cb5d8e1dfd4a1c08e.php 第 196 行.
INFO: Run Behavior\ParseTemplateBehavior [ RunTime:0.075195s ]
INFO: [ view_parse ] --END-- [ RunTime:0.075195s ]
INFO: [ view_filter ] --START--
INFO: Run Behavior\WriteHtmlCacheBehavior [ RunTime:0.008789s ]
INFO: [ view_filter ] --END-- [ RunTime:0.008789s ]
INFO: [ app_end ] --START--
INFO: Run Behavior\ShowPageTraceBehavior [ RunTime:0.008789s ]
INFO: [ app_end ] --END-- [ RunTime:0.008789s ]

[ 2017-11-15T14:21:53+08:00 ] 127.0.0.1 /
INFO: [ app_init ] --START--
INFO: Run Behavior\BuildLiteBehavior [ RunTime:0.000000s ]
INFO: [ app_init ] --END-- [ RunTime:0.004882s ]
INFO: [ app_begin ] --START--
INFO: Run Behavior\ReadHtmlCacheBehavior [ RunTime:0.009766s ]
INFO: [ app_begin ] --END-- [ RunTime:0.009766s ]
SQL: SHOW COLUMNS FROM `conf` [ RunTime:0.0039s ]
NOTIC: [2] Missing argument 1 for Think\Model::where(), called in C:\Users\Administrator\Desktop\wangxin\wangxin\Home\Controller\IndexController.class.php on line 7 and defined C:\Users\Administrator\Desktop\wangxin\ThinkPHP\Library\Think\Model.class.php 第 1797 行.
NOTIC: [8] Undefined variable: where C:\Users\Administrator\Desktop\wangxin\ThinkPHP\Library\Think\Model.class.php 第 1805 行.
NOTIC: [8] Undefined variable: where C:\Users\Administrator\Desktop\wangxin\ThinkPHP\Library\Think\Model.class.php 第 1808 行.
NOTIC: [8] Undefined variable: where C:\Users\Administrator\Desktop\wangxin\ThinkPHP\Library\Think\Model.class.php 第 1816 行.
SQL: SELECT `zrrz`,`qq`,`tel`,`ljrz`,`zrjy`,`ljrzfw`,`jrjy` FROM `conf`  [ RunTime:0.0000s ]
SQL: SHOW COLUMNS FROM `taobao` [ RunTime:0.0039s ]
NOTIC: [2] Missing argument 1 for Think\Model::where(), called in C:\Users\Administrator\Desktop\wangxin\wangxin\Home\Controller\IndexController.class.php on line 9 and defined C:\Users\Administrator\Desktop\wangxin\ThinkPHP\Library\Think\Model.class.php 第 1797 行.
NOTIC: [8] Undefined variable: where C:\Users\Administrator\Desktop\wangxin\ThinkPHP\Library\Think\Model.class.php 第 1805 行.
NOTIC: [8] Undefined variable: where C:\Users\Administrator\Desktop\wangxin\ThinkPHP\Library\Think\Model.class.php 第 1808 行.
NOTIC: [8] Undefined variable: where C:\Users\Administrator\Desktop\wangxin\ThinkPHP\Library\Think\Model.class.php 第 1816 行.
SQL: SELECT * FROM `taobao` LIMIT 0,6   [ RunTime:0.0010s ]
SQL: SHOW COLUMNS FROM `remen` [ RunTime:0.0039s ]
NOTIC: [2] Missing argument 1 for Think\Model::where(), called in C:\Users\Administrator\Desktop\wangxin\wangxin\Home\Controller\IndexController.class.php on line 11 and defined C:\Users\Administrator\Desktop\wangxin\ThinkPHP\Library\Think\Model.class.php 第 1797 行.
NOTIC: [8] Undefined variable: where C:\Users\Administrator\Desktop\wangxin\ThinkPHP\Library\Think\Model.class.php 第 1805 行.
NOTIC: [8] Undefined variable: where C:\Users\Administrator\Desktop\wangxin\ThinkPHP\Library\Think\Model.class.php 第 1808 行.
NOTIC: [8] Undefined variable: where C:\Users\Administrator\Desktop\wangxin\ThinkPHP\Library\Think\Model.class.php 第 1816 行.
SQL: SELECT * FROM `remen` LIMIT 0,6   [ RunTime:0.0010s ]
SQL: SHOW COLUMNS FROM `news` [ RunTime:0.0039s ]
NOTIC: [2] Missing argument 1 for Think\Model::where(), called in C:\Users\Administrator\Desktop\wangxin\wangxin\Home\Controller\IndexController.class.php on line 13 and defined C:\Users\Administrator\Desktop\wangxin\ThinkPHP\Library\Think\Model.class.php 第 1797 行.
NOTIC: [8] Undefined variable: where C:\Users\Administrator\Desktop\wangxin\ThinkPHP\Library\Think\Model.class.php 第 1805 行.
NOTIC: [8] Undefined variable: where C:\Users\Administrator\Desktop\wangxin\ThinkPHP\Library\Think\Model.class.php 第 1808 行.
NOTIC: [8] Undefined variable: where C:\Users\Administrator\Desktop\wangxin\ThinkPHP\Library\Think\Model.class.php 第 1816 行.
SQL: SELECT * FROM `news` LIMIT 0,6   [ RunTime:0.0010s ]
SQL: SHOW COLUMNS FROM `user_say` [ RunTime:0.0039s ]
NOTIC: [2] Missing argument 1 for Think\Model::where(), called in C:\Users\Administrator\Desktop\wangxin\wangxin\Home\Controller\IndexController.class.php on line 15 and defined C:\Users\Administrator\Desktop\wangxin\ThinkPHP\Library\Think\Model.class.php 第 1797 行.
NOTIC: [8] Undefined variable: where C:\Users\Administrator\Desktop\wangxin\ThinkPHP\Library\Think\Model.class.php 第 1805 行.
NOTIC: [8] Undefined variable: where C:\Users\Administrator\Desktop\wangxin\ThinkPHP\Library\Think\Model.class.php 第 1808 行.
NOTIC: [8] Undefined variable: where C:\Users\Administrator\Desktop\wangxin\ThinkPHP\Library\Think\Model.class.php 第 1816 行.
SQL: SELECT * FROM `user_say`  [ RunTime:0.0010s ]
INFO: [ view_parse ] --START--
INFO: [ template_filter ] --START--
INFO: Run Behavior\ContentReplaceBehavior [ RunTime:0.000000s ]
INFO: [ template_filter ] --END-- [ RunTime:0.000000s ]
NOTIC: [8] Undefined index: ljjy C:\Users\Administrator\Desktop\wangxin\wangxin\Runtime\Cache\Home\eadcd4fcd076694cb5d8e1dfd4a1c08e.php 第 196 行.
INFO: Run Behavior\ParseTemplateBehavior [ RunTime:0.077148s ]
INFO: [ view_parse ] --END-- [ RunTime:0.077148s ]
INFO: [ view_filter ] --START--
INFO: Run Behavior\WriteHtmlCacheBehavior [ RunTime:0.010742s ]
INFO: [ view_filter ] --END-- [ RunTime:0.010742s ]
INFO: [ app_end ] --START--
INFO: Run Behavior\ShowPageTraceBehavior [ RunTime:0.009766s ]
INFO: [ app_end ] --END-- [ RunTime:0.009766s ]

[ 2017-11-15T14:36:51+08:00 ] 127.0.0.1 /
INFO: [ app_init ] --START--
INFO: Run Behavior\BuildLiteBehavior [ RunTime:0.000000s ]
INFO: [ app_init ] --END-- [ RunTime:0.000000s ]
INFO: [ app_begin ] --START--
INFO: Run Behavior\ReadHtmlCacheBehavior [ RunTime:0.004883s ]
INFO: [ app_begin ] --END-- [ RunTime:0.004883s ]
SQL: SHOW COLUMNS FROM `conf` [ RunTime:0.0049s ]
NOTIC: [2] Missing argument 1 for Think\Model::where(), called in C:\Users\Administrator\Desktop\wangxin\wangxin\Home\Controller\IndexController.class.php on line 7 and defined C:\Users\Administrator\Desktop\wangxin\ThinkPHP\Library\Think\Model.class.php 第 1797 行.
NOTIC: [8] Undefined variable: where C:\Users\Administrator\Desktop\wangxin\ThinkPHP\Library\Think\Model.class.php 第 1805 行.
NOTIC: [8] Undefined variable: where C:\Users\Administrator\Desktop\wangxin\ThinkPHP\Library\Think\Model.class.php 第 1808 行.
NOTIC: [8] Undefined variable: where C:\Users\Administrator\Desktop\wangxin\ThinkPHP\Library\Think\Model.class.php 第 1816 行.
SQL: SELECT `zrrz`,`qq`,`tel`,`ljrz`,`zrjy`,`ljrzfw`,`jrjy` FROM `conf`  [ RunTime:0.0000s ]
SQL: SHOW COLUMNS FROM `taobao` [ RunTime:0.0039s ]
NOTIC: [2] Missing argument 1 for Think\Model::where(), called in C:\Users\Administrator\Desktop\wangxin\wangxin\Home\Controller\IndexController.class.php on line 9 and defined C:\Users\Administrator\Desktop\wangxin\ThinkPHP\Library\Think\Model.class.php 第 1797 行.
NOTIC: [8] Undefined variable: where C:\Users\Administrator\Desktop\wangxin\ThinkPHP\Library\Think\Model.class.php 第 1805 行.
NOTIC: [8] Undefined variable: where C:\Users\Administrator\Desktop\wangxin\ThinkPHP\Library\Think\Model.class.php 第 1808 行.
NOTIC: [8] Undefined variable: where C:\Users\Administrator\Desktop\wangxin\ThinkPHP\Library\Think\Model.class.php 第 1816 行.
SQL: SELECT * FROM `taobao` LIMIT 0,6   [ RunTime:0.0000s ]
SQL: SHOW COLUMNS FROM `remen` [ RunTime:0.0029s ]
NOTIC: [2] Missing argument 1 for Think\Model::where(), called in C:\Users\Administrator\Desktop\wangxin\wangxin\Home\Controller\IndexController.class.php on line 11 and defined C:\Users\Administrator\Desktop\wangxin\ThinkPHP\Library\Think\Model.class.php 第 1797 行.
NOTIC: [8] Undefined variable: where C:\Users\Administrator\Desktop\wangxin\ThinkPHP\Library\Think\Model.class.php 第 1805 行.
NOTIC: [8] Undefined variable: where C:\Users\Administrator\Desktop\wangxin\ThinkPHP\Library\Think\Model.class.php 第 1808 行.
NOTIC: [8] Undefined variable: where C:\Users\Administrator\Desktop\wangxin\ThinkPHP\Library\Think\Model.class.php 第 1816 行.
SQL: SELECT * FROM `remen` LIMIT 0,6   [ RunTime:0.0000s ]
SQL: SHOW COLUMNS FROM `news` [ RunTime:0.0039s ]
NOTIC: [2] Missing argument 1 for Think\Model::where(), called in C:\Users\Administrator\Desktop\wangxin\wangxin\Home\Controller\IndexController.class.php on line 13 and defined C:\Users\Administrator\Desktop\wangxin\ThinkPHP\Library\Think\Model.class.php 第 1797 行.
NOTIC: [8] Undefined variable: where C:\Users\Administrator\Desktop\wangxin\ThinkPHP\Library\Think\Model.class.php 第 1805 行.
NOTIC: [8] Undefined variable: where C:\Users\Administrator\Desktop\wangxin\ThinkPHP\Library\Think\Model.class.php 第 1808 行.
NOTIC: [8] Undefined variable: where C:\Users\Administrator\Desktop\wangxin\ThinkPHP\Library\Think\Model.class.php 第 1816 行.
SQL: SELECT * FROM `news` LIMIT 0,6   [ RunTime:0.0010s ]
SQL: SHOW COLUMNS FROM `user_say` [ RunTime:0.0039s ]
NOTIC: [2] Missing argument 1 for Think\Model::where(), called in C:\Users\Administrator\Desktop\wangxin\wangxin\Home\Controller\IndexController.class.php on line 15 and defined C:\Users\Administrator\Desktop\wangxin\ThinkPHP\Library\Think\Model.class.php 第 1797 行.
NOTIC: [8] Undefined variable: where C:\Users\Administrator\Desktop\wangxin\ThinkPHP\Library\Think\Model.class.php 第 1805 行.
NOTIC: [8] Undefined variable: where C:\Users\Administrator\Desktop\wangxin\ThinkPHP\Library\Think\Model.class.php 第 1808 行.
NOTIC: [8] Undefined variable: where C:\Users\Administrator\Desktop\wangxin\ThinkPHP\Library\Think\Model.class.php 第 1816 行.
SQL: SELECT * FROM `user_say`  [ RunTime:0.0000s ]
INFO: [ view_parse ] --START--
INFO: [ template_filter ] --START--
INFO: Run Behavior\ContentReplaceBehavior [ RunTime:0.000000s ]
INFO: [ template_filter ] --END-- [ RunTime:0.000976s ]
NOTIC: [8] Undefined index: ljjy C:\Users\Administrator\Desktop\wangxin\wangxin\Runtime\Cache\Home\eadcd4fcd076694cb5d8e1dfd4a1c08e.php 第 196 行.
INFO: Run Behavior\ParseTemplateBehavior [ RunTime:0.049804s ]
INFO: [ view_parse ] --END-- [ RunTime:0.049804s ]
INFO: [ view_filter ] --START--
INFO: Run Behavior\WriteHtmlCacheBehavior [ RunTime:0.004883s ]
INFO: [ view_filter ] --END-- [ RunTime:0.004883s ]
INFO: [ app_end ] --START--
INFO: Run Behavior\ShowPageTraceBehavior [ RunTime:0.004883s ]
INFO: [ app_end ] --END-- [ RunTime:0.004883s ]

