[ 2017-11-20T15:41:05+08:00 ] 127.0.0.1 /
INFO: [ app_init ] --START--
INFO: Run Behavior\BuildLiteBehavior [ RunTime:0.000000s ]
INFO: [ app_init ] --END-- [ RunTime:0.000000s ]
INFO: [ app_begin ] --START--
INFO: Run Behavior\ReadHtmlCacheBehavior [ RunTime:0.004882s ]
INFO: [ app_begin ] --END-- [ RunTime:0.004882s ]
SQL: SHOW COLUMNS FROM `conf` [ RunTime:0.2871s ]
NOTIC: [2] Missing argument 1 for Think\Model::where(), called in C:\Users\Administrator\Desktop\wangxin\wangxin\Home\Controller\IndexController.class.php on line 7 and defined C:\Users\Administrator\Desktop\wangxin\ThinkPHP\Library\Think\Model.class.php 第 1797 行.
NOTIC: [8] Undefined variable: where C:\Users\Administrator\Desktop\wangxin\ThinkPHP\Library\Think\Model.class.php 第 1805 行.
NOTIC: [8] Undefined variable: where C:\Users\Administrator\Desktop\wangxin\ThinkPHP\Library\Think\Model.class.php 第 1808 行.
NOTIC: [8] Undefined variable: where C:\Users\Administrator\Desktop\wangxin\ThinkPHP\Library\Think\Model.class.php 第 1816 行.
SQL: SELECT `zrrz`,`qq`,`tel`,`ljrz`,`zrjy`,`ljrzfw`,`jrjy` FROM `conf`  [ RunTime:0.0010s ]
SQL: SHOW COLUMNS FROM `taobao` [ RunTime:0.0303s ]
NOTIC: [2] Missing argument 1 for Think\Model::where(), called in C:\Users\Administrator\Desktop\wangxin\wangxin\Home\Controller\IndexController.class.php on line 9 and defined C:\Users\Administrator\Desktop\wangxin\ThinkPHP\Library\Think\Model.class.php 第 1797 行.
NOTIC: [8] Undefined variable: where C:\Users\Administrator\Desktop\wangxin\ThinkPHP\Library\Think\Model.class.php 第 1805 行.
NOTIC: [8] Undefined variable: where C:\Users\Administrator\Desktop\wangxin\ThinkPHP\Library\Think\Model.class.php 第 1808 行.
NOTIC: [8] Undefined variable: where C:\Users\Administrator\Desktop\wangxin\ThinkPHP\Library\Think\Model.class.php 第 1816 行.
SQL: SELECT * FROM `taobao` LIMIT 0,6   [ RunTime:0.0010s ]
SQL: SHOW COLUMNS FROM `remen` [ RunTime:0.0225s ]
NOTIC: [2] Missing argument 1 for Think\Model::where(), called in C:\Users\Administrator\Desktop\wangxin\wangxin\Home\Controller\IndexController.class.php on line 11 and defined C:\Users\Administrator\Desktop\wangxin\ThinkPHP\Library\Think\Model.class.php 第 1797 行.
NOTIC: [8] Undefined variable: where C:\Users\Administrator\Desktop\wangxin\ThinkPHP\Library\Think\Model.class.php 第 1805 行.
NOTIC: [8] Undefined variable: where C:\Users\Administrator\Desktop\wangxin\ThinkPHP\Library\Think\Model.class.php 第 1808 行.
NOTIC: [8] Undefined variable: where C:\Users\Administrator\Desktop\wangxin\ThinkPHP\Library\Think\Model.class.php 第 1816 行.
SQL: SELECT * FROM `remen` LIMIT 0,6   [ RunTime:0.0010s ]
SQL: SHOW COLUMNS FROM `news` [ RunTime:0.0117s ]
NOTIC: [2] Missing argument 1 for Think\Model::where(), called in C:\Users\Administrator\Desktop\wangxin\wangxin\Home\Controller\IndexController.class.php on line 13 and defined C:\Users\Administrator\Desktop\wangxin\ThinkPHP\Library\Think\Model.class.php 第 1797 行.
NOTIC: [8] Undefined variable: where C:\Users\Administrator\Desktop\wangxin\ThinkPHP\Library\Think\Model.class.php 第 1805 行.
NOTIC: [8] Undefined variable: where C:\Users\Administrator\Desktop\wangxin\ThinkPHP\Library\Think\Model.class.php 第 1808 行.
NOTIC: [8] Undefined variable: where C:\Users\Administrator\Desktop\wangxin\ThinkPHP\Library\Think\Model.class.php 第 1816 行.
SQL: SELECT * FROM `news` LIMIT 0,6   [ RunTime:0.0000s ]
SQL: SHOW COLUMNS FROM `user_say` [ RunTime:0.0088s ]
NOTIC: [2] Missing argument 1 for Think\Model::where(), called in C:\Users\Administrator\Desktop\wangxin\wangxin\Home\Controller\IndexController.class.php on line 15 and defined C:\Users\Administrator\Desktop\wangxin\ThinkPHP\Library\Think\Model.class.php 第 1797 行.
NOTIC: [8] Undefined variable: where C:\Users\Administrator\Desktop\wangxin\ThinkPHP\Library\Think\Model.class.php 第 1805 行.
NOTIC: [8] Undefined variable: where C:\Users\Administrator\Desktop\wangxin\ThinkPHP\Library\Think\Model.class.php 第 1808 行.
NOTIC: [8] Undefined variable: where C:\Users\Administrator\Desktop\wangxin\ThinkPHP\Library\Think\Model.class.php 第 1816 行.
SQL: SELECT * FROM `user_say`  [ RunTime:0.0010s ]
INFO: [ view_parse ] --START--
INFO: [ template_filter ] --START--
INFO: Run Behavior\ContentReplaceBehavior [ RunTime:0.000000s ]
INFO: [ template_filter ] --END-- [ RunTime:0.000000s ]
NOTIC: [8] Undefined index: ljjy C:\Users\Administrator\Desktop\wangxin\wangxin\Runtime\Cache\Home\eadcd4fcd076694cb5d8e1dfd4a1c08e.php 第 196 行.
INFO: Run Behavior\ParseTemplateBehavior [ RunTime:0.077148s ]
INFO: [ view_parse ] --END-- [ RunTime:0.077148s ]
INFO: [ view_filter ] --START--
INFO: Run Behavior\WriteHtmlCacheBehavior [ RunTime:0.005860s ]
INFO: [ view_filter ] --END-- [ RunTime:0.005860s ]
INFO: [ app_end ] --START--
INFO: Run Behavior\ShowPageTraceBehavior [ RunTime:0.004882s ]
INFO: [ app_end ] --END-- [ RunTime:0.004882s ]

[ 2017-11-20T15:41:17+08:00 ] 127.0.0.1 /index.php
INFO: [ app_init ] --START--
INFO: Run Behavior\BuildLiteBehavior [ RunTime:0.000000s ]
INFO: [ app_init ] --END-- [ RunTime:0.000976s ]
INFO: [ app_begin ] --START--
INFO: Run Behavior\ReadHtmlCacheBehavior [ RunTime:0.005859s ]
INFO: [ app_begin ] --END-- [ RunTime:0.005859s ]
SQL: SHOW COLUMNS FROM `conf` [ RunTime:0.0068s ]
NOTIC: [2] Missing argument 1 for Think\Model::where(), called in C:\Users\Administrator\Desktop\wangxin\wangxin\Home\Controller\IndexController.class.php on line 7 and defined C:\Users\Administrator\Desktop\wangxin\ThinkPHP\Library\Think\Model.class.php 第 1797 行.
NOTIC: [8] Undefined variable: where C:\Users\Administrator\Desktop\wangxin\ThinkPHP\Library\Think\Model.class.php 第 1805 行.
NOTIC: [8] Undefined variable: where C:\Users\Administrator\Desktop\wangxin\ThinkPHP\Library\Think\Model.class.php 第 1808 行.
NOTIC: [8] Undefined variable: where C:\Users\Administrator\Desktop\wangxin\ThinkPHP\Library\Think\Model.class.php 第 1816 行.
SQL: SELECT `zrrz`,`qq`,`tel`,`ljrz`,`zrjy`,`ljrzfw`,`jrjy` FROM `conf`  [ RunTime:0.0000s ]
SQL: SHOW COLUMNS FROM `taobao` [ RunTime:0.0068s ]
NOTIC: [2] Missing argument 1 for Think\Model::where(), called in C:\Users\Administrator\Desktop\wangxin\wangxin\Home\Controller\IndexController.class.php on line 9 and defined C:\Users\Administrator\Desktop\wangxin\ThinkPHP\Library\Think\Model.class.php 第 1797 行.
NOTIC: [8] Undefined variable: where C:\Users\Administrator\Desktop\wangxin\ThinkPHP\Library\Think\Model.class.php 第 1805 行.
NOTIC: [8] Undefined variable: where C:\Users\Administrator\Desktop\wangxin\ThinkPHP\Library\Think\Model.class.php 第 1808 行.
NOTIC: [8] Undefined variable: where C:\Users\Administrator\Desktop\wangxin\ThinkPHP\Library\Think\Model.class.php 第 1816 行.
SQL: SELECT * FROM `taobao` LIMIT 0,6   [ RunTime:0.0010s ]
SQL: SHOW COLUMNS FROM `remen` [ RunTime:0.0068s ]
NOTIC: [2] Missing argument 1 for Think\Model::where(), called in C:\Users\Administrator\Desktop\wangxin\wangxin\Home\Controller\IndexController.class.php on line 11 and defined C:\Users\Administrator\Desktop\wangxin\ThinkPHP\Library\Think\Model.class.php 第 1797 行.
NOTIC: [8] Undefined variable: where C:\Users\Administrator\Desktop\wangxin\ThinkPHP\Library\Think\Model.class.php 第 1805 行.
NOTIC: [8] Undefined variable: where C:\Users\Administrator\Desktop\wangxin\ThinkPHP\Library\Think\Model.class.php 第 1808 行.
NOTIC: [8] Undefined variable: where C:\Users\Administrator\Desktop\wangxin\ThinkPHP\Library\Think\Model.class.php 第 1816 行.
SQL: SELECT * FROM `remen` LIMIT 0,6   [ RunTime:0.0010s ]
SQL: SHOW COLUMNS FROM `news` [ RunTime:0.0186s ]
NOTIC: [2] Missing argument 1 for Think\Model::where(), called in C:\Users\Administrator\Desktop\wangxin\wangxin\Home\Controller\IndexController.class.php on line 13 and defined C:\Users\Administrator\Desktop\wangxin\ThinkPHP\Library\Think\Model.class.php 第 1797 行.
NOTIC: [8] Undefined variable: where C:\Users\Administrator\Desktop\wangxin\ThinkPHP\Library\Think\Model.class.php 第 1805 行.
NOTIC: [8] Undefined variable: where C:\Users\Administrator\Desktop\wangxin\ThinkPHP\Library\Think\Model.class.php 第 1808 行.
NOTIC: [8] Undefined variable: where C:\Users\Administrator\Desktop\wangxin\ThinkPHP\Library\Think\Model.class.php 第 1816 行.
SQL: SELECT * FROM `news` LIMIT 0,6   [ RunTime:0.0010s ]
SQL: SHOW COLUMNS FROM `user_say` [ RunTime:0.0068s ]
NOTIC: [2] Missing argument 1 for Think\Model::where(), called in C:\Users\Administrator\Desktop\wangxin\wangxin\Home\Controller\IndexController.class.php on line 15 and defined C:\Users\Administrator\Desktop\wangxin\ThinkPHP\Library\Think\Model.class.php 第 1797 行.
NOTIC: [8] Undefined variable: where C:\Users\Administrator\Desktop\wangxin\ThinkPHP\Library\Think\Model.class.php 第 1805 行.
NOTIC: [8] Undefined variable: where C:\Users\Administrator\Desktop\wangxin\ThinkPHP\Library\Think\Model.class.php 第 1808 行.
NOTIC: [8] Undefined variable: where C:\Users\Administrator\Desktop\wangxin\ThinkPHP\Library\Think\Model.class.php 第 1816 行.
SQL: SELECT * FROM `user_say`  [ RunTime:0.0010s ]
INFO: [ view_parse ] --START--
INFO: [ template_filter ] --START--
INFO: Run Behavior\ContentReplaceBehavior [ RunTime:0.000000s ]
INFO: [ template_filter ] --END-- [ RunTime:0.000977s ]
NOTIC: [8] Undefined index: ljjy C:\Users\Administrator\Desktop\wangxin\wangxin\Runtime\Cache\Home\eadcd4fcd076694cb5d8e1dfd4a1c08e.php 第 196 行.
INFO: Run Behavior\ParseTemplateBehavior [ RunTime:0.052735s ]
INFO: [ view_parse ] --END-- [ RunTime:0.052735s ]
INFO: [ view_filter ] --START--
INFO: Run Behavior\WriteHtmlCacheBehavior [ RunTime:0.004883s ]
INFO: [ view_filter ] --END-- [ RunTime:0.004883s ]
INFO: [ app_end ] --START--
INFO: Run Behavior\ShowPageTraceBehavior [ RunTime:0.004883s ]
INFO: [ app_end ] --END-- [ RunTime:0.005860s ]

[ 2017-11-20T15:41:48+08:00 ] 127.0.0.1 /index.php
INFO: [ app_init ] --START--
INFO: Run Behavior\BuildLiteBehavior [ RunTime:0.000000s ]
INFO: [ app_init ] --END-- [ RunTime:0.000977s ]
INFO: [ app_begin ] --START--
INFO: Run Behavior\ReadHtmlCacheBehavior [ RunTime:0.007813s ]
INFO: [ app_begin ] --END-- [ RunTime:0.007813s ]
SQL: SHOW COLUMNS FROM `conf` [ RunTime:0.0088s ]
NOTIC: [2] Missing argument 1 for Think\Model::where(), called in C:\Users\Administrator\Desktop\wangxin\wangxin\Home\Controller\IndexController.class.php on line 7 and defined C:\Users\Administrator\Desktop\wangxin\ThinkPHP\Library\Think\Model.class.php 第 1797 行.
NOTIC: [8] Undefined variable: where C:\Users\Administrator\Desktop\wangxin\ThinkPHP\Library\Think\Model.class.php 第 1805 行.
NOTIC: [8] Undefined variable: where C:\Users\Administrator\Desktop\wangxin\ThinkPHP\Library\Think\Model.class.php 第 1808 行.
NOTIC: [8] Undefined variable: where C:\Users\Administrator\Desktop\wangxin\ThinkPHP\Library\Think\Model.class.php 第 1816 行.
SQL: SELECT `zrrz`,`qq`,`tel`,`ljrz`,`zrjy`,`ljrzfw`,`jrjy` FROM `conf`  [ RunTime:0.0010s ]
SQL: SHOW COLUMNS FROM `taobao` [ RunTime:0.0068s ]
NOTIC: [2] Missing argument 1 for Think\Model::where(), called in C:\Users\Administrator\Desktop\wangxin\wangxin\Home\Controller\IndexController.class.php on line 9 and defined C:\Users\Administrator\Desktop\wangxin\ThinkPHP\Library\Think\Model.class.php 第 1797 行.
NOTIC: [8] Undefined variable: where C:\Users\Administrator\Desktop\wangxin\ThinkPHP\Library\Think\Model.class.php 第 1805 行.
NOTIC: [8] Undefined variable: where C:\Users\Administrator\Desktop\wangxin\ThinkPHP\Library\Think\Model.class.php 第 1808 行.
NOTIC: [8] Undefined variable: where C:\Users\Administrator\Desktop\wangxin\ThinkPHP\Library\Think\Model.class.php 第 1816 行.
SQL: SELECT * FROM `taobao` LIMIT 0,6   [ RunTime:0.0010s ]
SQL: SHOW COLUMNS FROM `remen` [ RunTime:0.0088s ]
NOTIC: [2] Missing argument 1 for Think\Model::where(), called in C:\Users\Administrator\Desktop\wangxin\wangxin\Home\Controller\IndexController.class.php on line 11 and defined C:\Users\Administrator\Desktop\wangxin\ThinkPHP\Library\Think\Model.class.php 第 1797 行.
NOTIC: [8] Undefined variable: where C:\Users\Administrator\Desktop\wangxin\ThinkPHP\Library\Think\Model.class.php 第 1805 行.
NOTIC: [8] Undefined variable: where C:\Users\Administrator\Desktop\wangxin\ThinkPHP\Library\Think\Model.class.php 第 1808 行.
NOTIC: [8] Undefined variable: where C:\Users\Administrator\Desktop\wangxin\ThinkPHP\Library\Think\Model.class.php 第 1816 行.
SQL: SELECT * FROM `remen` LIMIT 0,6   [ RunTime:0.0000s ]
SQL: SHOW COLUMNS FROM `news` [ RunTime:0.0098s ]
NOTIC: [2] Missing argument 1 for Think\Model::where(), called in C:\Users\Administrator\Desktop\wangxin\wangxin\Home\Controller\IndexController.class.php on line 13 and defined C:\Users\Administrator\Desktop\wangxin\ThinkPHP\Library\Think\Model.class.php 第 1797 行.
NOTIC: [8] Undefined variable: where C:\Users\Administrator\Desktop\wangxin\ThinkPHP\Library\Think\Model.class.php 第 1805 行.
NOTIC: [8] Undefined variable: where C:\Users\Administrator\Desktop\wangxin\ThinkPHP\Library\Think\Model.class.php 第 1808 行.
NOTIC: [8] Undefined variable: where C:\Users\Administrator\Desktop\wangxin\ThinkPHP\Library\Think\Model.class.php 第 1816 行.
SQL: SELECT * FROM `news` LIMIT 0,6   [ RunTime:0.0010s ]
SQL: SHOW COLUMNS FROM `user_say` [ RunTime:0.0078s ]
NOTIC: [2] Missing argument 1 for Think\Model::where(), called in C:\Users\Administrator\Desktop\wangxin\wangxin\Home\Controller\IndexController.class.php on line 15 and defined C:\Users\Administrator\Desktop\wangxin\ThinkPHP\Library\Think\Model.class.php 第 1797 行.
NOTIC: [8] Undefined variable: where C:\Users\Administrator\Desktop\wangxin\ThinkPHP\Library\Think\Model.class.php 第 1805 行.
NOTIC: [8] Undefined variable: where C:\Users\Administrator\Desktop\wangxin\ThinkPHP\Library\Think\Model.class.php 第 1808 行.
NOTIC: [8] Undefined variable: where C:\Users\Administrator\Desktop\wangxin\ThinkPHP\Library\Think\Model.class.php 第 1816 行.
SQL: SELECT * FROM `user_say`  [ RunTime:0.0010s ]
INFO: [ view_parse ] --START--
INFO: [ template_filter ] --START--
INFO: Run Behavior\ContentReplaceBehavior [ RunTime:0.000976s ]
INFO: [ template_filter ] --END-- [ RunTime:0.000976s ]
NOTIC: [8] Undefined index: ljjy C:\Users\Administrator\Desktop\wangxin\wangxin\Runtime\Cache\Home\eadcd4fcd076694cb5d8e1dfd4a1c08e.php 第 196 行.
INFO: Run Behavior\ParseTemplateBehavior [ RunTime:0.068359s ]
INFO: [ view_parse ] --END-- [ RunTime:0.068359s ]
INFO: [ view_filter ] --START--
INFO: Run Behavior\WriteHtmlCacheBehavior [ RunTime:0.005860s ]
INFO: [ view_filter ] --END-- [ RunTime:0.005860s ]
INFO: [ app_end ] --START--
INFO: Run Behavior\ShowPageTraceBehavior [ RunTime:0.007812s ]
INFO: [ app_end ] --END-- [ RunTime:0.007812s ]

