[ 2017-08-09T10:21:23+08:00 ] 127.0.0.1 /favicon.ico
INFO: [ app_init ] --START--
INFO: Run Behavior\BuildLiteBehavior [ RunTime:0.000016s ]
INFO: [ app_init ] --END-- [ RunTime:0.050640s ]
ERR: 无法加载模块:Favicon

[ 2017-08-09T10:21:55+08:00 ] 127.0.0.1 /favicon.ico
INFO: [ app_init ] --START--
INFO: Run Behavior\BuildLiteBehavior [ RunTime:0.000015s ]
INFO: [ app_init ] --END-- [ RunTime:0.004991s ]
ERR: 无法加载模块:Favicon

[ 2017-08-09T10:34:49+08:00 ] 127.0.0.1 /Upload/5989d698f383d.jpg
INFO: [ app_init ] --START--
INFO: Run Behavior\BuildLiteBehavior [ RunTime:0.000014s ]
INFO: [ app_init ] --END-- [ RunTime:0.000534s ]
ERR: 无法加载模块:Upload

[ 2017-08-09T10:34:49+08:00 ] 127.0.0.1 /Upload/5989d699097b9.txt
INFO: [ app_init ] --START--
INFO: Run Behavior\BuildLiteBehavior [ RunTime:0.000018s ]
INFO: [ app_init ] --END-- [ RunTime:0.001190s ]
ERR: 无法加载模块:Upload

[ 2017-08-09T10:36:12+08:00 ] 127.0.0.1 /favicon.ico
INFO: [ app_init ] --START--
INFO: Run Behavior\BuildLiteBehavior [ RunTime:0.000013s ]
INFO: [ app_init ] --END-- [ RunTime:0.000513s ]
ERR: 无法加载模块:Favicon

[ 2017-08-09T12:04:16+08:00 ] 127.0.0.1 /favicon.ico
INFO: [ app_init ] --START--
INFO: Run Behavior\BuildLiteBehavior [ RunTime:0.000014s ]
INFO: [ app_init ] --END-- [ RunTime:0.000752s ]
ERR: 无法加载模块:Favicon

[ 2017-08-09T13:47:33+08:00 ] 127.0.0.1 /favicon.ico
INFO: [ app_init ] --START--
INFO: Run Behavior\BuildLiteBehavior [ RunTime:0.000014s ]
INFO: [ app_init ] --END-- [ RunTime:0.000545s ]
ERR: 无法加载模块:Favicon

[ 2017-08-09T14:42:01+08:00 ] 127.0.0.1 /Public/home/js/hammer.min.js.map
INFO: [ app_init ] --START--
INFO: Run Behavior\BuildLiteBehavior [ RunTime:0.000016s ]
INFO: [ app_init ] --END-- [ RunTime:0.000540s ]
ERR: 无法加载模块:Public

[ 2017-08-09T14:42:01+08:00 ] 127.0.0.1 /Public/home/css/bootstrap.css.map
INFO: [ app_init ] --START--
INFO: Run Behavior\BuildLiteBehavior [ RunTime:0.000013s ]
INFO: [ app_init ] --END-- [ RunTime:0.000530s ]
ERR: 无法加载模块:Public

[ 2017-08-09T14:43:04+08:00 ] 127.0.0.1 /Public/home/js/hammer.min.js.map
INFO: [ app_init ] --START--
INFO: Run Behavior\BuildLiteBehavior [ RunTime:0.000021s ]
INFO: [ app_init ] --END-- [ RunTime:0.000723s ]
ERR: 无法加载模块:Public

[ 2017-08-09T14:43:04+08:00 ] 127.0.0.1 /Public/home/css/bootstrap.css.map
INFO: [ app_init ] --START--
INFO: Run Behavior\BuildLiteBehavior [ RunTime:0.000017s ]
INFO: [ app_init ] --END-- [ RunTime:0.000604s ]
ERR: 无法加载模块:Public

[ 2017-08-09T15:02:05+08:00 ] 127.0.0.1 /favicon.ico
INFO: [ app_init ] --START--
INFO: Run Behavior\BuildLiteBehavior [ RunTime:0.000015s ]
INFO: [ app_init ] --END-- [ RunTime:0.000630s ]
ERR: 无法加载模块:Favicon

[ 2017-08-09T15:23:18+08:00 ] 127.0.0.1 /favicon.ico
INFO: [ app_init ] --START--
INFO: Run Behavior\BuildLiteBehavior [ RunTime:0.000020s ]
INFO: [ app_init ] --END-- [ RunTime:0.000658s ]
ERR: 无法加载模块:Favicon

[ 2017-08-09T15:29:23+08:00 ] 127.0.0.1 /Upload/5989d698f383d.jpg
INFO: [ app_init ] --START--
INFO: Run Behavior\BuildLiteBehavior [ RunTime:0.000018s ]
INFO: [ app_init ] --END-- [ RunTime:0.000872s ]
ERR: 无法加载模块:Upload

[ 2017-08-09T15:29:23+08:00 ] 127.0.0.1 /Upload/5989d699097b9.txt
INFO: [ app_init ] --START--
INFO: Run Behavior\BuildLiteBehavior [ RunTime:0.000014s ]
INFO: [ app_init ] --END-- [ RunTime:0.000570s ]
ERR: 无法加载模块:Upload

[ 2017-08-09T15:30:07+08:00 ] 127.0.0.1 /Upload/5989d698f383d.jpg
INFO: [ app_init ] --START--
INFO: Run Behavior\BuildLiteBehavior [ RunTime:0.000014s ]
INFO: [ app_init ] --END-- [ RunTime:0.000572s ]
ERR: 无法加载模块:Upload

[ 2017-08-09T15:30:07+08:00 ] 127.0.0.1 /Upload/5989d699097b9.txt
INFO: [ app_init ] --START--
INFO: Run Behavior\BuildLiteBehavior [ RunTime:0.000023s ]
INFO: [ app_init ] --END-- [ RunTime:0.001004s ]
ERR: 无法加载模块:Upload

[ 2017-08-09T15:35:16+08:00 ] 127.0.0.1 /favicon.ico
INFO: [ app_init ] --START--
INFO: Run Behavior\BuildLiteBehavior [ RunTime:0.000013s ]
INFO: [ app_init ] --END-- [ RunTime:0.000600s ]
ERR: 无法加载模块:Favicon

[ 2017-08-09T16:32:21+08:00 ] 127.0.0.1 /favicon.ico
INFO: [ app_init ] --START--
INFO: Run Behavior\BuildLiteBehavior [ RunTime:0.000022s ]
INFO: [ app_init ] --END-- [ RunTime:0.000887s ]
ERR: 无法加载模块:Favicon

[ 2017-08-09T16:32:31+08:00 ] 127.0.0.1 /favicon.ico
INFO: [ app_init ] --START--
INFO: Run Behavior\BuildLiteBehavior [ RunTime:0.000014s ]
INFO: [ app_init ] --END-- [ RunTime:0.000513s ]
ERR: 无法加载模块:Favicon

[ 2017-08-09T16:51:59+08:00 ] 127.0.0.1 /favicon.ico
INFO: [ app_init ] --START--
INFO: Run Behavior\BuildLiteBehavior [ RunTime:0.000015s ]
INFO: [ app_init ] --END-- [ RunTime:0.000661s ]
ERR: 无法加载模块:Favicon

[ 2017-08-09T16:52:10+08:00 ] 127.0.0.1 /Upload/5989d698f383d.jpg
INFO: [ app_init ] --START--
INFO: Run Behavior\BuildLiteBehavior [ RunTime:0.000024s ]
INFO: [ app_init ] --END-- [ RunTime:0.000898s ]
ERR: 无法加载模块:Upload

[ 2017-08-09T16:52:10+08:00 ] 127.0.0.1 /Upload/5989d699097b9.txt
INFO: [ app_init ] --START--
INFO: Run Behavior\BuildLiteBehavior [ RunTime:0.000457s ]
INFO: [ app_init ] --END-- [ RunTime:0.005119s ]
ERR: 无法加载模块:Upload

[ 2017-08-09T17:20:53+08:00 ] 127.0.0.1 /Public/home/js/hammer.min.js.map
INFO: [ app_init ] --START--
INFO: Run Behavior\BuildLiteBehavior [ RunTime:0.000020s ]
INFO: [ app_init ] --END-- [ RunTime:0.000768s ]
ERR: 无法加载模块:Public

[ 2017-08-09T17:20:53+08:00 ] 127.0.0.1 /Public/home/css/bootstrap.css.map
INFO: [ app_init ] --START--
INFO: Run Behavior\BuildLiteBehavior [ RunTime:0.000019s ]
INFO: [ app_init ] --END-- [ RunTime:0.000598s ]
ERR: 无法加载模块:Public

[ 2017-08-09T17:21:31+08:00 ] 127.0.0.1 /Public/home/css/bootstrap.css.map
INFO: [ app_init ] --START--
INFO: Run Behavior\BuildLiteBehavior [ RunTime:0.000019s ]
INFO: [ app_init ] --END-- [ RunTime:0.000723s ]
ERR: 无法加载模块:Public

[ 2017-08-09T17:21:32+08:00 ] 127.0.0.1 /Public/home/js/hammer.min.js.map
INFO: [ app_init ] --START--
INFO: Run Behavior\BuildLiteBehavior [ RunTime:0.000022s ]
INFO: [ app_init ] --END-- [ RunTime:0.000864s ]
ERR: 无法加载模块:Public

[ 2017-08-09T17:22:00+08:00 ] 127.0.0.1 /Public/home/css/bootstrap.css.map
INFO: [ app_init ] --START--
INFO: Run Behavior\BuildLiteBehavior [ RunTime:0.000024s ]
INFO: [ app_init ] --END-- [ RunTime:0.001299s ]
ERR: 无法加载模块:Public

[ 2017-08-09T17:22:00+08:00 ] 127.0.0.1 /Public/home/js/hammer.min.js.map
INFO: [ app_init ] --START--
INFO: Run Behavior\BuildLiteBehavior [ RunTime:0.000019s ]
INFO: [ app_init ] --END-- [ RunTime:0.000742s ]
ERR: 无法加载模块:Public

[ 2017-08-09T17:22:48+08:00 ] 127.0.0.1 /Public/home/css/bootstrap.css.map
INFO: [ app_init ] --START--
INFO: Run Behavior\BuildLiteBehavior [ RunTime:0.000024s ]
INFO: [ app_init ] --END-- [ RunTime:0.000795s ]
ERR: 无法加载模块:Public

[ 2017-08-09T17:22:48+08:00 ] 127.0.0.1 /Public/home/js/hammer.min.js.map
INFO: [ app_init ] --START--
INFO: Run Behavior\BuildLiteBehavior [ RunTime:0.000022s ]
INFO: [ app_init ] --END-- [ RunTime:0.000777s ]
ERR: 无法加载模块:Public

[ 2017-08-09T17:35:15+08:00 ] 127.0.0.1 /Public/home/js/hammer.min.js.map
INFO: [ app_init ] --START--
INFO: Run Behavior\BuildLiteBehavior [ RunTime:0.000014s ]
INFO: [ app_init ] --END-- [ RunTime:0.000529s ]
ERR: 无法加载模块:Public

[ 2017-08-09T17:35:19+08:00 ] 127.0.0.1 /Public/home/js/hammer.min.js.map
INFO: [ app_init ] --START--
INFO: Run Behavior\BuildLiteBehavior [ RunTime:0.000020s ]
INFO: [ app_init ] --END-- [ RunTime:0.000753s ]
ERR: 无法加载模块:Public

[ 2017-08-09T17:36:24+08:00 ] 127.0.0.1 /Public/home/css/bootstrap.min.css.map
INFO: [ app_init ] --START--
INFO: Run Behavior\BuildLiteBehavior [ RunTime:0.000021s ]
INFO: [ app_init ] --END-- [ RunTime:0.000807s ]
ERR: 无法加载模块:Public

[ 2017-08-09T17:36:24+08:00 ] 127.0.0.1 /Public/home/js/hammer.min.js.map
INFO: [ app_init ] --START--
INFO: Run Behavior\BuildLiteBehavior [ RunTime:0.000026s ]
INFO: [ app_init ] --END-- [ RunTime:0.000813s ]
ERR: 无法加载模块:Public

[ 2017-08-09T17:46:28+08:00 ] 127.0.0.1 /Upload/5989d698f383d.jpg
INFO: [ app_init ] --START--
INFO: Run Behavior\BuildLiteBehavior [ RunTime:0.000052s ]
INFO: [ app_init ] --END-- [ RunTime:0.001170s ]
ERR: 无法加载模块:Upload

[ 2017-08-09T17:47:12+08:00 ] 127.0.0.1 /Upload/5989d698f383d.jpg
INFO: [ app_init ] --START--
INFO: Run Behavior\BuildLiteBehavior [ RunTime:0.000015s ]
INFO: [ app_init ] --END-- [ RunTime:0.000534s ]
ERR: 无法加载模块:Upload

[ 2017-08-09T17:47:27+08:00 ] 127.0.0.1 /Upload/5989d698f383d.jpg
INFO: [ app_init ] --START--
INFO: Run Behavior\BuildLiteBehavior [ RunTime:0.000015s ]
INFO: [ app_init ] --END-- [ RunTime:0.000534s ]
ERR: 无法加载模块:Upload

[ 2017-08-09T17:50:17+08:00 ] 127.0.0.1 /Upload/5989d698f383d.jpg
INFO: [ app_init ] --START--
INFO: Run Behavior\BuildLiteBehavior [ RunTime:0.000017s ]
INFO: [ app_init ] --END-- [ RunTime:0.000634s ]
ERR: 无法加载模块:Upload

[ 2017-08-09T17:50:43+08:00 ] 127.0.0.1 /Upload/5989d698f383d.jpg
INFO: [ app_init ] --START--
INFO: Run Behavior\BuildLiteBehavior [ RunTime:0.000017s ]
INFO: [ app_init ] --END-- [ RunTime:0.000677s ]
ERR: 无法加载模块:Upload

[ 2017-08-09T17:51:05+08:00 ] 127.0.0.1 /Upload/5989d698f383d.jpg
INFO: [ app_init ] --START--
INFO: Run Behavior\BuildLiteBehavior [ RunTime:0.000019s ]
INFO: [ app_init ] --END-- [ RunTime:0.000820s ]
ERR: 无法加载模块:Upload

[ 2017-08-09T17:52:53+08:00 ] 127.0.0.1 /Upload/5989d698f383d.jpg
INFO: [ app_init ] --START--
INFO: Run Behavior\BuildLiteBehavior [ RunTime:0.000020s ]
INFO: [ app_init ] --END-- [ RunTime:0.000824s ]
ERR: 无法加载模块:Upload

[ 2017-08-09T17:53:22+08:00 ] 127.0.0.1 /Upload/5989d698f383d.jpg
INFO: [ app_init ] --START--
INFO: Run Behavior\BuildLiteBehavior [ RunTime:0.000014s ]
INFO: [ app_init ] --END-- [ RunTime:0.000621s ]
ERR: 无法加载模块:Upload

[ 2017-08-09T17:53:47+08:00 ] 127.0.0.1 /Upload/5989d698f383d.jpg
INFO: [ app_init ] --START--
INFO: Run Behavior\BuildLiteBehavior [ RunTime:0.000024s ]
INFO: [ app_init ] --END-- [ RunTime:0.000896s ]
ERR: 无法加载模块:Upload

[ 2017-08-09T17:54:41+08:00 ] 127.0.0.1 /Upload/5989d698f383d.jpg
INFO: [ app_init ] --START--
INFO: Run Behavior\BuildLiteBehavior [ RunTime:0.000014s ]
INFO: [ app_init ] --END-- [ RunTime:0.000591s ]
ERR: 无法加载模块:Upload

[ 2017-08-09T17:59:45+08:00 ] 127.0.0.1 /Upload/5989d698f383d.jpg
INFO: [ app_init ] --START--
INFO: Run Behavior\BuildLiteBehavior [ RunTime:0.000022s ]
INFO: [ app_init ] --END-- [ RunTime:0.001739s ]
ERR: 无法加载模块:Upload

[ 2017-08-09T18:00:07+08:00 ] 127.0.0.1 /Upload/5989d698f383d.jpg
INFO: [ app_init ] --START--
INFO: Run Behavior\BuildLiteBehavior [ RunTime:0.000014s ]
INFO: [ app_init ] --END-- [ RunTime:0.000819s ]
ERR: 无法加载模块:Upload

[ 2017-08-09T18:00:15+08:00 ] 127.0.0.1 /Upload/5989d698f383d.jpg
INFO: [ app_init ] --START--
INFO: Run Behavior\BuildLiteBehavior [ RunTime:0.000014s ]
INFO: [ app_init ] --END-- [ RunTime:0.000601s ]
ERR: 无法加载模块:Upload

[ 2017-08-09T18:00:16+08:00 ] 127.0.0.1 /Upload/5989d698f383d.jpg
INFO: [ app_init ] --START--
INFO: Run Behavior\BuildLiteBehavior [ RunTime:0.000014s ]
INFO: [ app_init ] --END-- [ RunTime:0.000541s ]
ERR: 无法加载模块:Upload

[ 2017-08-09T18:02:04+08:00 ] 127.0.0.1 /Public/home/js/hammer.min.js.map
INFO: [ app_init ] --START--
INFO: Run Behavior\BuildLiteBehavior [ RunTime:0.000023s ]
INFO: [ app_init ] --END-- [ RunTime:0.000773s ]
ERR: 无法加载模块:Public

[ 2017-08-09T18:02:04+08:00 ] 127.0.0.1 /Public/home/css/bootstrap.min.css.map
INFO: [ app_init ] --START--
INFO: Run Behavior\BuildLiteBehavior [ RunTime:0.000024s ]
INFO: [ app_init ] --END-- [ RunTime:0.000860s ]
ERR: 无法加载模块:Public

[ 2017-08-09T18:04:22+08:00 ] 127.0.0.1 /Upload/5989d698f383d.jpg
INFO: [ app_init ] --START--
INFO: Run Behavior\BuildLiteBehavior [ RunTime:0.000017s ]
INFO: [ app_init ] --END-- [ RunTime:0.000619s ]
ERR: 无法加载模块:Upload

[ 2017-08-09T18:07:04+08:00 ] 127.0.0.1 /Upload/5989d698f383d.jpg
INFO: [ app_init ] --START--
INFO: Run Behavior\BuildLiteBehavior [ RunTime:0.000021s ]
INFO: [ app_init ] --END-- [ RunTime:0.000892s ]
ERR: 无法加载模块:Upload

[ 2017-08-09T19:40:16+08:00 ] 127.0.0.1 /favicon.ico
INFO: [ app_init ] --START--
INFO: Run Behavior\BuildLiteBehavior [ RunTime:0.000029s ]
INFO: [ app_init ] --END-- [ RunTime:0.000959s ]
ERR: 无法加载模块:Favicon

[ 2017-08-09T19:40:19+08:00 ] 127.0.0.1 /favicon.ico
INFO: [ app_init ] --START--
INFO: Run Behavior\BuildLiteBehavior [ RunTime:0.000014s ]
INFO: [ app_init ] --END-- [ RunTime:0.000521s ]
ERR: 无法加载模块:Favicon

[ 2017-08-09T19:49:41+08:00 ] 127.0.0.1 /Upload/5989d698f383d.jpg
INFO: [ app_init ] --START--
INFO: Run Behavior\BuildLiteBehavior [ RunTime:0.000014s ]
INFO: [ app_init ] --END-- [ RunTime:0.000536s ]
ERR: 无法加载模块:Upload

[ 2017-08-09T19:49:49+08:00 ] 127.0.0.1 /Upload/5989d698f383d.jpg
INFO: [ app_init ] --START--
INFO: Run Behavior\BuildLiteBehavior [ RunTime:0.000023s ]
INFO: [ app_init ] --END-- [ RunTime:0.000820s ]
ERR: 无法加载模块:Upload

[ 2017-08-09T19:54:36+08:00 ] 127.0.0.1 /Upload/5989d698f383d.jpg
INFO: [ app_init ] --START--
INFO: Run Behavior\BuildLiteBehavior [ RunTime:0.000014s ]
INFO: [ app_init ] --END-- [ RunTime:0.000553s ]
ERR: 无法加载模块:Upload

[ 2017-08-09T19:55:41+08:00 ] 127.0.0.1 /Upload/5989d698f383d.jpg
INFO: [ app_init ] --START--
INFO: Run Behavior\BuildLiteBehavior [ RunTime:0.000017s ]
INFO: [ app_init ] --END-- [ RunTime:0.000699s ]
ERR: 无法加载模块:Upload

[ 2017-08-09T19:55:46+08:00 ] 127.0.0.1 /Upload/5989d698f383d.jpg
INFO: [ app_init ] --START--
INFO: Run Behavior\BuildLiteBehavior [ RunTime:0.000014s ]
INFO: [ app_init ] --END-- [ RunTime:0.000553s ]
ERR: 无法加载模块:Upload

[ 2017-08-09T19:55:54+08:00 ] 127.0.0.1 /Upload/5989d698f383d.jpg
INFO: [ app_init ] --START--
INFO: Run Behavior\BuildLiteBehavior [ RunTime:0.000021s ]
INFO: [ app_init ] --END-- [ RunTime:0.001041s ]
ERR: 无法加载模块:Upload

[ 2017-08-09T20:16:20+08:00 ] 127.0.0.1 /Upload/5989d698f383d.jpg
INFO: [ app_init ] --START--
INFO: Run Behavior\BuildLiteBehavior [ RunTime:0.000014s ]
INFO: [ app_init ] --END-- [ RunTime:0.000616s ]
ERR: 无法加载模块:Upload

[ 2017-08-09T20:21:39+08:00 ] 127.0.0.1 /Public/home/js/hammer.min.js.map
INFO: [ app_init ] --START--
INFO: Run Behavior\BuildLiteBehavior [ RunTime:0.000015s ]
INFO: [ app_init ] --END-- [ RunTime:0.000579s ]
ERR: 无法加载模块:Public

[ 2017-08-09T20:21:42+08:00 ] 127.0.0.1 /Public/home/js/hammer.min.js.map
INFO: [ app_init ] --START--
INFO: Run Behavior\BuildLiteBehavior [ RunTime:0.000021s ]
INFO: [ app_init ] --END-- [ RunTime:0.000576s ]
ERR: 无法加载模块:Public

[ 2017-08-09T20:32:00+08:00 ] 127.0.0.1 /favicon.ico
INFO: [ app_init ] --START--
INFO: Run Behavior\BuildLiteBehavior [ RunTime:0.000022s ]
INFO: [ app_init ] --END-- [ RunTime:0.000837s ]
ERR: 无法加载模块:Favicon

[ 2017-08-09T20:32:06+08:00 ] 127.0.0.1 /favicon.ico
INFO: [ app_init ] --START--
INFO: Run Behavior\BuildLiteBehavior [ RunTime:0.000022s ]
INFO: [ app_init ] --END-- [ RunTime:0.000758s ]
ERR: 无法加载模块:Favicon

[ 2017-08-09T20:34:14+08:00 ] 127.0.0.1 /Public/home/js/hammer.min.js.map
INFO: [ app_init ] --START--
INFO: Run Behavior\BuildLiteBehavior [ RunTime:0.000020s ]
INFO: [ app_init ] --END-- [ RunTime:0.000894s ]
ERR: 无法加载模块:Public

[ 2017-08-09T20:34:15+08:00 ] 127.0.0.1 /Public/home/css/bootstrap.min.css.map
INFO: [ app_init ] --START--
INFO: Run Behavior\BuildLiteBehavior [ RunTime:0.000043s ]
INFO: [ app_init ] --END-- [ RunTime:0.000866s ]
ERR: 无法加载模块:Public

[ 2017-08-09T20:34:33+08:00 ] 127.0.0.1 /Public/home/css/bootstrap.min.css.map
INFO: [ app_init ] --START--
INFO: Run Behavior\BuildLiteBehavior [ RunTime:0.000020s ]
INFO: [ app_init ] --END-- [ RunTime:0.000810s ]
ERR: 无法加载模块:Public

[ 2017-08-09T20:34:33+08:00 ] 127.0.0.1 /Public/home/js/hammer.min.js.map
INFO: [ app_init ] --START--
INFO: Run Behavior\BuildLiteBehavior [ RunTime:0.000023s ]
INFO: [ app_init ] --END-- [ RunTime:0.000827s ]
ERR: 无法加载模块:Public

[ 2017-08-09T20:34:35+08:00 ] 127.0.0.1 /Public/home/css/bootstrap.css.map
INFO: [ app_init ] --START--
INFO: Run Behavior\BuildLiteBehavior [ RunTime:0.000023s ]
INFO: [ app_init ] --END-- [ RunTime:0.000828s ]
ERR: 无法加载模块:Public

[ 2017-08-09T20:34:35+08:00 ] 127.0.0.1 /Public/home/js/hammer.min.js.map
INFO: [ app_init ] --START--
INFO: Run Behavior\BuildLiteBehavior [ RunTime:0.000021s ]
INFO: [ app_init ] --END-- [ RunTime:0.000772s ]
ERR: 无法加载模块:Public

[ 2017-08-09T20:35:22+08:00 ] 127.0.0.1 /Public/home/css/bootstrap.css.map
INFO: [ app_init ] --START--
INFO: Run Behavior\BuildLiteBehavior [ RunTime:0.000018s ]
INFO: [ app_init ] --END-- [ RunTime:0.000578s ]
ERR: 无法加载模块:Public

[ 2017-08-09T20:35:22+08:00 ] 127.0.0.1 /Public/home/js/hammer.min.js.map
INFO: [ app_init ] --START--
INFO: Run Behavior\BuildLiteBehavior [ RunTime:0.000023s ]
INFO: [ app_init ] --END-- [ RunTime:0.000822s ]
ERR: 无法加载模块:Public

[ 2017-08-09T20:44:08+08:00 ] 127.0.0.1 /Public/home/js/hammer.min.js.map
INFO: [ app_init ] --START--
INFO: Run Behavior\BuildLiteBehavior [ RunTime:0.000014s ]
INFO: [ app_init ] --END-- [ RunTime:0.000533s ]
ERR: 无法加载模块:Public

[ 2017-08-09T20:44:08+08:00 ] 127.0.0.1 /Public/home/css/bootstrap.css.map
INFO: [ app_init ] --START--
INFO: Run Behavior\BuildLiteBehavior [ RunTime:0.000025s ]
INFO: [ app_init ] --END-- [ RunTime:0.001035s ]
ERR: 无法加载模块:Public

[ 2017-08-09T21:38:50+08:00 ] 127.0.0.1 /Upload/5989d698f383d.jpg
INFO: [ app_init ] --START--
INFO: Run Behavior\BuildLiteBehavior [ RunTime:0.000020s ]
INFO: [ app_init ] --END-- [ RunTime:0.000807s ]
ERR: 无法加载模块:Upload

[ 2017-08-09T21:39:02+08:00 ] 127.0.0.1 /Upload/5989d698f383d.jpg
INFO: [ app_init ] --START--
INFO: Run Behavior\BuildLiteBehavior [ RunTime:0.000023s ]
INFO: [ app_init ] --END-- [ RunTime:0.000851s ]
ERR: 无法加载模块:Upload

[ 2017-08-09T21:39:37+08:00 ] 127.0.0.1 /Upload/5989d698f383d.jpg
INFO: [ app_init ] --START--
INFO: Run Behavior\BuildLiteBehavior [ RunTime:0.000075s ]
INFO: [ app_init ] --END-- [ RunTime:0.001410s ]
ERR: 无法加载模块:Upload

[ 2017-08-09T21:39:46+08:00 ] 127.0.0.1 /Upload/5989d698f383d.jpg
INFO: [ app_init ] --START--
INFO: Run Behavior\BuildLiteBehavior [ RunTime:0.000014s ]
INFO: [ app_init ] --END-- [ RunTime:0.000536s ]
ERR: 无法加载模块:Upload

[ 2017-08-09T21:39:54+08:00 ] 127.0.0.1 /Upload/5989d698f383d.jpg
INFO: [ app_init ] --START--
INFO: Run Behavior\BuildLiteBehavior [ RunTime:0.000021s ]
INFO: [ app_init ] --END-- [ RunTime:0.000774s ]
ERR: 无法加载模块:Upload

[ 2017-08-09T21:41:47+08:00 ] 127.0.0.1 /Upload/5989d698f383d.jpg
INFO: [ app_init ] --START--
INFO: Run Behavior\BuildLiteBehavior [ RunTime:0.000014s ]
INFO: [ app_init ] --END-- [ RunTime:0.000538s ]
ERR: 无法加载模块:Upload

[ 2017-08-09T21:48:45+08:00 ] 127.0.0.1 /Public/home/js/hammer.min.js.map
INFO: [ app_init ] --START--
INFO: Run Behavior\BuildLiteBehavior [ RunTime:0.000024s ]
INFO: [ app_init ] --END-- [ RunTime:0.000817s ]
ERR: 无法加载模块:Public

[ 2017-08-09T21:48:46+08:00 ] 127.0.0.1 /Public/home/css/bootstrap.css.map
INFO: [ app_init ] --START--
INFO: Run Behavior\BuildLiteBehavior [ RunTime:0.000025s ]
INFO: [ app_init ] --END-- [ RunTime:0.000950s ]
ERR: 无法加载模块:Public

[ 2017-08-09T22:06:40+08:00 ] 127.0.0.1 /Public/home/js/hammer.min.js.map
INFO: [ app_init ] --START--
INFO: Run Behavior\BuildLiteBehavior [ RunTime:0.000023s ]
INFO: [ app_init ] --END-- [ RunTime:0.000666s ]
ERR: 无法加载模块:Public

[ 2017-08-09T22:06:40+08:00 ] 127.0.0.1 /Public/home/css/bootstrap.css.map
INFO: [ app_init ] --START--
INFO: Run Behavior\BuildLiteBehavior [ RunTime:0.000079s ]
INFO: [ app_init ] --END-- [ RunTime:0.001155s ]
ERR: 无法加载模块:Public

[ 2017-08-09T22:06:44+08:00 ] 127.0.0.1 /Public/home/js/hammer.min.js.map
INFO: [ app_init ] --START--
INFO: Run Behavior\BuildLiteBehavior [ RunTime:0.000023s ]
INFO: [ app_init ] --END-- [ RunTime:0.000823s ]
ERR: 无法加载模块:Public

[ 2017-08-09T22:06:45+08:00 ] 127.0.0.1 /Public/home/css/bootstrap.css.map
INFO: [ app_init ] --START--
INFO: Run Behavior\BuildLiteBehavior [ RunTime:0.000022s ]
INFO: [ app_init ] --END-- [ RunTime:0.000819s ]
ERR: 无法加载模块:Public

[ 2017-08-09T22:10:45+08:00 ] 127.0.0.1 /Public/home/js/hammer.min.js.map
INFO: [ app_init ] --START--
INFO: Run Behavior\BuildLiteBehavior [ RunTime:0.000017s ]
INFO: [ app_init ] --END-- [ RunTime:0.000603s ]
ERR: 无法加载模块:Public

[ 2017-08-09T22:10:45+08:00 ] 127.0.0.1 /Public/home/css/bootstrap.css.map
INFO: [ app_init ] --START--
INFO: Run Behavior\BuildLiteBehavior [ RunTime:0.000024s ]
INFO: [ app_init ] --END-- [ RunTime:0.000998s ]
ERR: 无法加载模块:Public

[ 2017-08-09T22:15:17+08:00 ] 127.0.0.1 /Public/home/css/bootstrap.css.map
INFO: [ app_init ] --START--
INFO: Run Behavior\BuildLiteBehavior [ RunTime:0.000020s ]
INFO: [ app_init ] --END-- [ RunTime:0.000672s ]
ERR: 无法加载模块:Public

[ 2017-08-09T22:15:17+08:00 ] 127.0.0.1 /Public/home/js/hammer.min.js.map
INFO: [ app_init ] --START--
INFO: Run Behavior\BuildLiteBehavior [ RunTime:0.000021s ]
INFO: [ app_init ] --END-- [ RunTime:0.000846s ]
ERR: 无法加载模块:Public

[ 2017-08-09T22:15:32+08:00 ] 127.0.0.1 /Public/home/js/hammer.min.js.map
INFO: [ app_init ] --START--
INFO: Run Behavior\BuildLiteBehavior [ RunTime:0.000020s ]
INFO: [ app_init ] --END-- [ RunTime:0.000758s ]
ERR: 无法加载模块:Public

[ 2017-08-09T22:15:32+08:00 ] 127.0.0.1 /Public/home/css/bootstrap.css.map
INFO: [ app_init ] --START--
INFO: Run Behavior\BuildLiteBehavior [ RunTime:0.000021s ]
INFO: [ app_init ] --END-- [ RunTime:0.000871s ]
ERR: 无法加载模块:Public

[ 2017-08-09T22:15:45+08:00 ] 127.0.0.1 /Public/home/css/bootstrap.css.map
INFO: [ app_init ] --START--
INFO: Run Behavior\BuildLiteBehavior [ RunTime:0.000014s ]
INFO: [ app_init ] --END-- [ RunTime:0.000551s ]
ERR: 无法加载模块:Public

[ 2017-08-09T22:15:45+08:00 ] 127.0.0.1 /Public/home/js/hammer.min.js.map
INFO: [ app_init ] --START--
INFO: Run Behavior\BuildLiteBehavior [ RunTime:0.000027s ]
INFO: [ app_init ] --END-- [ RunTime:0.000948s ]
ERR: 无法加载模块:Public

[ 2017-08-09T22:17:36+08:00 ] 127.0.0.1 /Public/home/js/hammer.min.js.map
INFO: [ app_init ] --START--
INFO: Run Behavior\BuildLiteBehavior [ RunTime:0.000022s ]
INFO: [ app_init ] --END-- [ RunTime:0.000775s ]
ERR: 无法加载模块:Public

[ 2017-08-09T22:17:36+08:00 ] 127.0.0.1 /Public/home/css/bootstrap.css.map
INFO: [ app_init ] --START--
INFO: Run Behavior\BuildLiteBehavior [ RunTime:0.000021s ]
INFO: [ app_init ] --END-- [ RunTime:0.000836s ]
ERR: 无法加载模块:Public

[ 2017-08-09T22:18:32+08:00 ] 127.0.0.1 /Public/home/css/bootstrap.min.css.map
INFO: [ app_init ] --START--
INFO: Run Behavior\BuildLiteBehavior [ RunTime:0.000015s ]
INFO: [ app_init ] --END-- [ RunTime:0.000552s ]
ERR: 无法加载模块:Public

[ 2017-08-09T22:18:32+08:00 ] 127.0.0.1 /Public/home/js/hammer.min.js.map
INFO: [ app_init ] --START--
INFO: Run Behavior\BuildLiteBehavior [ RunTime:0.000022s ]
INFO: [ app_init ] --END-- [ RunTime:0.001040s ]
ERR: 无法加载模块:Public

[ 2017-08-09T22:18:36+08:00 ] 127.0.0.1 /Public/home/css/bootstrap.min.css.map
INFO: [ app_init ] --START--
INFO: Run Behavior\BuildLiteBehavior [ RunTime:0.000050s ]
INFO: [ app_init ] --END-- [ RunTime:0.001151s ]
ERR: 无法加载模块:Public

[ 2017-08-09T22:18:36+08:00 ] 127.0.0.1 /Public/home/js/hammer.min.js.map
INFO: [ app_init ] --START--
INFO: Run Behavior\BuildLiteBehavior [ RunTime:0.000091s ]
INFO: [ app_init ] --END-- [ RunTime:0.001772s ]
ERR: 无法加载模块:Public

[ 2017-08-09T22:18:41+08:00 ] 127.0.0.1 /Public/home/css/bootstrap.min.css.map
INFO: [ app_init ] --START--
INFO: Run Behavior\BuildLiteBehavior [ RunTime:0.000017s ]
INFO: [ app_init ] --END-- [ RunTime:0.000599s ]
ERR: 无法加载模块:Public

[ 2017-08-09T22:18:41+08:00 ] 127.0.0.1 /Public/home/js/hammer.min.js.map
INFO: [ app_init ] --START--
INFO: Run Behavior\BuildLiteBehavior [ RunTime:0.000023s ]
INFO: [ app_init ] --END-- [ RunTime:0.000800s ]
ERR: 无法加载模块:Public

[ 2017-08-09T22:18:46+08:00 ] 127.0.0.1 /Public/home/css/bootstrap.min.css.map
INFO: [ app_init ] --START--
INFO: Run Behavior\BuildLiteBehavior [ RunTime:0.000014s ]
INFO: [ app_init ] --END-- [ RunTime:0.000539s ]
ERR: 无法加载模块:Public

[ 2017-08-09T22:18:46+08:00 ] 127.0.0.1 /Public/home/js/hammer.min.js.map
INFO: [ app_init ] --START--
INFO: Run Behavior\BuildLiteBehavior [ RunTime:0.000023s ]
INFO: [ app_init ] --END-- [ RunTime:0.000831s ]
ERR: 无法加载模块:Public

[ 2017-08-09T22:18:48+08:00 ] 127.0.0.1 /Public/home/css/bootstrap.min.css.map
INFO: [ app_init ] --START--
INFO: Run Behavior\BuildLiteBehavior [ RunTime:0.000013s ]
INFO: [ app_init ] --END-- [ RunTime:0.000545s ]
ERR: 无法加载模块:Public

[ 2017-08-09T22:18:48+08:00 ] 127.0.0.1 /Public/home/js/hammer.min.js.map
INFO: [ app_init ] --START--
INFO: Run Behavior\BuildLiteBehavior [ RunTime:0.000020s ]
INFO: [ app_init ] --END-- [ RunTime:0.000738s ]
ERR: 无法加载模块:Public

[ 2017-08-09T22:19:05+08:00 ] 127.0.0.1 /Public/home/css/bootstrap.min.css.map
INFO: [ app_init ] --START--
INFO: Run Behavior\BuildLiteBehavior [ RunTime:0.000015s ]
INFO: [ app_init ] --END-- [ RunTime:0.000542s ]
ERR: 无法加载模块:Public

[ 2017-08-09T22:19:05+08:00 ] 127.0.0.1 /Public/home/js/hammer.min.js.map
INFO: [ app_init ] --START--
INFO: Run Behavior\BuildLiteBehavior [ RunTime:0.000024s ]
INFO: [ app_init ] --END-- [ RunTime:0.000871s ]
ERR: 无法加载模块:Public

[ 2017-08-09T22:20:56+08:00 ] 127.0.0.1 /Public/home/images/mobblielogo.png
INFO: [ app_init ] --START--
INFO: Run Behavior\BuildLiteBehavior [ RunTime:0.000014s ]
INFO: [ app_init ] --END-- [ RunTime:0.000543s ]
ERR: 无法加载模块:Public

[ 2017-08-09T22:21:02+08:00 ] 127.0.0.1 /Public/home/images/mobblielogo.png
INFO: [ app_init ] --START--
INFO: Run Behavior\BuildLiteBehavior [ RunTime:0.000023s ]
INFO: [ app_init ] --END-- [ RunTime:0.000827s ]
ERR: 无法加载模块:Public

[ 2017-08-09T22:21:03+08:00 ] 127.0.0.1 /Public/home/js/hammer.min.js.map
INFO: [ app_init ] --START--
INFO: Run Behavior\BuildLiteBehavior [ RunTime:0.000021s ]
INFO: [ app_init ] --END-- [ RunTime:0.000765s ]
ERR: 无法加载模块:Public

[ 2017-08-09T22:21:04+08:00 ] 127.0.0.1 /Public/home/css/bootstrap.css.map
INFO: [ app_init ] --START--
INFO: Run Behavior\BuildLiteBehavior [ RunTime:0.000021s ]
INFO: [ app_init ] --END-- [ RunTime:0.000586s ]
ERR: 无法加载模块:Public

[ 2017-08-09T22:21:31+08:00 ] 127.0.0.1 /Public/home/css/bootstrap.css.map
INFO: [ app_init ] --START--
INFO: Run Behavior\BuildLiteBehavior [ RunTime:0.000019s ]
INFO: [ app_init ] --END-- [ RunTime:0.000747s ]
ERR: 无法加载模块:Public

[ 2017-08-09T22:21:31+08:00 ] 127.0.0.1 /Public/home/js/hammer.min.js.map
INFO: [ app_init ] --START--
INFO: Run Behavior\BuildLiteBehavior [ RunTime:0.000021s ]
INFO: [ app_init ] --END-- [ RunTime:0.000750s ]
ERR: 无法加载模块:Public

[ 2017-08-09T22:21:31+08:00 ] 127.0.0.1 /Public/home/images/mobblielogo.png
INFO: [ app_init ] --START--
INFO: Run Behavior\BuildLiteBehavior [ RunTime:0.000114s ]
INFO: [ app_init ] --END-- [ RunTime:0.001171s ]
ERR: 无法加载模块:Public

[ 2017-08-09T22:24:14+08:00 ] 127.0.0.1 /Public/home/css/bootstrap.css.map
INFO: [ app_init ] --START--
INFO: Run Behavior\BuildLiteBehavior [ RunTime:0.000014s ]
INFO: [ app_init ] --END-- [ RunTime:0.000549s ]
ERR: 无法加载模块:Public

[ 2017-08-09T22:26:00+08:00 ] 127.0.0.1 /Public/home/css/bootstrap.css.map
INFO: [ app_init ] --START--
INFO: Run Behavior\BuildLiteBehavior [ RunTime:0.000018s ]
INFO: [ app_init ] --END-- [ RunTime:0.000728s ]
ERR: 无法加载模块:Public

[ 2017-08-09T22:26:01+08:00 ] 127.0.0.1 /Public/home/js/hammer.min.js.map
INFO: [ app_init ] --START--
INFO: Run Behavior\BuildLiteBehavior [ RunTime:0.000022s ]
INFO: [ app_init ] --END-- [ RunTime:0.000825s ]
ERR: 无法加载模块:Public

[ 2017-08-09T22:26:28+08:00 ] 127.0.0.1 /Public/home/images/mobblielogo.png
INFO: [ app_init ] --START--
INFO: Run Behavior\BuildLiteBehavior [ RunTime:0.000018s ]
INFO: [ app_init ] --END-- [ RunTime:0.000765s ]
ERR: 无法加载模块:Public

[ 2017-08-09T22:27:25+08:00 ] 127.0.0.1 /Upload/5989d698f383d.jpg
INFO: [ app_init ] --START--
INFO: Run Behavior\BuildLiteBehavior [ RunTime:0.000014s ]
INFO: [ app_init ] --END-- [ RunTime:0.000543s ]
ERR: 无法加载模块:Upload

[ 2017-08-09T22:29:05+08:00 ] 127.0.0.1 /Public/home/images/mobblielogo.png
INFO: [ app_init ] --START--
INFO: Run Behavior\BuildLiteBehavior [ RunTime:0.000021s ]
INFO: [ app_init ] --END-- [ RunTime:0.000772s ]
ERR: 无法加载模块:Public

[ 2017-08-09T22:31:04+08:00 ] 127.0.0.1 /Public/home/js/hammer.min.js.map
INFO: [ app_init ] --START--
INFO: Run Behavior\BuildLiteBehavior [ RunTime:0.000022s ]
INFO: [ app_init ] --END-- [ RunTime:0.000748s ]
ERR: 无法加载模块:Public

[ 2017-08-09T22:31:04+08:00 ] 127.0.0.1 /Public/home/css/bootstrap.min.css.map
INFO: [ app_init ] --START--
INFO: Run Behavior\BuildLiteBehavior [ RunTime:0.000016s ]
INFO: [ app_init ] --END-- [ RunTime:0.000752s ]
ERR: 无法加载模块:Public

[ 2017-08-09T22:31:45+08:00 ] 127.0.0.1 /Public/home/js/hammer.min.js.map
INFO: [ app_init ] --START--
INFO: Run Behavior\BuildLiteBehavior [ RunTime:0.000013s ]
INFO: [ app_init ] --END-- [ RunTime:0.000652s ]
ERR: 无法加载模块:Public

[ 2017-08-09T22:31:45+08:00 ] 127.0.0.1 /Public/home/css/bootstrap.css.map
INFO: [ app_init ] --START--
INFO: Run Behavior\BuildLiteBehavior [ RunTime:0.000015s ]
INFO: [ app_init ] --END-- [ RunTime:0.000544s ]
ERR: 无法加载模块:Public

[ 2017-08-09T22:37:17+08:00 ] 127.0.0.1 /Public/home/js/hammer.min.js.map
INFO: [ app_init ] --START--
INFO: Run Behavior\BuildLiteBehavior [ RunTime:0.000015s ]
INFO: [ app_init ] --END-- [ RunTime:0.000565s ]
ERR: 无法加载模块:Public

[ 2017-08-09T22:37:17+08:00 ] 127.0.0.1 /Public/home/css/bootstrap.css.map
INFO: [ app_init ] --START--
INFO: Run Behavior\BuildLiteBehavior [ RunTime:0.000015s ]
INFO: [ app_init ] --END-- [ RunTime:0.000788s ]
ERR: 无法加载模块:Public

[ 2017-08-09T22:38:20+08:00 ] 127.0.0.1 /Upload/5989d698f383d.jpg
INFO: [ app_init ] --START--
INFO: Run Behavior\BuildLiteBehavior [ RunTime:0.000015s ]
INFO: [ app_init ] --END-- [ RunTime:0.000689s ]
ERR: 无法加载模块:Upload

[ 2017-08-09T22:40:14+08:00 ] 127.0.0.1 /Public/home/js/hammer.min.js.map
INFO: [ app_init ] --START--
INFO: Run Behavior\BuildLiteBehavior [ RunTime:0.000022s ]
INFO: [ app_init ] --END-- [ RunTime:0.000868s ]
ERR: 无法加载模块:Public

[ 2017-08-09T22:40:14+08:00 ] 127.0.0.1 /Public/home/css/bootstrap.css.map
INFO: [ app_init ] --START--
INFO: Run Behavior\BuildLiteBehavior [ RunTime:0.000015s ]
INFO: [ app_init ] --END-- [ RunTime:0.000560s ]
ERR: 无法加载模块:Public

[ 2017-08-09T22:41:17+08:00 ] 127.0.0.1 /Upload/5989d698f383d.jpg
INFO: [ app_init ] --START--
INFO: Run Behavior\BuildLiteBehavior [ RunTime:0.000023s ]
INFO: [ app_init ] --END-- [ RunTime:0.000856s ]
ERR: 无法加载模块:Upload

[ 2017-08-09T22:41:40+08:00 ] 127.0.0.1 /Public/home/js/hammer.min.js.map
INFO: [ app_init ] --START--
INFO: Run Behavior\BuildLiteBehavior [ RunTime:0.000020s ]
INFO: [ app_init ] --END-- [ RunTime:0.000761s ]
ERR: 无法加载模块:Public

[ 2017-08-09T22:41:40+08:00 ] 127.0.0.1 /Public/home/css/bootstrap.css.map
INFO: [ app_init ] --START--
INFO: Run Behavior\BuildLiteBehavior [ RunTime:0.000022s ]
INFO: [ app_init ] --END-- [ RunTime:0.000773s ]
ERR: 无法加载模块:Public

[ 2017-08-09T22:47:05+08:00 ] 127.0.0.1 /Upload/5989d698f383d.jpg
INFO: [ app_init ] --START--
INFO: Run Behavior\BuildLiteBehavior [ RunTime:0.000015s ]
INFO: [ app_init ] --END-- [ RunTime:0.000556s ]
ERR: 无法加载模块:Upload

[ 2017-08-09T22:47:17+08:00 ] 127.0.0.1 /Upload/5989d698f383d.jpg
INFO: [ app_init ] --START--
INFO: Run Behavior\BuildLiteBehavior [ RunTime:0.000014s ]
INFO: [ app_init ] --END-- [ RunTime:0.000527s ]
ERR: 无法加载模块:Upload

[ 2017-08-09T22:47:24+08:00 ] 127.0.0.1 /Public/home/js/hammer.min.js.map
INFO: [ app_init ] --START--
INFO: Run Behavior\BuildLiteBehavior [ RunTime:0.000022s ]
INFO: [ app_init ] --END-- [ RunTime:0.000795s ]
ERR: 无法加载模块:Public

[ 2017-08-09T22:47:24+08:00 ] 127.0.0.1 /Public/home/css/bootstrap.min.css.map
INFO: [ app_init ] --START--
INFO: Run Behavior\BuildLiteBehavior [ RunTime:0.000021s ]
INFO: [ app_init ] --END-- [ RunTime:0.000674s ]
ERR: 无法加载模块:Public

[ 2017-08-09T22:49:14+08:00 ] 127.0.0.1 /Public/home/css/bootstrap.min.css.map
INFO: [ app_init ] --START--
INFO: Run Behavior\BuildLiteBehavior [ RunTime:0.000021s ]
INFO: [ app_init ] --END-- [ RunTime:0.000775s ]
ERR: 无法加载模块:Public

[ 2017-08-09T22:49:14+08:00 ] 127.0.0.1 /Upload/5989d698f383d.jpg
INFO: [ app_init ] --START--
INFO: Run Behavior\BuildLiteBehavior [ RunTime:0.000022s ]
INFO: [ app_init ] --END-- [ RunTime:0.000811s ]
ERR: 无法加载模块:Upload

[ 2017-08-09T22:49:14+08:00 ] 127.0.0.1 /Public/home/js/hammer.min.js.map
INFO: [ app_init ] --START--
INFO: Run Behavior\BuildLiteBehavior [ RunTime:0.000017s ]
INFO: [ app_init ] --END-- [ RunTime:0.000628s ]
ERR: 无法加载模块:Public

[ 2017-08-09T22:49:50+08:00 ] 127.0.0.1 /Public/home/css/bootstrap.min.css.map
INFO: [ app_init ] --START--
INFO: Run Behavior\BuildLiteBehavior [ RunTime:0.000023s ]
INFO: [ app_init ] --END-- [ RunTime:0.000853s ]
ERR: 无法加载模块:Public

[ 2017-08-09T22:49:50+08:00 ] 127.0.0.1 /Upload/5989d698f383d.jpg
INFO: [ app_init ] --START--
INFO: Run Behavior\BuildLiteBehavior [ RunTime:0.000014s ]
INFO: [ app_init ] --END-- [ RunTime:0.000539s ]
ERR: 无法加载模块:Upload

[ 2017-08-09T22:49:50+08:00 ] 127.0.0.1 /Public/home/js/hammer.min.js.map
INFO: [ app_init ] --START--
INFO: Run Behavior\BuildLiteBehavior [ RunTime:0.000023s ]
INFO: [ app_init ] --END-- [ RunTime:0.000955s ]
ERR: 无法加载模块:Public

[ 2017-08-09T22:50:08+08:00 ] 127.0.0.1 /Upload/5989d698f383d.jpg
INFO: [ app_init ] --START--
INFO: Run Behavior\BuildLiteBehavior [ RunTime:0.000015s ]
INFO: [ app_init ] --END-- [ RunTime:0.000551s ]
ERR: 无法加载模块:Upload

[ 2017-08-09T22:50:22+08:00 ] 127.0.0.1 /Upload/5989d698f383d.jpg
INFO: [ app_init ] --START--
INFO: Run Behavior\BuildLiteBehavior [ RunTime:0.000022s ]
INFO: [ app_init ] --END-- [ RunTime:0.000797s ]
ERR: 无法加载模块:Upload

[ 2017-08-09T22:53:43+08:00 ] 127.0.0.1 /Public/home/js/hammer.min.js.map
INFO: [ app_init ] --START--
INFO: Run Behavior\BuildLiteBehavior [ RunTime:0.000019s ]
INFO: [ app_init ] --END-- [ RunTime:0.000858s ]
ERR: 无法加载模块:Public

[ 2017-08-09T22:53:43+08:00 ] 127.0.0.1 /Public/home/css/bootstrap.css.map
INFO: [ app_init ] --START--
INFO: Run Behavior\BuildLiteBehavior [ RunTime:0.000015s ]
INFO: [ app_init ] --END-- [ RunTime:0.000553s ]
ERR: 无法加载模块:Public

[ 2017-08-09T22:53:46+08:00 ] 127.0.0.1 /Public/home/css/bootstrap.css.map
INFO: [ app_init ] --START--
INFO: Run Behavior\BuildLiteBehavior [ RunTime:0.000022s ]
INFO: [ app_init ] --END-- [ RunTime:0.001098s ]
ERR: 无法加载模块:Public

[ 2017-08-09T22:53:46+08:00 ] 127.0.0.1 /Public/home/js/hammer.min.js.map
INFO: [ app_init ] --START--
INFO: Run Behavior\BuildLiteBehavior [ RunTime:0.000024s ]
INFO: [ app_init ] --END-- [ RunTime:0.000751s ]
ERR: 无法加载模块:Public

[ 2017-08-09T23:01:43+08:00 ] 127.0.0.1 /Public/home/js/hammer.min.js.map
INFO: [ app_init ] --START--
INFO: Run Behavior\BuildLiteBehavior [ RunTime:0.000014s ]
INFO: [ app_init ] --END-- [ RunTime:0.000535s ]
ERR: 无法加载模块:Public

[ 2017-08-09T23:01:43+08:00 ] 127.0.0.1 /Public/home/css/bootstrap.css.map
INFO: [ app_init ] --START--
INFO: Run Behavior\BuildLiteBehavior [ RunTime:0.000014s ]
INFO: [ app_init ] --END-- [ RunTime:0.000523s ]
ERR: 无法加载模块:Public

[ 2017-08-09T23:01:45+08:00 ] 127.0.0.1 /Public/home/css/bootstrap.css.map
INFO: [ app_init ] --START--
INFO: Run Behavior\BuildLiteBehavior [ RunTime:0.000024s ]
INFO: [ app_init ] --END-- [ RunTime:0.001029s ]
ERR: 无法加载模块:Public

[ 2017-08-09T23:01:45+08:00 ] 127.0.0.1 /Public/home/js/hammer.min.js.map
INFO: [ app_init ] --START--
INFO: Run Behavior\BuildLiteBehavior [ RunTime:0.000056s ]
INFO: [ app_init ] --END-- [ RunTime:0.002368s ]
ERR: 无法加载模块:Public

[ 2017-08-09T23:07:35+08:00 ] 127.0.0.1 /Public/home/js/hammer.min.js.map
INFO: [ app_init ] --START--
INFO: Run Behavior\BuildLiteBehavior [ RunTime:0.000022s ]
INFO: [ app_init ] --END-- [ RunTime:0.000780s ]
ERR: 无法加载模块:Public

[ 2017-08-09T23:07:35+08:00 ] 127.0.0.1 /Public/home/css/bootstrap.css.map
INFO: [ app_init ] --START--
INFO: Run Behavior\BuildLiteBehavior [ RunTime:0.000021s ]
INFO: [ app_init ] --END-- [ RunTime:0.000761s ]
ERR: 无法加载模块:Public

[ 2017-08-09T23:07:48+08:00 ] 127.0.0.1 /Upload/5989d698f383d.jpg
INFO: [ app_init ] --START--
INFO: Run Behavior\BuildLiteBehavior [ RunTime:0.000021s ]
INFO: [ app_init ] --END-- [ RunTime:0.000745s ]
ERR: 无法加载模块:Upload

[ 2017-08-09T23:07:48+08:00 ] 127.0.0.1 /Public/home/css/bootstrap.min.css.map
INFO: [ app_init ] --START--
INFO: Run Behavior\BuildLiteBehavior [ RunTime:0.000020s ]
INFO: [ app_init ] --END-- [ RunTime:0.000736s ]
ERR: 无法加载模块:Public

[ 2017-08-09T23:07:48+08:00 ] 127.0.0.1 /Public/home/js/hammer.min.js.map
INFO: [ app_init ] --START--
INFO: Run Behavior\BuildLiteBehavior [ RunTime:0.000022s ]
INFO: [ app_init ] --END-- [ RunTime:0.000686s ]
ERR: 无法加载模块:Public

[ 2017-08-09T23:07:51+08:00 ] 127.0.0.1 /Public/home/css/bootstrap.css.map
INFO: [ app_init ] --START--
INFO: Run Behavior\BuildLiteBehavior [ RunTime:0.000022s ]
INFO: [ app_init ] --END-- [ RunTime:0.000782s ]
ERR: 无法加载模块:Public

[ 2017-08-09T23:07:51+08:00 ] 127.0.0.1 /Public/home/js/hammer.min.js.map
INFO: [ app_init ] --START--
INFO: Run Behavior\BuildLiteBehavior [ RunTime:0.000023s ]
INFO: [ app_init ] --END-- [ RunTime:0.000931s ]
ERR: 无法加载模块:Public

[ 2017-08-09T23:07:58+08:00 ] 127.0.0.1 /Upload/5989d698f383d.jpg
INFO: [ app_init ] --START--
INFO: Run Behavior\BuildLiteBehavior [ RunTime:0.000014s ]
INFO: [ app_init ] --END-- [ RunTime:0.000835s ]
ERR: 无法加载模块:Upload

[ 2017-08-09T23:23:28+08:00 ] 127.0.0.1 /Upload/5989d698f383d.jpg
INFO: [ app_init ] --START--
INFO: Run Behavior\BuildLiteBehavior [ RunTime:0.000020s ]
INFO: [ app_init ] --END-- [ RunTime:0.000985s ]
ERR: 无法加载模块:Upload

[ 2017-08-09T23:23:29+08:00 ] 127.0.0.1 /Upload/5989d699097b9.txt
INFO: [ app_init ] --START--
INFO: Run Behavior\BuildLiteBehavior [ RunTime:0.000021s ]
INFO: [ app_init ] --END-- [ RunTime:0.000734s ]
ERR: 无法加载模块:Upload

[ 2017-08-09T23:24:11+08:00 ] 127.0.0.1 /Upload/5989d698f383d.jpg
INFO: [ app_init ] --START--
INFO: Run Behavior\BuildLiteBehavior [ RunTime:0.000014s ]
INFO: [ app_init ] --END-- [ RunTime:0.000569s ]
ERR: 无法加载模块:Upload

[ 2017-08-09T23:45:53+08:00 ] 127.0.0.1 /Public/home/images/mobblielogo.png
INFO: [ app_init ] --START--
INFO: Run Behavior\BuildLiteBehavior [ RunTime:0.000014s ]
INFO: [ app_init ] --END-- [ RunTime:0.000548s ]
ERR: 无法加载模块:Public

[ 2017-08-09T23:46:20+08:00 ] 127.0.0.1 /Public/home/images/mobblielogo.png
INFO: [ app_init ] --START--
INFO: Run Behavior\BuildLiteBehavior [ RunTime:0.000023s ]
INFO: [ app_init ] --END-- [ RunTime:0.000941s ]
ERR: 无法加载模块:Public

