[ 2017-08-14T22:16:42+08:00 ] 127.0.0.1 /admin
INFO: [ app_init ] --START--
INFO: Run Behavior\BuildLiteBehavior [ RunTime:0.000025s ]
INFO: [ app_init ] --END-- [ RunTime:0.004521s ]
INFO: [ app_begin ] --START--
INFO: Run Behavior\ReadHtmlCacheBehavior [ RunTime:0.007007s ]
INFO: [ app_begin ] --END-- [ RunTime:0.007092s ]
INFO: [ view_parse ] --START--
INFO: [ template_filter ] --START--
INFO: Run Behavior\ContentReplaceBehavior [ RunTime:0.000051s ]
INFO: [ template_filter ] --END-- [ RunTime:0.000101s ]
INFO: Run Behavior\ParseTemplateBehavior [ RunTime:0.037728s ]
INFO: [ view_parse ] --END-- [ RunTime:0.037794s ]
INFO: [ view_filter ] --START--
INFO: Run Behavior\WriteHtmlCacheBehavior [ RunTime:0.010276s ]
INFO: [ view_filter ] --END-- [ RunTime:0.010352s ]
INFO: [ app_end ] --START--
INFO: Run Behavior\ShowPageTraceBehavior [ RunTime:0.011407s ]
INFO: [ app_end ] --END-- [ RunTime:0.011477s ]

[ 2017-08-14T22:16:45+08:00 ] 127.0.0.1 /index.php/Admin/video/taobao/li/1.html
INFO: [ app_init ] --START--
INFO: Run Behavior\BuildLiteBehavior [ RunTime:0.000017s ]
INFO: [ app_init ] --END-- [ RunTime:0.000822s ]
INFO: [ app_begin ] --START--
INFO: Run Behavior\ReadHtmlCacheBehavior [ RunTime:0.003951s ]
INFO: [ app_begin ] --END-- [ RunTime:0.004035s ]
SQL: SHOW COLUMNS FROM `taobao` [ RunTime:0.0043s ]
NOTIC: [2] Missing argument 1 for Think\Model::where(), called in C:\Users\zrkl\Desktop\jwx\jwx\Admin\Controller\VideoController.class.php on line 7 and defined C:\Users\zrkl\Desktop\jwx\ThinkPHP\Library\Think\Model.class.php 第 1797 行.
NOTIC: [8] Undefined variable: where C:\Users\zrkl\Desktop\jwx\ThinkPHP\Library\Think\Model.class.php 第 1805 行.
NOTIC: [8] Undefined variable: where C:\Users\zrkl\Desktop\jwx\ThinkPHP\Library\Think\Model.class.php 第 1808 行.
NOTIC: [8] Undefined variable: where C:\Users\zrkl\Desktop\jwx\ThinkPHP\Library\Think\Model.class.php 第 1816 行.
SQL: SELECT COUNT(*) AS tp_count FROM `taobao` LIMIT 1   [ RunTime:0.0003s ]
NOTIC: [2] Missing argument 1 for Think\Model::where(), called in C:\Users\zrkl\Desktop\jwx\jwx\Admin\Controller\VideoController.class.php on line 11 and defined C:\Users\zrkl\Desktop\jwx\ThinkPHP\Library\Think\Model.class.php 第 1797 行.
NOTIC: [8] Undefined variable: where C:\Users\zrkl\Desktop\jwx\ThinkPHP\Library\Think\Model.class.php 第 1805 行.
NOTIC: [8] Undefined variable: where C:\Users\zrkl\Desktop\jwx\ThinkPHP\Library\Think\Model.class.php 第 1808 行.
NOTIC: [8] Undefined variable: where C:\Users\zrkl\Desktop\jwx\ThinkPHP\Library\Think\Model.class.php 第 1816 行.
SQL: SELECT * FROM `taobao` ORDER BY state desc LIMIT 0,5   [ RunTime:0.0005s ]
INFO: [ view_parse ] --START--
INFO: [ template_filter ] --START--
INFO: Run Behavior\ContentReplaceBehavior [ RunTime:0.000052s ]
INFO: [ template_filter ] --END-- [ RunTime:0.000095s ]
INFO: Run Behavior\ParseTemplateBehavior [ RunTime:0.024026s ]
INFO: [ view_parse ] --END-- [ RunTime:0.024080s ]
INFO: [ view_filter ] --START--
INFO: Run Behavior\WriteHtmlCacheBehavior [ RunTime:0.002970s ]
INFO: [ view_filter ] --END-- [ RunTime:0.003006s ]
INFO: [ app_end ] --START--
INFO: Run Behavior\ShowPageTraceBehavior [ RunTime:0.003150s ]
INFO: [ app_end ] --END-- [ RunTime:0.003206s ]

[ 2017-08-14T22:16:49+08:00 ] 127.0.0.1 /index.php/Admin/dele/dele/type/1/name/1502720127.html
INFO: [ app_init ] --START--
INFO: Run Behavior\BuildLiteBehavior [ RunTime:0.000015s ]
INFO: [ app_init ] --END-- [ RunTime:0.000654s ]
INFO: [ app_begin ] --START--
INFO: Run Behavior\ReadHtmlCacheBehavior [ RunTime:0.007178s ]
INFO: [ app_begin ] --END-- [ RunTime:0.007245s ]
SQL: SHOW COLUMNS FROM `taobao` [ RunTime:0.0053s ]
SQL: SELECT `img`,`video`,`create` FROM `taobao` WHERE `create` = '1502720127' LIMIT 1   [ RunTime:0.0004s ]
NOTIC: [2] unlink(./Upload/Taobao/1502720127/Project_doc/20170814/5991b07f14ac5.mp4): No such file or directory C:\Users\zrkl\Desktop\jwx\jwx\Admin\Controller\DeleController.class.php 第 106 行.
NOTIC: [2] unlink(./Upload/Taobao/1502720126/Project_pic/20170814/5991b07ed74b2.jpg): No such file or directory C:\Users\zrkl\Desktop\jwx\jwx\Admin\Controller\DeleController.class.php 第 107 行.
SQL: DELETE FROM `taobao` WHERE `create` = '1502720127' [ RunTime:0.0004s ]

[ 2017-08-14T22:16:49+08:00 ] 127.0.0.1 /index.php/Admin/video/taobao.html
INFO: [ app_init ] --START--
INFO: Run Behavior\BuildLiteBehavior [ RunTime:0.000012s ]
INFO: [ app_init ] --END-- [ RunTime:0.000468s ]
INFO: [ app_begin ] --START--
INFO: Run Behavior\ReadHtmlCacheBehavior [ RunTime:0.006827s ]
INFO: [ app_begin ] --END-- [ RunTime:0.006882s ]
SQL: SHOW COLUMNS FROM `taobao` [ RunTime:0.0041s ]
NOTIC: [2] Missing argument 1 for Think\Model::where(), called in C:\Users\zrkl\Desktop\jwx\jwx\Admin\Controller\VideoController.class.php on line 7 and defined C:\Users\zrkl\Desktop\jwx\ThinkPHP\Library\Think\Model.class.php 第 1797 行.
NOTIC: [8] Undefined variable: where C:\Users\zrkl\Desktop\jwx\ThinkPHP\Library\Think\Model.class.php 第 1805 行.
NOTIC: [8] Undefined variable: where C:\Users\zrkl\Desktop\jwx\ThinkPHP\Library\Think\Model.class.php 第 1808 行.
NOTIC: [8] Undefined variable: where C:\Users\zrkl\Desktop\jwx\ThinkPHP\Library\Think\Model.class.php 第 1816 行.
SQL: SELECT COUNT(*) AS tp_count FROM `taobao` LIMIT 1   [ RunTime:0.0003s ]
NOTIC: [2] Missing argument 1 for Think\Model::where(), called in C:\Users\zrkl\Desktop\jwx\jwx\Admin\Controller\VideoController.class.php on line 11 and defined C:\Users\zrkl\Desktop\jwx\ThinkPHP\Library\Think\Model.class.php 第 1797 行.
NOTIC: [8] Undefined variable: where C:\Users\zrkl\Desktop\jwx\ThinkPHP\Library\Think\Model.class.php 第 1805 行.
NOTIC: [8] Undefined variable: where C:\Users\zrkl\Desktop\jwx\ThinkPHP\Library\Think\Model.class.php 第 1808 行.
NOTIC: [8] Undefined variable: where C:\Users\zrkl\Desktop\jwx\ThinkPHP\Library\Think\Model.class.php 第 1816 行.
SQL: SELECT * FROM `taobao` ORDER BY state desc LIMIT 0,5   [ RunTime:0.0005s ]
INFO: [ view_parse ] --START--
INFO: [ template_filter ] --START--
INFO: Run Behavior\ContentReplaceBehavior [ RunTime:0.000061s ]
INFO: [ template_filter ] --END-- [ RunTime:0.000106s ]
INFO: Run Behavior\ParseTemplateBehavior [ RunTime:0.044561s ]
INFO: [ view_parse ] --END-- [ RunTime:0.044610s ]
INFO: [ view_filter ] --START--
INFO: Run Behavior\WriteHtmlCacheBehavior [ RunTime:0.006662s ]
INFO: [ view_filter ] --END-- [ RunTime:0.006707s ]
INFO: [ app_end ] --START--
INFO: Run Behavior\ShowPageTraceBehavior [ RunTime:0.006400s ]
INFO: [ app_end ] --END-- [ RunTime:0.006444s ]

[ 2017-08-14T22:16:50+08:00 ] 127.0.0.1 /index.php/Admin/dele/dele/type/1/name/1502720124.html
INFO: [ app_init ] --START--
INFO: Run Behavior\BuildLiteBehavior [ RunTime:0.000021s ]
INFO: [ app_init ] --END-- [ RunTime:0.000578s ]
INFO: [ app_begin ] --START--
INFO: Run Behavior\ReadHtmlCacheBehavior [ RunTime:0.003473s ]
INFO: [ app_begin ] --END-- [ RunTime:0.003556s ]
SQL: SHOW COLUMNS FROM `taobao` [ RunTime:0.0041s ]
SQL: SELECT `img`,`video`,`create` FROM `taobao` WHERE `create` = '1502720124' LIMIT 1   [ RunTime:0.0003s ]
NOTIC: [2] unlink(./Upload/Taobao/1502720124/Project_doc/20170814/5991b07c3bc60.mp4): No such file or directory C:\Users\zrkl\Desktop\jwx\jwx\Admin\Controller\DeleController.class.php 第 106 行.
NOTIC: [2] unlink(./Upload/Taobao/1502720124/Project_pic/20170814/5991b07c0ac73.jpg): No such file or directory C:\Users\zrkl\Desktop\jwx\jwx\Admin\Controller\DeleController.class.php 第 107 行.
SQL: DELETE FROM `taobao` WHERE `create` = '1502720124' [ RunTime:0.0003s ]

[ 2017-08-14T22:16:50+08:00 ] 127.0.0.1 /index.php/Admin/video/taobao.html
INFO: [ app_init ] --START--
INFO: Run Behavior\BuildLiteBehavior [ RunTime:0.000018s ]
INFO: [ app_init ] --END-- [ RunTime:0.000671s ]
INFO: [ app_begin ] --START--
INFO: Run Behavior\ReadHtmlCacheBehavior [ RunTime:0.003088s ]
INFO: [ app_begin ] --END-- [ RunTime:0.003152s ]
SQL: SHOW COLUMNS FROM `taobao` [ RunTime:0.0051s ]
NOTIC: [2] Missing argument 1 for Think\Model::where(), called in C:\Users\zrkl\Desktop\jwx\jwx\Admin\Controller\VideoController.class.php on line 7 and defined C:\Users\zrkl\Desktop\jwx\ThinkPHP\Library\Think\Model.class.php 第 1797 行.
NOTIC: [8] Undefined variable: where C:\Users\zrkl\Desktop\jwx\ThinkPHP\Library\Think\Model.class.php 第 1805 行.
NOTIC: [8] Undefined variable: where C:\Users\zrkl\Desktop\jwx\ThinkPHP\Library\Think\Model.class.php 第 1808 行.
NOTIC: [8] Undefined variable: where C:\Users\zrkl\Desktop\jwx\ThinkPHP\Library\Think\Model.class.php 第 1816 行.
SQL: SELECT COUNT(*) AS tp_count FROM `taobao` LIMIT 1   [ RunTime:0.0003s ]
NOTIC: [2] Missing argument 1 for Think\Model::where(), called in C:\Users\zrkl\Desktop\jwx\jwx\Admin\Controller\VideoController.class.php on line 11 and defined C:\Users\zrkl\Desktop\jwx\ThinkPHP\Library\Think\Model.class.php 第 1797 行.
NOTIC: [8] Undefined variable: where C:\Users\zrkl\Desktop\jwx\ThinkPHP\Library\Think\Model.class.php 第 1805 行.
NOTIC: [8] Undefined variable: where C:\Users\zrkl\Desktop\jwx\ThinkPHP\Library\Think\Model.class.php 第 1808 行.
NOTIC: [8] Undefined variable: where C:\Users\zrkl\Desktop\jwx\ThinkPHP\Library\Think\Model.class.php 第 1816 行.
SQL: SELECT * FROM `taobao` ORDER BY state desc LIMIT 0,5   [ RunTime:0.0005s ]
INFO: [ view_parse ] --START--
INFO: [ template_filter ] --START--
INFO: Run Behavior\ContentReplaceBehavior [ RunTime:0.000055s ]
INFO: [ template_filter ] --END-- [ RunTime:0.000102s ]
INFO: Run Behavior\ParseTemplateBehavior [ RunTime:0.022478s ]
INFO: [ view_parse ] --END-- [ RunTime:0.022532s ]
INFO: [ view_filter ] --START--
INFO: Run Behavior\WriteHtmlCacheBehavior [ RunTime:0.002731s ]
INFO: [ view_filter ] --END-- [ RunTime:0.002764s ]
INFO: [ app_end ] --START--
INFO: Run Behavior\ShowPageTraceBehavior [ RunTime:0.002634s ]
INFO: [ app_end ] --END-- [ RunTime:0.002667s ]

[ 2017-08-14T22:16:51+08:00 ] 127.0.0.1 /index.php/Admin/dele/dele/type/1/name/1502720111.html
INFO: [ app_init ] --START--
INFO: Run Behavior\BuildLiteBehavior [ RunTime:0.000018s ]
INFO: [ app_init ] --END-- [ RunTime:0.000536s ]
INFO: [ app_begin ] --START--
INFO: Run Behavior\ReadHtmlCacheBehavior [ RunTime:0.004090s ]
INFO: [ app_begin ] --END-- [ RunTime:0.004158s ]
SQL: SHOW COLUMNS FROM `taobao` [ RunTime:0.0057s ]
SQL: SELECT `img`,`video`,`create` FROM `taobao` WHERE `create` = '1502720111' LIMIT 1   [ RunTime:0.0003s ]
NOTIC: [2] unlink(./Upload/Taobao/1502720111/Project_doc/20170814/5991b06fbab38.mp4): No such file or directory C:\Users\zrkl\Desktop\jwx\jwx\Admin\Controller\DeleController.class.php 第 106 行.
NOTIC: [2] unlink(./Upload/Taobao/1502720111/Project_pic/20170814/5991b06f7ed76.jpg): No such file or directory C:\Users\zrkl\Desktop\jwx\jwx\Admin\Controller\DeleController.class.php 第 107 行.
SQL: DELETE FROM `taobao` WHERE `create` = '1502720111' [ RunTime:0.0003s ]

[ 2017-08-14T22:16:51+08:00 ] 127.0.0.1 /index.php/Admin/video/taobao.html
INFO: [ app_init ] --START--
INFO: Run Behavior\BuildLiteBehavior [ RunTime:0.000017s ]
INFO: [ app_init ] --END-- [ RunTime:0.000695s ]
INFO: [ app_begin ] --START--
INFO: Run Behavior\ReadHtmlCacheBehavior [ RunTime:0.010568s ]
INFO: [ app_begin ] --END-- [ RunTime:0.010650s ]
SQL: SHOW COLUMNS FROM `taobao` [ RunTime:0.0041s ]
NOTIC: [2] Missing argument 1 for Think\Model::where(), called in C:\Users\zrkl\Desktop\jwx\jwx\Admin\Controller\VideoController.class.php on line 7 and defined C:\Users\zrkl\Desktop\jwx\ThinkPHP\Library\Think\Model.class.php 第 1797 行.
NOTIC: [8] Undefined variable: where C:\Users\zrkl\Desktop\jwx\ThinkPHP\Library\Think\Model.class.php 第 1805 行.
NOTIC: [8] Undefined variable: where C:\Users\zrkl\Desktop\jwx\ThinkPHP\Library\Think\Model.class.php 第 1808 行.
NOTIC: [8] Undefined variable: where C:\Users\zrkl\Desktop\jwx\ThinkPHP\Library\Think\Model.class.php 第 1816 行.
SQL: SELECT COUNT(*) AS tp_count FROM `taobao` LIMIT 1   [ RunTime:0.0002s ]
NOTIC: [2] Missing argument 1 for Think\Model::where(), called in C:\Users\zrkl\Desktop\jwx\jwx\Admin\Controller\VideoController.class.php on line 11 and defined C:\Users\zrkl\Desktop\jwx\ThinkPHP\Library\Think\Model.class.php 第 1797 行.
NOTIC: [8] Undefined variable: where C:\Users\zrkl\Desktop\jwx\ThinkPHP\Library\Think\Model.class.php 第 1805 行.
NOTIC: [8] Undefined variable: where C:\Users\zrkl\Desktop\jwx\ThinkPHP\Library\Think\Model.class.php 第 1808 行.
NOTIC: [8] Undefined variable: where C:\Users\zrkl\Desktop\jwx\ThinkPHP\Library\Think\Model.class.php 第 1816 行.
SQL: SELECT * FROM `taobao` ORDER BY state desc LIMIT 0,5   [ RunTime:0.0004s ]
INFO: [ view_parse ] --START--
INFO: [ template_filter ] --START--
INFO: Run Behavior\ContentReplaceBehavior [ RunTime:0.000055s ]
INFO: [ template_filter ] --END-- [ RunTime:0.000098s ]
INFO: Run Behavior\ParseTemplateBehavior [ RunTime:0.040670s ]
INFO: [ view_parse ] --END-- [ RunTime:0.040718s ]
INFO: [ view_filter ] --START--
INFO: Run Behavior\WriteHtmlCacheBehavior [ RunTime:0.007190s ]
INFO: [ view_filter ] --END-- [ RunTime:0.007237s ]
INFO: [ app_end ] --START--
INFO: Run Behavior\ShowPageTraceBehavior [ RunTime:0.006745s ]
INFO: [ app_end ] --END-- [ RunTime:0.006792s ]

[ 2017-08-14T22:16:52+08:00 ] 127.0.0.1 /index.php/Admin/dele/dele/type/1/name/1502720120.html
INFO: [ app_init ] --START--
INFO: Run Behavior\BuildLiteBehavior [ RunTime:0.000032s ]
INFO: [ app_init ] --END-- [ RunTime:0.001295s ]
INFO: [ app_begin ] --START--
INFO: Run Behavior\ReadHtmlCacheBehavior [ RunTime:0.003023s ]
INFO: [ app_begin ] --END-- [ RunTime:0.003356s ]
SQL: SHOW COLUMNS FROM `taobao` [ RunTime:0.0042s ]
SQL: SELECT `img`,`video`,`create` FROM `taobao` WHERE `create` = '1502720120' LIMIT 1   [ RunTime:0.0003s ]
NOTIC: [2] unlink(./Upload/Taobao/1502720120/Project_doc/20170814/5991b0788bc17.mp4): No such file or directory C:\Users\zrkl\Desktop\jwx\jwx\Admin\Controller\DeleController.class.php 第 106 行.
NOTIC: [2] unlink(./Upload/Taobao/1502720120/Project_pic/20170814/5991b078588b1.jpg): No such file or directory C:\Users\zrkl\Desktop\jwx\jwx\Admin\Controller\DeleController.class.php 第 107 行.
SQL: DELETE FROM `taobao` WHERE `create` = '1502720120' [ RunTime:0.0003s ]

[ 2017-08-14T22:16:52+08:00 ] 127.0.0.1 /index.php/Admin/video/taobao.html
INFO: [ app_init ] --START--
INFO: Run Behavior\BuildLiteBehavior [ RunTime:0.000019s ]
INFO: [ app_init ] --END-- [ RunTime:0.000769s ]
INFO: [ app_begin ] --START--
INFO: Run Behavior\ReadHtmlCacheBehavior [ RunTime:0.004250s ]
INFO: [ app_begin ] --END-- [ RunTime:0.004312s ]
SQL: SHOW COLUMNS FROM `taobao` [ RunTime:0.0043s ]
NOTIC: [2] Missing argument 1 for Think\Model::where(), called in C:\Users\zrkl\Desktop\jwx\jwx\Admin\Controller\VideoController.class.php on line 7 and defined C:\Users\zrkl\Desktop\jwx\ThinkPHP\Library\Think\Model.class.php 第 1797 行.
NOTIC: [8] Undefined variable: where C:\Users\zrkl\Desktop\jwx\ThinkPHP\Library\Think\Model.class.php 第 1805 行.
NOTIC: [8] Undefined variable: where C:\Users\zrkl\Desktop\jwx\ThinkPHP\Library\Think\Model.class.php 第 1808 行.
NOTIC: [8] Undefined variable: where C:\Users\zrkl\Desktop\jwx\ThinkPHP\Library\Think\Model.class.php 第 1816 行.
SQL: SELECT COUNT(*) AS tp_count FROM `taobao` LIMIT 1   [ RunTime:0.0002s ]
NOTIC: [2] Missing argument 1 for Think\Model::where(), called in C:\Users\zrkl\Desktop\jwx\jwx\Admin\Controller\VideoController.class.php on line 11 and defined C:\Users\zrkl\Desktop\jwx\ThinkPHP\Library\Think\Model.class.php 第 1797 行.
NOTIC: [8] Undefined variable: where C:\Users\zrkl\Desktop\jwx\ThinkPHP\Library\Think\Model.class.php 第 1805 行.
NOTIC: [8] Undefined variable: where C:\Users\zrkl\Desktop\jwx\ThinkPHP\Library\Think\Model.class.php 第 1808 行.
NOTIC: [8] Undefined variable: where C:\Users\zrkl\Desktop\jwx\ThinkPHP\Library\Think\Model.class.php 第 1816 行.
SQL: SELECT * FROM `taobao` ORDER BY state desc LIMIT 0,5   [ RunTime:0.0004s ]
INFO: [ view_parse ] --START--
INFO: [ template_filter ] --START--
INFO: Run Behavior\ContentReplaceBehavior [ RunTime:0.000061s ]
INFO: [ template_filter ] --END-- [ RunTime:0.000116s ]
INFO: Run Behavior\ParseTemplateBehavior [ RunTime:0.023180s ]
INFO: [ view_parse ] --END-- [ RunTime:0.023231s ]
INFO: [ view_filter ] --START--
INFO: Run Behavior\WriteHtmlCacheBehavior [ RunTime:0.003229s ]
INFO: [ view_filter ] --END-- [ RunTime:0.003275s ]
INFO: [ app_end ] --START--
INFO: Run Behavior\ShowPageTraceBehavior [ RunTime:0.003737s ]
INFO: [ app_end ] --END-- [ RunTime:0.003783s ]

[ 2017-08-14T22:16:53+08:00 ] 127.0.0.1 /index.php/Admin/dele/up/type/1.html
INFO: [ app_init ] --START--
INFO: Run Behavior\BuildLiteBehavior [ RunTime:0.000013s ]
INFO: [ app_init ] --END-- [ RunTime:0.000499s ]
INFO: [ app_begin ] --START--
INFO: Run Behavior\ReadHtmlCacheBehavior [ RunTime:0.008016s ]
INFO: [ app_begin ] --END-- [ RunTime:0.008096s ]
INFO: [ view_parse ] --START--
INFO: [ template_filter ] --START--
INFO: Run Behavior\ContentReplaceBehavior [ RunTime:0.000094s ]
INFO: [ template_filter ] --END-- [ RunTime:0.000158s ]
INFO: Run Behavior\ParseTemplateBehavior [ RunTime:0.053358s ]
INFO: [ view_parse ] --END-- [ RunTime:0.053440s ]
INFO: [ view_filter ] --START--
INFO: Run Behavior\WriteHtmlCacheBehavior [ RunTime:0.008207s ]
INFO: [ view_filter ] --END-- [ RunTime:0.008265s ]
INFO: [ app_end ] --START--
INFO: Run Behavior\ShowPageTraceBehavior [ RunTime:0.009182s ]
INFO: [ app_end ] --END-- [ RunTime:0.009234s ]

[ 2017-08-14T22:17:09+08:00 ] 127.0.0.1 /index.php/Admin/Dele/upimg.html
INFO: [ app_init ] --START--
INFO: Run Behavior\BuildLiteBehavior [ RunTime:0.000013s ]
INFO: [ app_init ] --END-- [ RunTime:0.000552s ]
INFO: [ app_begin ] --START--
INFO: Run Behavior\ReadHtmlCacheBehavior [ RunTime:0.002806s ]
INFO: [ app_begin ] --END-- [ RunTime:0.002859s ]
NOTIC: [2] mkdir(): File exists C:\Users\zrkl\Desktop\jwx\jwx\Admin\Controller\DeleController.class.php 第 21 行.
NOTIC: [2] call_user_func() expects parameter 1 to be a valid callback, no array or string given C:\Users\zrkl\Desktop\jwx\ThinkPHP\Library\Think\Upload.class.php 第 170 行.
NOTIC: [2] finfo_file(C:\Users\zrkl\Desktop\upupw\UPUPW_NP5.6\temp\phpD661.tmp): failed to open stream: No such file or directory C:\Users\zrkl\Desktop\jwx\ThinkPHP\Library\Think\Upload.class.php 第 152 行.
NOTIC: [2] call_user_func() expects parameter 1 to be a valid callback, no array or string given C:\Users\zrkl\Desktop\jwx\ThinkPHP\Library\Think\Upload.class.php 第 170 行.
SQL: SHOW COLUMNS FROM `taobao` [ RunTime:0.0051s ]
SQL: INSERT INTO `taobao` (`img`,`name`,`video`,`create`,`type`,`state`,`content`) VALUES ('/Upload/Taobao/1502720228/Project_pic/20170814/5991b0e4d0cb3.jpg','3','/Upload/Taobao/1502720228/Project_doc/20170814/5991b0e50a374.mp4','1502720229','企业宣传片','3','sdf') [ RunTime:0.0004s ]

[ 2017-08-14T22:17:09+08:00 ] 127.0.0.1 /index.php/Admin/video/taobao.html
INFO: [ app_init ] --START--
INFO: Run Behavior\BuildLiteBehavior [ RunTime:0.000013s ]
INFO: [ app_init ] --END-- [ RunTime:0.000545s ]
INFO: [ app_begin ] --START--
INFO: Run Behavior\ReadHtmlCacheBehavior [ RunTime:0.003184s ]
INFO: [ app_begin ] --END-- [ RunTime:0.003243s ]
SQL: SHOW COLUMNS FROM `taobao` [ RunTime:0.0042s ]
NOTIC: [2] Missing argument 1 for Think\Model::where(), called in C:\Users\zrkl\Desktop\jwx\jwx\Admin\Controller\VideoController.class.php on line 7 and defined C:\Users\zrkl\Desktop\jwx\ThinkPHP\Library\Think\Model.class.php 第 1797 行.
NOTIC: [8] Undefined variable: where C:\Users\zrkl\Desktop\jwx\ThinkPHP\Library\Think\Model.class.php 第 1805 行.
NOTIC: [8] Undefined variable: where C:\Users\zrkl\Desktop\jwx\ThinkPHP\Library\Think\Model.class.php 第 1808 行.
NOTIC: [8] Undefined variable: where C:\Users\zrkl\Desktop\jwx\ThinkPHP\Library\Think\Model.class.php 第 1816 行.
SQL: SELECT COUNT(*) AS tp_count FROM `taobao` LIMIT 1   [ RunTime:0.0003s ]
NOTIC: [2] Missing argument 1 for Think\Model::where(), called in C:\Users\zrkl\Desktop\jwx\jwx\Admin\Controller\VideoController.class.php on line 11 and defined C:\Users\zrkl\Desktop\jwx\ThinkPHP\Library\Think\Model.class.php 第 1797 行.
NOTIC: [8] Undefined variable: where C:\Users\zrkl\Desktop\jwx\ThinkPHP\Library\Think\Model.class.php 第 1805 行.
NOTIC: [8] Undefined variable: where C:\Users\zrkl\Desktop\jwx\ThinkPHP\Library\Think\Model.class.php 第 1808 行.
NOTIC: [8] Undefined variable: where C:\Users\zrkl\Desktop\jwx\ThinkPHP\Library\Think\Model.class.php 第 1816 行.
SQL: SELECT * FROM `taobao` ORDER BY state desc LIMIT 0,5   [ RunTime:0.0006s ]
INFO: [ view_parse ] --START--
INFO: [ template_filter ] --START--
INFO: Run Behavior\ContentReplaceBehavior [ RunTime:0.000051s ]
INFO: [ template_filter ] --END-- [ RunTime:0.000097s ]
INFO: Run Behavior\ParseTemplateBehavior [ RunTime:0.022158s ]
INFO: [ view_parse ] --END-- [ RunTime:0.022217s ]
INFO: [ view_filter ] --START--
INFO: Run Behavior\WriteHtmlCacheBehavior [ RunTime:0.002793s ]
INFO: [ view_filter ] --END-- [ RunTime:0.002828s ]
INFO: [ app_end ] --START--
INFO: Run Behavior\ShowPageTraceBehavior [ RunTime:0.002935s ]
INFO: [ app_end ] --END-- [ RunTime:0.002976s ]

[ 2017-08-14T22:17:13+08:00 ] 127.0.0.1 /index.php/Admin/Dele/upimg.html
INFO: [ app_init ] --START--
INFO: Run Behavior\BuildLiteBehavior [ RunTime:0.000014s ]
INFO: [ app_init ] --END-- [ RunTime:0.000555s ]
INFO: [ app_begin ] --START--
INFO: Run Behavior\ReadHtmlCacheBehavior [ RunTime:0.003252s ]
INFO: [ app_begin ] --END-- [ RunTime:0.003327s ]
NOTIC: [2] mkdir(): File exists C:\Users\zrkl\Desktop\jwx\jwx\Admin\Controller\DeleController.class.php 第 21 行.
NOTIC: [2] call_user_func() expects parameter 1 to be a valid callback, no array or string given C:\Users\zrkl\Desktop\jwx\ThinkPHP\Library\Think\Upload.class.php 第 170 行.
NOTIC: [2] finfo_file(C:\Users\zrkl\Desktop\upupw\UPUPW_NP5.6\temp\phpE67E.tmp): failed to open stream: No such file or directory C:\Users\zrkl\Desktop\jwx\ThinkPHP\Library\Think\Upload.class.php 第 152 行.
NOTIC: [2] call_user_func() expects parameter 1 to be a valid callback, no array or string given C:\Users\zrkl\Desktop\jwx\ThinkPHP\Library\Think\Upload.class.php 第 170 行.
SQL: SHOW COLUMNS FROM `taobao` [ RunTime:0.0048s ]
SQL: INSERT INTO `taobao` (`img`,`name`,`video`,`create`,`type`,`state`,`content`) VALUES ('/Upload/Taobao/1502720232/Project_pic/20170814/5991b0e8ebea2.jpg','3','/Upload/Taobao/1502720233/Project_doc/20170814/5991b0e92c99e.mp4','1502720233','企业宣传片','3','sdf') [ RunTime:0.0003s ]

[ 2017-08-14T22:17:13+08:00 ] 127.0.0.1 /index.php/Admin/video/taobao.html
INFO: [ app_init ] --START--
INFO: Run Behavior\BuildLiteBehavior [ RunTime:0.000013s ]
INFO: [ app_init ] --END-- [ RunTime:0.000536s ]
INFO: [ app_begin ] --START--
INFO: Run Behavior\ReadHtmlCacheBehavior [ RunTime:0.003174s ]
INFO: [ app_begin ] --END-- [ RunTime:0.003237s ]
SQL: SHOW COLUMNS FROM `taobao` [ RunTime:0.0050s ]
NOTIC: [2] Missing argument 1 for Think\Model::where(), called in C:\Users\zrkl\Desktop\jwx\jwx\Admin\Controller\VideoController.class.php on line 7 and defined C:\Users\zrkl\Desktop\jwx\ThinkPHP\Library\Think\Model.class.php 第 1797 行.
NOTIC: [8] Undefined variable: where C:\Users\zrkl\Desktop\jwx\ThinkPHP\Library\Think\Model.class.php 第 1805 行.
NOTIC: [8] Undefined variable: where C:\Users\zrkl\Desktop\jwx\ThinkPHP\Library\Think\Model.class.php 第 1808 行.
NOTIC: [8] Undefined variable: where C:\Users\zrkl\Desktop\jwx\ThinkPHP\Library\Think\Model.class.php 第 1816 行.
SQL: SELECT COUNT(*) AS tp_count FROM `taobao` LIMIT 1   [ RunTime:0.0003s ]
NOTIC: [2] Missing argument 1 for Think\Model::where(), called in C:\Users\zrkl\Desktop\jwx\jwx\Admin\Controller\VideoController.class.php on line 11 and defined C:\Users\zrkl\Desktop\jwx\ThinkPHP\Library\Think\Model.class.php 第 1797 行.
NOTIC: [8] Undefined variable: where C:\Users\zrkl\Desktop\jwx\ThinkPHP\Library\Think\Model.class.php 第 1805 行.
NOTIC: [8] Undefined variable: where C:\Users\zrkl\Desktop\jwx\ThinkPHP\Library\Think\Model.class.php 第 1808 行.
NOTIC: [8] Undefined variable: where C:\Users\zrkl\Desktop\jwx\ThinkPHP\Library\Think\Model.class.php 第 1816 行.
SQL: SELECT * FROM `taobao` ORDER BY state desc LIMIT 0,5   [ RunTime:0.0004s ]
INFO: [ view_parse ] --START--
INFO: [ template_filter ] --START--
INFO: Run Behavior\ContentReplaceBehavior [ RunTime:0.000083s ]
INFO: [ template_filter ] --END-- [ RunTime:0.000155s ]
INFO: Run Behavior\ParseTemplateBehavior [ RunTime:0.044567s ]
INFO: [ view_parse ] --END-- [ RunTime:0.044690s ]
INFO: [ view_filter ] --START--
INFO: Run Behavior\WriteHtmlCacheBehavior [ RunTime:0.009017s ]
INFO: [ view_filter ] --END-- [ RunTime:0.009074s ]
INFO: [ app_end ] --START--
INFO: Run Behavior\ShowPageTraceBehavior [ RunTime:0.007137s ]
INFO: [ app_end ] --END-- [ RunTime:0.007186s ]

[ 2017-08-14T22:17:16+08:00 ] 127.0.0.1 /index.php/Admin/Dele/upimg.html
INFO: [ app_init ] --START--
INFO: Run Behavior\BuildLiteBehavior [ RunTime:0.000018s ]
INFO: [ app_init ] --END-- [ RunTime:0.000743s ]
INFO: [ app_begin ] --START--
INFO: Run Behavior\ReadHtmlCacheBehavior [ RunTime:0.004365s ]
INFO: [ app_begin ] --END-- [ RunTime:0.004504s ]
NOTIC: [2] mkdir(): File exists C:\Users\zrkl\Desktop\jwx\jwx\Admin\Controller\DeleController.class.php 第 21 行.
NOTIC: [2] call_user_func() expects parameter 1 to be a valid callback, no array or string given C:\Users\zrkl\Desktop\jwx\ThinkPHP\Library\Think\Upload.class.php 第 170 行.
NOTIC: [2] finfo_file(C:\Users\zrkl\Desktop\upupw\UPUPW_NP5.6\temp\phpF1F9.tmp): failed to open stream: No such file or directory C:\Users\zrkl\Desktop\jwx\ThinkPHP\Library\Think\Upload.class.php 第 152 行.
NOTIC: [2] call_user_func() expects parameter 1 to be a valid callback, no array or string given C:\Users\zrkl\Desktop\jwx\ThinkPHP\Library\Think\Upload.class.php 第 170 行.
SQL: SHOW COLUMNS FROM `taobao` [ RunTime:0.0044s ]
SQL: INSERT INTO `taobao` (`img`,`name`,`video`,`create`,`type`,`state`,`content`) VALUES ('/Upload/Taobao/1502720235/Project_pic/20170814/5991b0ebebbc3.jpg','3','/Upload/Taobao/1502720236/Project_doc/20170814/5991b0ec326e4.mp4','1502720236','企业宣传片','3','sdf') [ RunTime:0.0003s ]

[ 2017-08-14T22:17:16+08:00 ] 127.0.0.1 /index.php/Admin/video/taobao.html
INFO: [ app_init ] --START--
INFO: Run Behavior\BuildLiteBehavior [ RunTime:0.000014s ]
INFO: [ app_init ] --END-- [ RunTime:0.000512s ]
INFO: [ app_begin ] --START--
INFO: Run Behavior\ReadHtmlCacheBehavior [ RunTime:0.004197s ]
INFO: [ app_begin ] --END-- [ RunTime:0.004288s ]
SQL: SHOW COLUMNS FROM `taobao` [ RunTime:0.0050s ]
NOTIC: [2] Missing argument 1 for Think\Model::where(), called in C:\Users\zrkl\Desktop\jwx\jwx\Admin\Controller\VideoController.class.php on line 7 and defined C:\Users\zrkl\Desktop\jwx\ThinkPHP\Library\Think\Model.class.php 第 1797 行.
NOTIC: [8] Undefined variable: where C:\Users\zrkl\Desktop\jwx\ThinkPHP\Library\Think\Model.class.php 第 1805 行.
NOTIC: [8] Undefined variable: where C:\Users\zrkl\Desktop\jwx\ThinkPHP\Library\Think\Model.class.php 第 1808 行.
NOTIC: [8] Undefined variable: where C:\Users\zrkl\Desktop\jwx\ThinkPHP\Library\Think\Model.class.php 第 1816 行.
SQL: SELECT COUNT(*) AS tp_count FROM `taobao` LIMIT 1   [ RunTime:0.0002s ]
NOTIC: [2] Missing argument 1 for Think\Model::where(), called in C:\Users\zrkl\Desktop\jwx\jwx\Admin\Controller\VideoController.class.php on line 11 and defined C:\Users\zrkl\Desktop\jwx\ThinkPHP\Library\Think\Model.class.php 第 1797 行.
NOTIC: [8] Undefined variable: where C:\Users\zrkl\Desktop\jwx\ThinkPHP\Library\Think\Model.class.php 第 1805 行.
NOTIC: [8] Undefined variable: where C:\Users\zrkl\Desktop\jwx\ThinkPHP\Library\Think\Model.class.php 第 1808 行.
NOTIC: [8] Undefined variable: where C:\Users\zrkl\Desktop\jwx\ThinkPHP\Library\Think\Model.class.php 第 1816 行.
SQL: SELECT * FROM `taobao` ORDER BY state desc LIMIT 0,5   [ RunTime:0.0005s ]
INFO: [ view_parse ] --START--
INFO: [ template_filter ] --START--
INFO: Run Behavior\ContentReplaceBehavior [ RunTime:0.000082s ]
INFO: [ template_filter ] --END-- [ RunTime:0.000146s ]
INFO: Run Behavior\ParseTemplateBehavior [ RunTime:0.027101s ]
INFO: [ view_parse ] --END-- [ RunTime:0.027172s ]
INFO: [ view_filter ] --START--
INFO: Run Behavior\WriteHtmlCacheBehavior [ RunTime:0.003906s ]
INFO: [ view_filter ] --END-- [ RunTime:0.003970s ]
INFO: [ app_end ] --START--
INFO: Run Behavior\ShowPageTraceBehavior [ RunTime:0.003926s ]
INFO: [ app_end ] --END-- [ RunTime:0.003994s ]

[ 2017-08-14T22:17:19+08:00 ] 127.0.0.1 /index.php/Admin/Dele/upimg.html
INFO: [ app_init ] --START--
INFO: Run Behavior\BuildLiteBehavior [ RunTime:0.000014s ]
INFO: [ app_init ] --END-- [ RunTime:0.000540s ]
INFO: [ app_begin ] --START--
INFO: Run Behavior\ReadHtmlCacheBehavior [ RunTime:0.003080s ]
INFO: [ app_begin ] --END-- [ RunTime:0.003140s ]
NOTIC: [2] mkdir(): File exists C:\Users\zrkl\Desktop\jwx\jwx\Admin\Controller\DeleController.class.php 第 21 行.
NOTIC: [2] call_user_func() expects parameter 1 to be a valid callback, no array or string given C:\Users\zrkl\Desktop\jwx\ThinkPHP\Library\Think\Upload.class.php 第 170 行.
NOTIC: [2] finfo_file(C:\Users\zrkl\Desktop\upupw\UPUPW_NP5.6\temp\phpFD90.tmp): failed to open stream: No such file or directory C:\Users\zrkl\Desktop\jwx\ThinkPHP\Library\Think\Upload.class.php 第 152 行.
NOTIC: [2] call_user_func() expects parameter 1 to be a valid callback, no array or string given C:\Users\zrkl\Desktop\jwx\ThinkPHP\Library\Think\Upload.class.php 第 170 行.
SQL: SHOW COLUMNS FROM `taobao` [ RunTime:0.0056s ]
SQL: INSERT INTO `taobao` (`img`,`name`,`video`,`create`,`type`,`state`,`content`) VALUES ('/Upload/Taobao/1502720238/Project_pic/20170814/5991b0eedd906.jpg','3','/Upload/Taobao/1502720239/Project_doc/20170814/5991b0ef19ab7.mp4','1502720239','企业宣传片','3','sdf') [ RunTime:0.0003s ]

[ 2017-08-14T22:17:19+08:00 ] 127.0.0.1 /index.php/Admin/video/taobao.html
INFO: [ app_init ] --START--
INFO: Run Behavior\BuildLiteBehavior [ RunTime:0.000021s ]
INFO: [ app_init ] --END-- [ RunTime:0.000796s ]
INFO: [ app_begin ] --START--
INFO: Run Behavior\ReadHtmlCacheBehavior [ RunTime:0.002894s ]
INFO: [ app_begin ] --END-- [ RunTime:0.002951s ]
SQL: SHOW COLUMNS FROM `taobao` [ RunTime:0.0041s ]
NOTIC: [2] Missing argument 1 for Think\Model::where(), called in C:\Users\zrkl\Desktop\jwx\jwx\Admin\Controller\VideoController.class.php on line 7 and defined C:\Users\zrkl\Desktop\jwx\ThinkPHP\Library\Think\Model.class.php 第 1797 行.
NOTIC: [8] Undefined variable: where C:\Users\zrkl\Desktop\jwx\ThinkPHP\Library\Think\Model.class.php 第 1805 行.
NOTIC: [8] Undefined variable: where C:\Users\zrkl\Desktop\jwx\ThinkPHP\Library\Think\Model.class.php 第 1808 行.
NOTIC: [8] Undefined variable: where C:\Users\zrkl\Desktop\jwx\ThinkPHP\Library\Think\Model.class.php 第 1816 行.
SQL: SELECT COUNT(*) AS tp_count FROM `taobao` LIMIT 1   [ RunTime:0.0002s ]
NOTIC: [2] Missing argument 1 for Think\Model::where(), called in C:\Users\zrkl\Desktop\jwx\jwx\Admin\Controller\VideoController.class.php on line 11 and defined C:\Users\zrkl\Desktop\jwx\ThinkPHP\Library\Think\Model.class.php 第 1797 行.
NOTIC: [8] Undefined variable: where C:\Users\zrkl\Desktop\jwx\ThinkPHP\Library\Think\Model.class.php 第 1805 行.
NOTIC: [8] Undefined variable: where C:\Users\zrkl\Desktop\jwx\ThinkPHP\Library\Think\Model.class.php 第 1808 行.
NOTIC: [8] Undefined variable: where C:\Users\zrkl\Desktop\jwx\ThinkPHP\Library\Think\Model.class.php 第 1816 行.
SQL: SELECT * FROM `taobao` ORDER BY state desc LIMIT 0,5   [ RunTime:0.0005s ]
INFO: [ view_parse ] --START--
INFO: [ template_filter ] --START--
INFO: Run Behavior\ContentReplaceBehavior [ RunTime:0.000053s ]
INFO: [ template_filter ] --END-- [ RunTime:0.000095s ]
INFO: Run Behavior\ParseTemplateBehavior [ RunTime:0.023461s ]
INFO: [ view_parse ] --END-- [ RunTime:0.023508s ]
INFO: [ view_filter ] --START--
INFO: Run Behavior\WriteHtmlCacheBehavior [ RunTime:0.003186s ]
INFO: [ view_filter ] --END-- [ RunTime:0.003228s ]
INFO: [ app_end ] --START--
INFO: Run Behavior\ShowPageTraceBehavior [ RunTime:0.002995s ]
INFO: [ app_end ] --END-- [ RunTime:0.003051s ]

[ 2017-08-14T22:17:22+08:00 ] 127.0.0.1 /admin
INFO: [ app_init ] --START--
INFO: Run Behavior\BuildLiteBehavior [ RunTime:0.000012s ]
INFO: [ app_init ] --END-- [ RunTime:0.000504s ]
INFO: [ app_begin ] --START--
INFO: Run Behavior\ReadHtmlCacheBehavior [ RunTime:0.009864s ]
INFO: [ app_begin ] --END-- [ RunTime:0.009953s ]
INFO: [ view_parse ] --START--
INFO: [ template_filter ] --START--
INFO: Run Behavior\ContentReplaceBehavior [ RunTime:0.000072s ]
INFO: [ template_filter ] --END-- [ RunTime:0.000147s ]
INFO: Run Behavior\ParseTemplateBehavior [ RunTime:0.022577s ]
INFO: [ view_parse ] --END-- [ RunTime:0.022646s ]
INFO: [ view_filter ] --START--
INFO: Run Behavior\WriteHtmlCacheBehavior [ RunTime:0.002925s ]
INFO: [ view_filter ] --END-- [ RunTime:0.002961s ]
INFO: [ app_end ] --START--
INFO: Run Behavior\ShowPageTraceBehavior [ RunTime:0.003048s ]
INFO: [ app_end ] --END-- [ RunTime:0.003098s ]

[ 2017-08-14T22:23:02+08:00 ] 127.0.0.1 /index.php/Admin/dele/dele/type/1/name/1502720127.html
INFO: [ app_init ] --START--
INFO: Run Behavior\BuildLiteBehavior [ RunTime:0.000017s ]
INFO: [ app_init ] --END-- [ RunTime:0.000723s ]
INFO: [ app_begin ] --START--
INFO: Run Behavior\ReadHtmlCacheBehavior [ RunTime:0.002973s ]
INFO: [ app_begin ] --END-- [ RunTime:0.003039s ]
SQL: SHOW COLUMNS FROM `taobao` [ RunTime:0.0050s ]
SQL: SELECT `img`,`video`,`create` FROM `taobao` WHERE `create` = '1502720127' LIMIT 1   [ RunTime:0.0003s ]
NOTIC: [2] unlink(.): Permission denied C:\Users\zrkl\Desktop\jwx\jwx\Admin\Controller\DeleController.class.php 第 106 行.
NOTIC: [2] unlink(.): Permission denied C:\Users\zrkl\Desktop\jwx\jwx\Admin\Controller\DeleController.class.php 第 107 行.
SQL: DELETE FROM `taobao` WHERE `create` = '1502720127' [ RunTime:0.0003s ]
INFO: [ app_end ] --START--
INFO: Run Behavior\ShowPageTraceBehavior [ RunTime:0.002924s ]
INFO: [ app_end ] --END-- [ RunTime:0.002965s ]

[ 2017-08-14T22:23:03+08:00 ] 127.0.0.1 /index.php/Admin/dele/dele/type/1/name/1502720127.html
INFO: [ app_init ] --START--
INFO: Run Behavior\BuildLiteBehavior [ RunTime:0.000022s ]
INFO: [ app_init ] --END-- [ RunTime:0.001340s ]
INFO: [ app_begin ] --START--
INFO: Run Behavior\ReadHtmlCacheBehavior [ RunTime:0.004379s ]
INFO: [ app_begin ] --END-- [ RunTime:0.004471s ]
SQL: SHOW COLUMNS FROM `taobao` [ RunTime:0.0059s ]
SQL: SELECT `img`,`video`,`create` FROM `taobao` WHERE `create` = '1502720127' LIMIT 1   [ RunTime:0.0004s ]
NOTIC: [2] unlink(.): Permission denied C:\Users\zrkl\Desktop\jwx\jwx\Admin\Controller\DeleController.class.php 第 106 行.
NOTIC: [2] unlink(.): Permission denied C:\Users\zrkl\Desktop\jwx\jwx\Admin\Controller\DeleController.class.php 第 107 行.
SQL: DELETE FROM `taobao` WHERE `create` = '1502720127' [ RunTime:0.0003s ]
INFO: [ app_end ] --START--
INFO: Run Behavior\ShowPageTraceBehavior [ RunTime:0.004180s ]
INFO: [ app_end ] --END-- [ RunTime:0.004248s ]

[ 2017-08-14T22:23:06+08:00 ] 127.0.0.1 /index.php/Admin/dele/dele/type/1/name/1502720229.html
INFO: [ app_init ] --START--
INFO: Run Behavior\BuildLiteBehavior [ RunTime:0.000013s ]
INFO: [ app_init ] --END-- [ RunTime:0.000511s ]
INFO: [ app_begin ] --START--
INFO: Run Behavior\ReadHtmlCacheBehavior [ RunTime:0.002902s ]
INFO: [ app_begin ] --END-- [ RunTime:0.002953s ]
SQL: SHOW COLUMNS FROM `taobao` [ RunTime:0.0042s ]
SQL: SELECT `img`,`video`,`create` FROM `taobao` WHERE `create` = '1502720229' LIMIT 1   [ RunTime:0.0003s ]
SQL: DELETE FROM `taobao` WHERE `create` = '1502720229' [ RunTime:0.0004s ]

[ 2017-08-14T22:23:06+08:00 ] 127.0.0.1 /index.php/Admin/video/taobao.html
INFO: [ app_init ] --START--
INFO: Run Behavior\BuildLiteBehavior [ RunTime:0.000013s ]
INFO: [ app_init ] --END-- [ RunTime:0.000495s ]
INFO: [ app_begin ] --START--
INFO: Run Behavior\ReadHtmlCacheBehavior [ RunTime:0.003330s ]
INFO: [ app_begin ] --END-- [ RunTime:0.003387s ]
SQL: SHOW COLUMNS FROM `taobao` [ RunTime:0.0045s ]
NOTIC: [2] Missing argument 1 for Think\Model::where(), called in C:\Users\zrkl\Desktop\jwx\jwx\Admin\Controller\VideoController.class.php on line 7 and defined C:\Users\zrkl\Desktop\jwx\ThinkPHP\Library\Think\Model.class.php 第 1797 行.
NOTIC: [8] Undefined variable: where C:\Users\zrkl\Desktop\jwx\ThinkPHP\Library\Think\Model.class.php 第 1805 行.
NOTIC: [8] Undefined variable: where C:\Users\zrkl\Desktop\jwx\ThinkPHP\Library\Think\Model.class.php 第 1808 行.
NOTIC: [8] Undefined variable: where C:\Users\zrkl\Desktop\jwx\ThinkPHP\Library\Think\Model.class.php 第 1816 行.
SQL: SELECT COUNT(*) AS tp_count FROM `taobao` LIMIT 1   [ RunTime:0.0003s ]
NOTIC: [2] Missing argument 1 for Think\Model::where(), called in C:\Users\zrkl\Desktop\jwx\jwx\Admin\Controller\VideoController.class.php on line 11 and defined C:\Users\zrkl\Desktop\jwx\ThinkPHP\Library\Think\Model.class.php 第 1797 行.
NOTIC: [8] Undefined variable: where C:\Users\zrkl\Desktop\jwx\ThinkPHP\Library\Think\Model.class.php 第 1805 行.
NOTIC: [8] Undefined variable: where C:\Users\zrkl\Desktop\jwx\ThinkPHP\Library\Think\Model.class.php 第 1808 行.
NOTIC: [8] Undefined variable: where C:\Users\zrkl\Desktop\jwx\ThinkPHP\Library\Think\Model.class.php 第 1816 行.
SQL: SELECT * FROM `taobao` ORDER BY state desc LIMIT 0,5   [ RunTime:0.0005s ]
INFO: [ view_parse ] --START--
INFO: [ template_filter ] --START--
INFO: Run Behavior\ContentReplaceBehavior [ RunTime:0.000053s ]
INFO: [ template_filter ] --END-- [ RunTime:0.000096s ]
INFO: Run Behavior\ParseTemplateBehavior [ RunTime:0.021587s ]
INFO: [ view_parse ] --END-- [ RunTime:0.021640s ]
INFO: [ view_filter ] --START--
INFO: Run Behavior\WriteHtmlCacheBehavior [ RunTime:0.003669s ]
INFO: [ view_filter ] --END-- [ RunTime:0.003714s ]
INFO: [ app_end ] --START--
INFO: Run Behavior\ShowPageTraceBehavior [ RunTime:0.002802s ]
INFO: [ app_end ] --END-- [ RunTime:0.002840s ]

[ 2017-08-14T22:23:07+08:00 ] 127.0.0.1 /index.php/Admin/dele/dele/type/1/name/1502720233.html
INFO: [ app_init ] --START--
INFO: Run Behavior\BuildLiteBehavior [ RunTime:0.000025s ]
INFO: [ app_init ] --END-- [ RunTime:0.000749s ]
INFO: [ app_begin ] --START--
INFO: Run Behavior\ReadHtmlCacheBehavior [ RunTime:0.003134s ]
INFO: [ app_begin ] --END-- [ RunTime:0.003189s ]
SQL: SHOW COLUMNS FROM `taobao` [ RunTime:0.0045s ]
SQL: SELECT `img`,`video`,`create` FROM `taobao` WHERE `create` = '1502720233' LIMIT 1   [ RunTime:0.0005s ]
SQL: DELETE FROM `taobao` WHERE `create` = '1502720233' [ RunTime:0.0004s ]

[ 2017-08-14T22:23:07+08:00 ] 127.0.0.1 /index.php/Admin/video/taobao.html
INFO: [ app_init ] --START--
INFO: Run Behavior\BuildLiteBehavior [ RunTime:0.000014s ]
INFO: [ app_init ] --END-- [ RunTime:0.000525s ]
INFO: [ app_begin ] --START--
INFO: Run Behavior\ReadHtmlCacheBehavior [ RunTime:0.003409s ]
INFO: [ app_begin ] --END-- [ RunTime:0.003469s ]
SQL: SHOW COLUMNS FROM `taobao` [ RunTime:0.0043s ]
NOTIC: [2] Missing argument 1 for Think\Model::where(), called in C:\Users\zrkl\Desktop\jwx\jwx\Admin\Controller\VideoController.class.php on line 7 and defined C:\Users\zrkl\Desktop\jwx\ThinkPHP\Library\Think\Model.class.php 第 1797 行.
NOTIC: [8] Undefined variable: where C:\Users\zrkl\Desktop\jwx\ThinkPHP\Library\Think\Model.class.php 第 1805 行.
NOTIC: [8] Undefined variable: where C:\Users\zrkl\Desktop\jwx\ThinkPHP\Library\Think\Model.class.php 第 1808 行.
NOTIC: [8] Undefined variable: where C:\Users\zrkl\Desktop\jwx\ThinkPHP\Library\Think\Model.class.php 第 1816 行.
SQL: SELECT COUNT(*) AS tp_count FROM `taobao` LIMIT 1   [ RunTime:0.0003s ]
NOTIC: [2] Missing argument 1 for Think\Model::where(), called in C:\Users\zrkl\Desktop\jwx\jwx\Admin\Controller\VideoController.class.php on line 11 and defined C:\Users\zrkl\Desktop\jwx\ThinkPHP\Library\Think\Model.class.php 第 1797 行.
NOTIC: [8] Undefined variable: where C:\Users\zrkl\Desktop\jwx\ThinkPHP\Library\Think\Model.class.php 第 1805 行.
NOTIC: [8] Undefined variable: where C:\Users\zrkl\Desktop\jwx\ThinkPHP\Library\Think\Model.class.php 第 1808 行.
NOTIC: [8] Undefined variable: where C:\Users\zrkl\Desktop\jwx\ThinkPHP\Library\Think\Model.class.php 第 1816 行.
SQL: SELECT * FROM `taobao` ORDER BY state desc LIMIT 0,5   [ RunTime:0.0004s ]
INFO: [ view_parse ] --START--
INFO: [ template_filter ] --START--
INFO: Run Behavior\ContentReplaceBehavior [ RunTime:0.000059s ]
INFO: [ template_filter ] --END-- [ RunTime:0.000109s ]
INFO: Run Behavior\ParseTemplateBehavior [ RunTime:0.022938s ]
INFO: [ view_parse ] --END-- [ RunTime:0.022989s ]
INFO: [ view_filter ] --START--
INFO: Run Behavior\WriteHtmlCacheBehavior [ RunTime:0.002790s ]
INFO: [ view_filter ] --END-- [ RunTime:0.002826s ]
INFO: [ app_end ] --START--
INFO: Run Behavior\ShowPageTraceBehavior [ RunTime:0.002622s ]
INFO: [ app_end ] --END-- [ RunTime:0.002655s ]

[ 2017-08-14T22:23:08+08:00 ] 127.0.0.1 /index.php/Admin/dele/dele/type/1/name/1502720236.html
INFO: [ app_init ] --START--
INFO: Run Behavior\BuildLiteBehavior [ RunTime:0.000021s ]
INFO: [ app_init ] --END-- [ RunTime:0.001577s ]
INFO: [ app_begin ] --START--
INFO: Run Behavior\ReadHtmlCacheBehavior [ RunTime:0.006962s ]
INFO: [ app_begin ] --END-- [ RunTime:0.007027s ]
SQL: SHOW COLUMNS FROM `taobao` [ RunTime:0.0064s ]
SQL: SELECT `img`,`video`,`create` FROM `taobao` WHERE `create` = '1502720236' LIMIT 1   [ RunTime:0.0004s ]
SQL: DELETE FROM `taobao` WHERE `create` = '1502720236' [ RunTime:0.0004s ]

[ 2017-08-14T22:23:08+08:00 ] 127.0.0.1 /index.php/Admin/video/taobao.html
INFO: [ app_init ] --START--
INFO: Run Behavior\BuildLiteBehavior [ RunTime:0.000013s ]
INFO: [ app_init ] --END-- [ RunTime:0.000541s ]
INFO: [ app_begin ] --START--
INFO: Run Behavior\ReadHtmlCacheBehavior [ RunTime:0.002924s ]
INFO: [ app_begin ] --END-- [ RunTime:0.002981s ]
SQL: SHOW COLUMNS FROM `taobao` [ RunTime:0.0041s ]
NOTIC: [2] Missing argument 1 for Think\Model::where(), called in C:\Users\zrkl\Desktop\jwx\jwx\Admin\Controller\VideoController.class.php on line 7 and defined C:\Users\zrkl\Desktop\jwx\ThinkPHP\Library\Think\Model.class.php 第 1797 行.
NOTIC: [8] Undefined variable: where C:\Users\zrkl\Desktop\jwx\ThinkPHP\Library\Think\Model.class.php 第 1805 行.
NOTIC: [8] Undefined variable: where C:\Users\zrkl\Desktop\jwx\ThinkPHP\Library\Think\Model.class.php 第 1808 行.
NOTIC: [8] Undefined variable: where C:\Users\zrkl\Desktop\jwx\ThinkPHP\Library\Think\Model.class.php 第 1816 行.
SQL: SELECT COUNT(*) AS tp_count FROM `taobao` LIMIT 1   [ RunTime:0.0003s ]
NOTIC: [2] Missing argument 1 for Think\Model::where(), called in C:\Users\zrkl\Desktop\jwx\jwx\Admin\Controller\VideoController.class.php on line 11 and defined C:\Users\zrkl\Desktop\jwx\ThinkPHP\Library\Think\Model.class.php 第 1797 行.
NOTIC: [8] Undefined variable: where C:\Users\zrkl\Desktop\jwx\ThinkPHP\Library\Think\Model.class.php 第 1805 行.
NOTIC: [8] Undefined variable: where C:\Users\zrkl\Desktop\jwx\ThinkPHP\Library\Think\Model.class.php 第 1808 行.
NOTIC: [8] Undefined variable: where C:\Users\zrkl\Desktop\jwx\ThinkPHP\Library\Think\Model.class.php 第 1816 行.
SQL: SELECT * FROM `taobao` ORDER BY state desc LIMIT 0,5   [ RunTime:0.0003s ]
INFO: [ view_parse ] --START--
INFO: [ template_filter ] --START--
INFO: Run Behavior\ContentReplaceBehavior [ RunTime:0.000053s ]
INFO: [ template_filter ] --END-- [ RunTime:0.000096s ]
INFO: Run Behavior\ParseTemplateBehavior [ RunTime:0.022024s ]
INFO: [ view_parse ] --END-- [ RunTime:0.022071s ]
INFO: [ view_filter ] --START--
INFO: Run Behavior\WriteHtmlCacheBehavior [ RunTime:0.002763s ]
INFO: [ view_filter ] --END-- [ RunTime:0.002799s ]
INFO: [ app_end ] --START--
INFO: Run Behavior\ShowPageTraceBehavior [ RunTime:0.003300s ]
INFO: [ app_end ] --END-- [ RunTime:0.003345s ]

[ 2017-08-14T22:23:09+08:00 ] 127.0.0.1 /index.php/Admin/dele/dele/type/1/name/1502720239.html
INFO: [ app_init ] --START--
INFO: Run Behavior\BuildLiteBehavior [ RunTime:0.000019s ]
INFO: [ app_init ] --END-- [ RunTime:0.000658s ]
INFO: [ app_begin ] --START--
INFO: Run Behavior\ReadHtmlCacheBehavior [ RunTime:0.002872s ]
INFO: [ app_begin ] --END-- [ RunTime:0.002923s ]
SQL: SHOW COLUMNS FROM `taobao` [ RunTime:0.0062s ]
SQL: SELECT `img`,`video`,`create` FROM `taobao` WHERE `create` = '1502720239' LIMIT 1   [ RunTime:0.0003s ]
SQL: DELETE FROM `taobao` WHERE `create` = '1502720239' [ RunTime:0.0004s ]

[ 2017-08-14T22:23:09+08:00 ] 127.0.0.1 /index.php/Admin/video/taobao.html
INFO: [ app_init ] --START--
INFO: Run Behavior\BuildLiteBehavior [ RunTime:0.000019s ]
INFO: [ app_init ] --END-- [ RunTime:0.000746s ]
INFO: [ app_begin ] --START--
INFO: Run Behavior\ReadHtmlCacheBehavior [ RunTime:0.003003s ]
INFO: [ app_begin ] --END-- [ RunTime:0.003069s ]
SQL: SHOW COLUMNS FROM `taobao` [ RunTime:0.0042s ]
NOTIC: [2] Missing argument 1 for Think\Model::where(), called in C:\Users\zrkl\Desktop\jwx\jwx\Admin\Controller\VideoController.class.php on line 7 and defined C:\Users\zrkl\Desktop\jwx\ThinkPHP\Library\Think\Model.class.php 第 1797 行.
NOTIC: [8] Undefined variable: where C:\Users\zrkl\Desktop\jwx\ThinkPHP\Library\Think\Model.class.php 第 1805 行.
NOTIC: [8] Undefined variable: where C:\Users\zrkl\Desktop\jwx\ThinkPHP\Library\Think\Model.class.php 第 1808 行.
NOTIC: [8] Undefined variable: where C:\Users\zrkl\Desktop\jwx\ThinkPHP\Library\Think\Model.class.php 第 1816 行.
SQL: SELECT COUNT(*) AS tp_count FROM `taobao` LIMIT 1   [ RunTime:0.0002s ]
NOTIC: [2] Missing argument 1 for Think\Model::where(), called in C:\Users\zrkl\Desktop\jwx\jwx\Admin\Controller\VideoController.class.php on line 11 and defined C:\Users\zrkl\Desktop\jwx\ThinkPHP\Library\Think\Model.class.php 第 1797 行.
NOTIC: [8] Undefined variable: where C:\Users\zrkl\Desktop\jwx\ThinkPHP\Library\Think\Model.class.php 第 1805 行.
NOTIC: [8] Undefined variable: where C:\Users\zrkl\Desktop\jwx\ThinkPHP\Library\Think\Model.class.php 第 1808 行.
NOTIC: [8] Undefined variable: where C:\Users\zrkl\Desktop\jwx\ThinkPHP\Library\Think\Model.class.php 第 1816 行.
SQL: SELECT * FROM `taobao` ORDER BY state desc LIMIT 0,5   [ RunTime:0.0004s ]
INFO: [ view_parse ] --START--
INFO: [ template_filter ] --START--
INFO: Run Behavior\ContentReplaceBehavior [ RunTime:0.000051s ]
INFO: [ template_filter ] --END-- [ RunTime:0.000095s ]
INFO: Run Behavior\ParseTemplateBehavior [ RunTime:0.022335s ]
INFO: [ view_parse ] --END-- [ RunTime:0.022382s ]
INFO: [ view_filter ] --START--
INFO: Run Behavior\WriteHtmlCacheBehavior [ RunTime:0.002678s ]
INFO: [ view_filter ] --END-- [ RunTime:0.002709s ]
INFO: [ app_end ] --START--
INFO: Run Behavior\ShowPageTraceBehavior [ RunTime:0.002723s ]
INFO: [ app_end ] --END-- [ RunTime:0.002759s ]

[ 2017-08-14T22:23:10+08:00 ] 127.0.0.1 /index.php/Admin/dele/up/type/1.html
INFO: [ app_init ] --START--
INFO: Run Behavior\BuildLiteBehavior [ RunTime:0.000032s ]
INFO: [ app_init ] --END-- [ RunTime:0.000562s ]
INFO: [ app_begin ] --START--
INFO: Run Behavior\ReadHtmlCacheBehavior [ RunTime:0.002793s ]
INFO: [ app_begin ] --END-- [ RunTime:0.002844s ]
INFO: [ view_parse ] --START--
INFO: [ template_filter ] --START--
INFO: Run Behavior\ContentReplaceBehavior [ RunTime:0.000175s ]
INFO: [ template_filter ] --END-- [ RunTime:0.000355s ]
INFO: Run Behavior\ParseTemplateBehavior [ RunTime:0.025210s ]
INFO: [ view_parse ] --END-- [ RunTime:0.025261s ]
INFO: [ view_filter ] --START--
INFO: Run Behavior\WriteHtmlCacheBehavior [ RunTime:0.002820s ]
INFO: [ view_filter ] --END-- [ RunTime:0.002857s ]
INFO: [ app_end ] --START--
INFO: Run Behavior\ShowPageTraceBehavior [ RunTime:0.003090s ]
INFO: [ app_end ] --END-- [ RunTime:0.003157s ]

[ 2017-08-14T22:23:28+08:00 ] 127.0.0.1 /index.php/Admin/Dele/upimg.html
INFO: [ app_init ] --START--
INFO: Run Behavior\BuildLiteBehavior [ RunTime:0.000013s ]
INFO: [ app_init ] --END-- [ RunTime:0.000569s ]
INFO: [ app_begin ] --START--
INFO: Run Behavior\ReadHtmlCacheBehavior [ RunTime:0.002847s ]
INFO: [ app_begin ] --END-- [ RunTime:0.002918s ]
NOTIC: [2] mkdir(): File exists C:\Users\zrkl\Desktop\jwx\jwx\Admin\Controller\DeleController.class.php 第 21 行.
NOTIC: [2] call_user_func() expects parameter 1 to be a valid callback, no array or string given C:\Users\zrkl\Desktop\jwx\ThinkPHP\Library\Think\Upload.class.php 第 170 行.
NOTIC: [2] finfo_file(C:\Users\zrkl\Desktop\upupw\UPUPW_NP5.6\temp\phpA0CF.tmp): failed to open stream: No such file or directory C:\Users\zrkl\Desktop\jwx\ThinkPHP\Library\Think\Upload.class.php 第 152 行.
NOTIC: [2] call_user_func() expects parameter 1 to be a valid callback, no array or string given C:\Users\zrkl\Desktop\jwx\ThinkPHP\Library\Think\Upload.class.php 第 170 行.
SQL: SHOW COLUMNS FROM `taobao` [ RunTime:0.0041s ]
SQL: INSERT INTO `taobao` (`img`,`name`,`video`,`create`,`type`,`state`,`content`) VALUES ('/Upload/Taobao/1502720608/Project_pic/20170814/5991b2604cbc5.jpg','h','/Upload/Taobao/1502720608/Project_doc/20170814/5991b26072c69.mp4','1502720608','企业宣传片','7','d ') [ RunTime:0.0003s ]

[ 2017-08-14T22:23:28+08:00 ] 127.0.0.1 /index.php/Admin/video/taobao.html
INFO: [ app_init ] --START--
INFO: Run Behavior\BuildLiteBehavior [ RunTime:0.000012s ]
INFO: [ app_init ] --END-- [ RunTime:0.000469s ]
INFO: [ app_begin ] --START--
INFO: Run Behavior\ReadHtmlCacheBehavior [ RunTime:0.002868s ]
INFO: [ app_begin ] --END-- [ RunTime:0.002922s ]
SQL: SHOW COLUMNS FROM `taobao` [ RunTime:0.0047s ]
NOTIC: [2] Missing argument 1 for Think\Model::where(), called in C:\Users\zrkl\Desktop\jwx\jwx\Admin\Controller\VideoController.class.php on line 7 and defined C:\Users\zrkl\Desktop\jwx\ThinkPHP\Library\Think\Model.class.php 第 1797 行.
NOTIC: [8] Undefined variable: where C:\Users\zrkl\Desktop\jwx\ThinkPHP\Library\Think\Model.class.php 第 1805 行.
NOTIC: [8] Undefined variable: where C:\Users\zrkl\Desktop\jwx\ThinkPHP\Library\Think\Model.class.php 第 1808 行.
NOTIC: [8] Undefined variable: where C:\Users\zrkl\Desktop\jwx\ThinkPHP\Library\Think\Model.class.php 第 1816 行.
SQL: SELECT COUNT(*) AS tp_count FROM `taobao` LIMIT 1   [ RunTime:0.0003s ]
NOTIC: [2] Missing argument 1 for Think\Model::where(), called in C:\Users\zrkl\Desktop\jwx\jwx\Admin\Controller\VideoController.class.php on line 11 and defined C:\Users\zrkl\Desktop\jwx\ThinkPHP\Library\Think\Model.class.php 第 1797 行.
NOTIC: [8] Undefined variable: where C:\Users\zrkl\Desktop\jwx\ThinkPHP\Library\Think\Model.class.php 第 1805 行.
NOTIC: [8] Undefined variable: where C:\Users\zrkl\Desktop\jwx\ThinkPHP\Library\Think\Model.class.php 第 1808 行.
NOTIC: [8] Undefined variable: where C:\Users\zrkl\Desktop\jwx\ThinkPHP\Library\Think\Model.class.php 第 1816 行.
SQL: SELECT * FROM `taobao` ORDER BY state desc LIMIT 0,5   [ RunTime:0.0005s ]
INFO: [ view_parse ] --START--
INFO: [ template_filter ] --START--
INFO: Run Behavior\ContentReplaceBehavior [ RunTime:0.000052s ]
INFO: [ template_filter ] --END-- [ RunTime:0.000095s ]
INFO: Run Behavior\ParseTemplateBehavior [ RunTime:0.021479s ]
INFO: [ view_parse ] --END-- [ RunTime:0.021531s ]
INFO: [ view_filter ] --START--
INFO: Run Behavior\WriteHtmlCacheBehavior [ RunTime:0.002802s ]
INFO: [ view_filter ] --END-- [ RunTime:0.002837s ]
INFO: [ app_end ] --START--
INFO: Run Behavior\ShowPageTraceBehavior [ RunTime:0.002807s ]
INFO: [ app_end ] --END-- [ RunTime:0.002886s ]

[ 2017-08-14T22:23:41+08:00 ] 127.0.0.1 /index.php/Admin/Dele/upimg.html
INFO: [ app_init ] --START--
INFO: Run Behavior\BuildLiteBehavior [ RunTime:0.000013s ]
INFO: [ app_init ] --END-- [ RunTime:0.000542s ]
INFO: [ app_begin ] --START--
INFO: Run Behavior\ReadHtmlCacheBehavior [ RunTime:0.003091s ]
INFO: [ app_begin ] --END-- [ RunTime:0.003150s ]
NOTIC: [2] mkdir(): File exists C:\Users\zrkl\Desktop\jwx\jwx\Admin\Controller\DeleController.class.php 第 21 行.
NOTIC: [2] call_user_func() expects parameter 1 to be a valid callback, no array or string given C:\Users\zrkl\Desktop\jwx\ThinkPHP\Library\Think\Upload.class.php 第 170 行.
NOTIC: [2] finfo_file(C:\Users\zrkl\Desktop\upupw\UPUPW_NP5.6\temp\phpD22E.tmp): failed to open stream: No such file or directory C:\Users\zrkl\Desktop\jwx\ThinkPHP\Library\Think\Upload.class.php 第 152 行.
NOTIC: [2] call_user_func() expects parameter 1 to be a valid callback, no array or string given C:\Users\zrkl\Desktop\jwx\ThinkPHP\Library\Think\Upload.class.php 第 170 行.
SQL: SHOW COLUMNS FROM `taobao` [ RunTime:0.0045s ]
SQL: INSERT INTO `taobao` (`img`,`name`,`video`,`create`,`type`,`state`,`content`) VALUES ('/Upload/Taobao/1502720620/Project_pic/20170814/5991b26ce7a4f.jpg','h','/Upload/Taobao/1502720621/Project_doc/20170814/5991b26d1ad60.mp4','1502720621','企业宣传片','7','d ') [ RunTime:0.0003s ]

[ 2017-08-14T22:23:41+08:00 ] 127.0.0.1 /index.php/Admin/video/taobao.html
INFO: [ app_init ] --START--
INFO: Run Behavior\BuildLiteBehavior [ RunTime:0.000014s ]
INFO: [ app_init ] --END-- [ RunTime:0.000629s ]
INFO: [ app_begin ] --START--
INFO: Run Behavior\ReadHtmlCacheBehavior [ RunTime:0.002675s ]
INFO: [ app_begin ] --END-- [ RunTime:0.002725s ]
SQL: SHOW COLUMNS FROM `taobao` [ RunTime:0.0042s ]
NOTIC: [2] Missing argument 1 for Think\Model::where(), called in C:\Users\zrkl\Desktop\jwx\jwx\Admin\Controller\VideoController.class.php on line 7 and defined C:\Users\zrkl\Desktop\jwx\ThinkPHP\Library\Think\Model.class.php 第 1797 行.
NOTIC: [8] Undefined variable: where C:\Users\zrkl\Desktop\jwx\ThinkPHP\Library\Think\Model.class.php 第 1805 行.
NOTIC: [8] Undefined variable: where C:\Users\zrkl\Desktop\jwx\ThinkPHP\Library\Think\Model.class.php 第 1808 行.
NOTIC: [8] Undefined variable: where C:\Users\zrkl\Desktop\jwx\ThinkPHP\Library\Think\Model.class.php 第 1816 行.
SQL: SELECT COUNT(*) AS tp_count FROM `taobao` LIMIT 1   [ RunTime:0.0004s ]
NOTIC: [2] Missing argument 1 for Think\Model::where(), called in C:\Users\zrkl\Desktop\jwx\jwx\Admin\Controller\VideoController.class.php on line 11 and defined C:\Users\zrkl\Desktop\jwx\ThinkPHP\Library\Think\Model.class.php 第 1797 行.
NOTIC: [8] Undefined variable: where C:\Users\zrkl\Desktop\jwx\ThinkPHP\Library\Think\Model.class.php 第 1805 行.
NOTIC: [8] Undefined variable: where C:\Users\zrkl\Desktop\jwx\ThinkPHP\Library\Think\Model.class.php 第 1808 行.
NOTIC: [8] Undefined variable: where C:\Users\zrkl\Desktop\jwx\ThinkPHP\Library\Think\Model.class.php 第 1816 行.
SQL: SELECT * FROM `taobao` ORDER BY state desc LIMIT 0,5   [ RunTime:0.0004s ]
INFO: [ view_parse ] --START--
INFO: [ template_filter ] --START--
INFO: Run Behavior\ContentReplaceBehavior [ RunTime:0.000061s ]
INFO: [ template_filter ] --END-- [ RunTime:0.000115s ]
INFO: Run Behavior\ParseTemplateBehavior [ RunTime:0.024844s ]
INFO: [ view_parse ] --END-- [ RunTime:0.024897s ]
INFO: [ view_filter ] --START--
INFO: Run Behavior\WriteHtmlCacheBehavior [ RunTime:0.002965s ]
INFO: [ view_filter ] --END-- [ RunTime:0.003008s ]
INFO: [ app_end ] --START--
INFO: Run Behavior\ShowPageTraceBehavior [ RunTime:0.002875s ]
INFO: [ app_end ] --END-- [ RunTime:0.002928s ]

[ 2017-08-14T22:23:49+08:00 ] 127.0.0.1 /index.php/Admin/Dele/upimg.html
INFO: [ app_init ] --START--
INFO: Run Behavior\BuildLiteBehavior [ RunTime:0.000013s ]
INFO: [ app_init ] --END-- [ RunTime:0.000586s ]
INFO: [ app_begin ] --START--
INFO: Run Behavior\ReadHtmlCacheBehavior [ RunTime:0.003119s ]
INFO: [ app_begin ] --END-- [ RunTime:0.003191s ]
NOTIC: [2] mkdir(): File exists C:\Users\zrkl\Desktop\jwx\jwx\Admin\Controller\DeleController.class.php 第 21 行.
NOTIC: [2] call_user_func() expects parameter 1 to be a valid callback, no array or string given C:\Users\zrkl\Desktop\jwx\ThinkPHP\Library\Think\Upload.class.php 第 170 行.
NOTIC: [2] finfo_file(C:\Users\zrkl\Desktop\upupw\UPUPW_NP5.6\temp\phpF392.tmp): failed to open stream: No such file or directory C:\Users\zrkl\Desktop\jwx\ThinkPHP\Library\Think\Upload.class.php 第 152 行.
NOTIC: [2] call_user_func() expects parameter 1 to be a valid callback, no array or string given C:\Users\zrkl\Desktop\jwx\ThinkPHP\Library\Think\Upload.class.php 第 170 行.
SQL: SHOW COLUMNS FROM `taobao` [ RunTime:0.0045s ]
SQL: INSERT INTO `taobao` (`img`,`name`,`video`,`create`,`type`,`state`,`content`) VALUES ('/Upload/Taobao/1502720629/Project_pic/20170814/5991b2757c578.jpg','h','/Upload/Taobao/1502720629/Project_doc/20170814/5991b275ba8cf.mp4','1502720629','企业宣传片','7','d ') [ RunTime:0.0004s ]

[ 2017-08-14T22:23:49+08:00 ] 127.0.0.1 /index.php/Admin/video/taobao.html
INFO: [ app_init ] --START--
INFO: Run Behavior\BuildLiteBehavior [ RunTime:0.000019s ]
INFO: [ app_init ] --END-- [ RunTime:0.000658s ]
INFO: [ app_begin ] --START--
INFO: Run Behavior\ReadHtmlCacheBehavior [ RunTime:0.003260s ]
INFO: [ app_begin ] --END-- [ RunTime:0.003326s ]
SQL: SHOW COLUMNS FROM `taobao` [ RunTime:0.0041s ]
NOTIC: [2] Missing argument 1 for Think\Model::where(), called in C:\Users\zrkl\Desktop\jwx\jwx\Admin\Controller\VideoController.class.php on line 7 and defined C:\Users\zrkl\Desktop\jwx\ThinkPHP\Library\Think\Model.class.php 第 1797 行.
NOTIC: [8] Undefined variable: where C:\Users\zrkl\Desktop\jwx\ThinkPHP\Library\Think\Model.class.php 第 1805 行.
NOTIC: [8] Undefined variable: where C:\Users\zrkl\Desktop\jwx\ThinkPHP\Library\Think\Model.class.php 第 1808 行.
NOTIC: [8] Undefined variable: where C:\Users\zrkl\Desktop\jwx\ThinkPHP\Library\Think\Model.class.php 第 1816 行.
SQL: SELECT COUNT(*) AS tp_count FROM `taobao` LIMIT 1   [ RunTime:0.0003s ]
NOTIC: [2] Missing argument 1 for Think\Model::where(), called in C:\Users\zrkl\Desktop\jwx\jwx\Admin\Controller\VideoController.class.php on line 11 and defined C:\Users\zrkl\Desktop\jwx\ThinkPHP\Library\Think\Model.class.php 第 1797 行.
NOTIC: [8] Undefined variable: where C:\Users\zrkl\Desktop\jwx\ThinkPHP\Library\Think\Model.class.php 第 1805 行.
NOTIC: [8] Undefined variable: where C:\Users\zrkl\Desktop\jwx\ThinkPHP\Library\Think\Model.class.php 第 1808 行.
NOTIC: [8] Undefined variable: where C:\Users\zrkl\Desktop\jwx\ThinkPHP\Library\Think\Model.class.php 第 1816 行.
SQL: SELECT * FROM `taobao` ORDER BY state desc LIMIT 0,5   [ RunTime:0.0005s ]
INFO: [ view_parse ] --START--
INFO: [ template_filter ] --START--
INFO: Run Behavior\ContentReplaceBehavior [ RunTime:0.000055s ]
INFO: [ template_filter ] --END-- [ RunTime:0.000101s ]
INFO: Run Behavior\ParseTemplateBehavior [ RunTime:0.022969s ]
INFO: [ view_parse ] --END-- [ RunTime:0.023023s ]
INFO: [ view_filter ] --START--
INFO: Run Behavior\WriteHtmlCacheBehavior [ RunTime:0.002871s ]
INFO: [ view_filter ] --END-- [ RunTime:0.002906s ]
INFO: [ app_end ] --START--
INFO: Run Behavior\ShowPageTraceBehavior [ RunTime:0.003282s ]
INFO: [ app_end ] --END-- [ RunTime:0.003326s ]

[ 2017-08-14T22:23:52+08:00 ] 127.0.0.1 /index.php/Admin/Dele/upimg.html
INFO: [ app_init ] --START--
INFO: Run Behavior\BuildLiteBehavior [ RunTime:0.000013s ]
INFO: [ app_init ] --END-- [ RunTime:0.000538s ]
INFO: [ app_begin ] --START--
INFO: Run Behavior\ReadHtmlCacheBehavior [ RunTime:0.002754s ]
INFO: [ app_begin ] --END-- [ RunTime:0.002806s ]
NOTIC: [2] mkdir(): File exists C:\Users\zrkl\Desktop\jwx\jwx\Admin\Controller\DeleController.class.php 第 21 行.
NOTIC: [2] call_user_func() expects parameter 1 to be a valid callback, no array or string given C:\Users\zrkl\Desktop\jwx\ThinkPHP\Library\Think\Upload.class.php 第 170 行.
NOTIC: [2] finfo_file(C:\Users\zrkl\Desktop\upupw\UPUPW_NP5.6\temp\phpFFAA.tmp): failed to open stream: No such file or directory C:\Users\zrkl\Desktop\jwx\ThinkPHP\Library\Think\Upload.class.php 第 152 行.
NOTIC: [2] call_user_func() expects parameter 1 to be a valid callback, no array or string given C:\Users\zrkl\Desktop\jwx\ThinkPHP\Library\Think\Upload.class.php 第 170 行.
SQL: SHOW COLUMNS FROM `taobao` [ RunTime:0.0051s ]
SQL: INSERT INTO `taobao` (`img`,`name`,`video`,`create`,`type`,`state`,`content`) VALUES ('/Upload/Taobao/1502720632/Project_pic/20170814/5991b2789bbf3.jpg','h','/Upload/Taobao/1502720632/Project_doc/20170814/5991b278c9c7d.mp4','1502720632','企业宣传片','7','d ') [ RunTime:0.0003s ]

[ 2017-08-14T22:23:52+08:00 ] 127.0.0.1 /index.php/Admin/video/taobao.html
INFO: [ app_init ] --START--
INFO: Run Behavior\BuildLiteBehavior [ RunTime:0.000014s ]
INFO: [ app_init ] --END-- [ RunTime:0.000558s ]
INFO: [ app_begin ] --START--
INFO: Run Behavior\ReadHtmlCacheBehavior [ RunTime:0.002913s ]
INFO: [ app_begin ] --END-- [ RunTime:0.002969s ]
SQL: SHOW COLUMNS FROM `taobao` [ RunTime:0.0044s ]
NOTIC: [2] Missing argument 1 for Think\Model::where(), called in C:\Users\zrkl\Desktop\jwx\jwx\Admin\Controller\VideoController.class.php on line 7 and defined C:\Users\zrkl\Desktop\jwx\ThinkPHP\Library\Think\Model.class.php 第 1797 行.
NOTIC: [8] Undefined variable: where C:\Users\zrkl\Desktop\jwx\ThinkPHP\Library\Think\Model.class.php 第 1805 行.
NOTIC: [8] Undefined variable: where C:\Users\zrkl\Desktop\jwx\ThinkPHP\Library\Think\Model.class.php 第 1808 行.
NOTIC: [8] Undefined variable: where C:\Users\zrkl\Desktop\jwx\ThinkPHP\Library\Think\Model.class.php 第 1816 行.
SQL: SELECT COUNT(*) AS tp_count FROM `taobao` LIMIT 1   [ RunTime:0.0003s ]
NOTIC: [2] Missing argument 1 for Think\Model::where(), called in C:\Users\zrkl\Desktop\jwx\jwx\Admin\Controller\VideoController.class.php on line 11 and defined C:\Users\zrkl\Desktop\jwx\ThinkPHP\Library\Think\Model.class.php 第 1797 行.
NOTIC: [8] Undefined variable: where C:\Users\zrkl\Desktop\jwx\ThinkPHP\Library\Think\Model.class.php 第 1805 行.
NOTIC: [8] Undefined variable: where C:\Users\zrkl\Desktop\jwx\ThinkPHP\Library\Think\Model.class.php 第 1808 行.
NOTIC: [8] Undefined variable: where C:\Users\zrkl\Desktop\jwx\ThinkPHP\Library\Think\Model.class.php 第 1816 行.
SQL: SELECT * FROM `taobao` ORDER BY state desc LIMIT 0,5   [ RunTime:0.0005s ]
INFO: [ view_parse ] --START--
INFO: [ template_filter ] --START--
INFO: Run Behavior\ContentReplaceBehavior [ RunTime:0.000054s ]
INFO: [ template_filter ] --END-- [ RunTime:0.000104s ]
INFO: Run Behavior\ParseTemplateBehavior [ RunTime:0.029600s ]
INFO: [ view_parse ] --END-- [ RunTime:0.029673s ]
INFO: [ view_filter ] --START--
INFO: Run Behavior\WriteHtmlCacheBehavior [ RunTime:0.003948s ]
INFO: [ view_filter ] --END-- [ RunTime:0.004001s ]
INFO: [ app_end ] --START--
INFO: Run Behavior\ShowPageTraceBehavior [ RunTime:0.003688s ]
INFO: [ app_end ] --END-- [ RunTime:0.003763s ]

[ 2017-08-14T22:30:05+08:00 ] 127.0.0.1 /index.php/Admin/dele/up/type/1.html
INFO: [ app_init ] --START--
INFO: Run Behavior\BuildLiteBehavior [ RunTime:0.000013s ]
INFO: [ app_init ] --END-- [ RunTime:0.000531s ]
INFO: [ app_begin ] --START--
INFO: Run Behavior\ReadHtmlCacheBehavior [ RunTime:0.002899s ]
INFO: [ app_begin ] --END-- [ RunTime:0.002952s ]
INFO: [ view_parse ] --START--
INFO: [ template_filter ] --START--
INFO: Run Behavior\ContentReplaceBehavior [ RunTime:0.000057s ]
INFO: [ template_filter ] --END-- [ RunTime:0.000104s ]
INFO: Run Behavior\ParseTemplateBehavior [ RunTime:0.023960s ]
INFO: [ view_parse ] --END-- [ RunTime:0.024015s ]
INFO: [ view_filter ] --START--
INFO: Run Behavior\WriteHtmlCacheBehavior [ RunTime:0.003358s ]
INFO: [ view_filter ] --END-- [ RunTime:0.003405s ]
INFO: [ app_end ] --START--
INFO: Run Behavior\ShowPageTraceBehavior [ RunTime:0.002900s ]
INFO: [ app_end ] --END-- [ RunTime:0.002939s ]

[ 2017-08-14T22:30:10+08:00 ] 127.0.0.1 /index.php/Admin/Dele/upimg.html
INFO: [ app_init ] --START--
INFO: Run Behavior\BuildLiteBehavior [ RunTime:0.000014s ]
INFO: [ app_init ] --END-- [ RunTime:0.000558s ]
INFO: [ app_begin ] --START--
INFO: Run Behavior\ReadHtmlCacheBehavior [ RunTime:0.002718s ]
INFO: [ app_begin ] --END-- [ RunTime:0.002780s ]
NOTIC: [2] mkdir(): File exists C:\Users\zrkl\Desktop\jwx\jwx\Admin\Controller\DeleController.class.php 第 21 行.
NOTIC: [2] call_user_func() expects parameter 1 to be a valid callback, no array or string given C:\Users\zrkl\Desktop\jwx\ThinkPHP\Library\Think\Upload.class.php 第 170 行.
NOTIC: [2] finfo_file(C:\Users\zrkl\Desktop\upupw\UPUPW_NP5.6\temp\phpC39C.tmp): failed to open stream: No such file or directory C:\Users\zrkl\Desktop\jwx\ThinkPHP\Library\Think\Upload.class.php 第 152 行.
NOTIC: [2] call_user_func() expects parameter 1 to be a valid callback, no array or string given C:\Users\zrkl\Desktop\jwx\ThinkPHP\Library\Think\Upload.class.php 第 170 行.
SQL: SHOW COLUMNS FROM `taobao` [ RunTime:0.0217s ]
SQL: INSERT INTO `taobao` (`img`,`name`,`video`,`create`,`type`,`state`,`content`) VALUES ('/Upload/Taobao/1502721010/Project_pic/20170814/5991b3f268a02.jpeg','h','/Upload/Taobao/1502721010/Project_doc/20170814/5991b3f284464.mp4','1502721010','企业宣传片','7','d ') [ RunTime:0.0004s ]

[ 2017-08-14T22:30:10+08:00 ] 127.0.0.1 /index.php/Admin/video/taobao.html
INFO: [ app_init ] --START--
INFO: Run Behavior\BuildLiteBehavior [ RunTime:0.000014s ]
INFO: [ app_init ] --END-- [ RunTime:0.000504s ]
INFO: [ app_begin ] --START--
INFO: Run Behavior\ReadHtmlCacheBehavior [ RunTime:0.002927s ]
INFO: [ app_begin ] --END-- [ RunTime:0.002985s ]
SQL: SHOW COLUMNS FROM `taobao` [ RunTime:0.0043s ]
NOTIC: [2] Missing argument 1 for Think\Model::where(), called in C:\Users\zrkl\Desktop\jwx\jwx\Admin\Controller\VideoController.class.php on line 7 and defined C:\Users\zrkl\Desktop\jwx\ThinkPHP\Library\Think\Model.class.php 第 1797 行.
NOTIC: [8] Undefined variable: where C:\Users\zrkl\Desktop\jwx\ThinkPHP\Library\Think\Model.class.php 第 1805 行.
NOTIC: [8] Undefined variable: where C:\Users\zrkl\Desktop\jwx\ThinkPHP\Library\Think\Model.class.php 第 1808 行.
NOTIC: [8] Undefined variable: where C:\Users\zrkl\Desktop\jwx\ThinkPHP\Library\Think\Model.class.php 第 1816 行.
SQL: SELECT COUNT(*) AS tp_count FROM `taobao` LIMIT 1   [ RunTime:0.0003s ]
NOTIC: [2] Missing argument 1 for Think\Model::where(), called in C:\Users\zrkl\Desktop\jwx\jwx\Admin\Controller\VideoController.class.php on line 11 and defined C:\Users\zrkl\Desktop\jwx\ThinkPHP\Library\Think\Model.class.php 第 1797 行.
NOTIC: [8] Undefined variable: where C:\Users\zrkl\Desktop\jwx\ThinkPHP\Library\Think\Model.class.php 第 1805 行.
NOTIC: [8] Undefined variable: where C:\Users\zrkl\Desktop\jwx\ThinkPHP\Library\Think\Model.class.php 第 1808 行.
NOTIC: [8] Undefined variable: where C:\Users\zrkl\Desktop\jwx\ThinkPHP\Library\Think\Model.class.php 第 1816 行.
SQL: SELECT * FROM `taobao` ORDER BY state desc LIMIT 0,5   [ RunTime:0.0004s ]
INFO: [ view_parse ] --START--
INFO: [ template_filter ] --START--
INFO: Run Behavior\ContentReplaceBehavior [ RunTime:0.000054s ]
INFO: [ template_filter ] --END-- [ RunTime:0.000097s ]
INFO: Run Behavior\ParseTemplateBehavior [ RunTime:0.022483s ]
INFO: [ view_parse ] --END-- [ RunTime:0.022535s ]
INFO: [ view_filter ] --START--
INFO: Run Behavior\WriteHtmlCacheBehavior [ RunTime:0.002995s ]
INFO: [ view_filter ] --END-- [ RunTime:0.003051s ]
INFO: [ app_end ] --START--
INFO: Run Behavior\ShowPageTraceBehavior [ RunTime:0.002831s ]
INFO: [ app_end ] --END-- [ RunTime:0.002881s ]

[ 2017-08-14T22:30:15+08:00 ] 127.0.0.1 /index.php/Admin/Dele/upimg.html
INFO: [ app_init ] --START--
INFO: Run Behavior\BuildLiteBehavior [ RunTime:0.000013s ]
INFO: [ app_init ] --END-- [ RunTime:0.000584s ]
INFO: [ app_begin ] --START--
INFO: Run Behavior\ReadHtmlCacheBehavior [ RunTime:0.003452s ]
INFO: [ app_begin ] --END-- [ RunTime:0.003532s ]
NOTIC: [2] mkdir(): File exists C:\Users\zrkl\Desktop\jwx\jwx\Admin\Controller\DeleController.class.php 第 21 行.
NOTIC: [2] call_user_func() expects parameter 1 to be a valid callback, no array or string given C:\Users\zrkl\Desktop\jwx\ThinkPHP\Library\Think\Upload.class.php 第 170 行.
NOTIC: [2] finfo_file(C:\Users\zrkl\Desktop\upupw\UPUPW_NP5.6\temp\phpD62C.tmp): failed to open stream: No such file or directory C:\Users\zrkl\Desktop\jwx\ThinkPHP\Library\Think\Upload.class.php 第 152 行.
NOTIC: [2] call_user_func() expects parameter 1 to be a valid callback, no array or string given C:\Users\zrkl\Desktop\jwx\ThinkPHP\Library\Think\Upload.class.php 第 170 行.
SQL: SHOW COLUMNS FROM `taobao` [ RunTime:0.0047s ]
SQL: INSERT INTO `taobao` (`img`,`name`,`video`,`create`,`type`,`state`,`content`) VALUES ('/Upload/Taobao/1502721015/Project_pic/20170814/5991b3f738a6d.jpeg','h','/Upload/Taobao/1502721015/Project_doc/20170814/5991b3f754ef3.mp4','1502721015','企业宣传片','7','d ') [ RunTime:0.0003s ]

[ 2017-08-14T22:30:15+08:00 ] 127.0.0.1 /index.php/Admin/video/taobao.html
INFO: [ app_init ] --START--
INFO: Run Behavior\BuildLiteBehavior [ RunTime:0.000017s ]
INFO: [ app_init ] --END-- [ RunTime:0.000783s ]
INFO: [ app_begin ] --START--
INFO: Run Behavior\ReadHtmlCacheBehavior [ RunTime:0.002742s ]
INFO: [ app_begin ] --END-- [ RunTime:0.002792s ]
SQL: SHOW COLUMNS FROM `taobao` [ RunTime:0.0044s ]
NOTIC: [2] Missing argument 1 for Think\Model::where(), called in C:\Users\zrkl\Desktop\jwx\jwx\Admin\Controller\VideoController.class.php on line 7 and defined C:\Users\zrkl\Desktop\jwx\ThinkPHP\Library\Think\Model.class.php 第 1797 行.
NOTIC: [8] Undefined variable: where C:\Users\zrkl\Desktop\jwx\ThinkPHP\Library\Think\Model.class.php 第 1805 行.
NOTIC: [8] Undefined variable: where C:\Users\zrkl\Desktop\jwx\ThinkPHP\Library\Think\Model.class.php 第 1808 行.
NOTIC: [8] Undefined variable: where C:\Users\zrkl\Desktop\jwx\ThinkPHP\Library\Think\Model.class.php 第 1816 行.
SQL: SELECT COUNT(*) AS tp_count FROM `taobao` LIMIT 1   [ RunTime:0.0003s ]
NOTIC: [2] Missing argument 1 for Think\Model::where(), called in C:\Users\zrkl\Desktop\jwx\jwx\Admin\Controller\VideoController.class.php on line 11 and defined C:\Users\zrkl\Desktop\jwx\ThinkPHP\Library\Think\Model.class.php 第 1797 行.
NOTIC: [8] Undefined variable: where C:\Users\zrkl\Desktop\jwx\ThinkPHP\Library\Think\Model.class.php 第 1805 行.
NOTIC: [8] Undefined variable: where C:\Users\zrkl\Desktop\jwx\ThinkPHP\Library\Think\Model.class.php 第 1808 行.
NOTIC: [8] Undefined variable: where C:\Users\zrkl\Desktop\jwx\ThinkPHP\Library\Think\Model.class.php 第 1816 行.
SQL: SELECT * FROM `taobao` ORDER BY state desc LIMIT 0,5   [ RunTime:0.0006s ]
INFO: [ view_parse ] --START--
INFO: [ template_filter ] --START--
INFO: Run Behavior\ContentReplaceBehavior [ RunTime:0.000054s ]
INFO: [ template_filter ] --END-- [ RunTime:0.000097s ]
INFO: Run Behavior\ParseTemplateBehavior [ RunTime:0.023880s ]
INFO: [ view_parse ] --END-- [ RunTime:0.023940s ]
INFO: [ view_filter ] --START--
INFO: Run Behavior\WriteHtmlCacheBehavior [ RunTime:0.003290s ]
INFO: [ view_filter ] --END-- [ RunTime:0.003339s ]
INFO: [ app_end ] --START--
INFO: Run Behavior\ShowPageTraceBehavior [ RunTime:0.003071s ]
INFO: [ app_end ] --END-- [ RunTime:0.003133s ]

